------------------------------
  Elements     Atomic Weight  
------------------------------
  1.	C         12.01099968
  2.	H          1.00800002
  3.	O         15.99899960
  4.	AR        39.94800186
------------------------------


--------------------------------------------------------------------------------------------------------------
                                                Molecular        Temperature        Elements
  Species                  Phase  Charge         weight         Low      High       C       H       O      AR
--------------------------------------------------------------------------------------------------------------
    1. AR                    G      0           39.948002    200.00   6000.00       0       0       0       1
    2. W4_L                  G      0           82.101998    300.00   4000.00       5       6       1       0
    3. W3                    G      0           82.101998    300.00   4000.00       5       6       1       0
    4. R                     G      0           81.093998    300.00   4000.00       5       5       1       0
    5. P1                    G      0           81.093998    300.00   4000.00       5       5       1       0
    6. P2_L                  G      0           81.093998    300.00   4000.00       5       5       1       0
    7. P3                    G      0           81.093998    300.00   4000.00       5       5       1       0
    8. P4                    G      0           81.093998    300.00   4000.00       5       5       1       0
    9. OH                    G      0            1.008000    300.00   4000.00       0       1       0       0
   10. CO                    G      0            1.008000    300.00   4000.00       0       1       0       0
   11. H                     G      0            1.008000    300.00   4000.00       0       1       0       0
   12. HCO                   G      0            1.008000    300.00   4000.00       0       1       0       0
--------------------------------------------------------------------------------------------------------------

--------------------------------------------------------------------------------------------------------------
                                                Molecular        Temperature        Elements
  Species                  Phase  Charge         weight         Low      High       C       H       O      AR
--------------------------------------------------------------------------------------------------------------
    1. AR                    G      0           39.948002    200.00   6000.00       0       0       0       1
    9. OH                    G      0            1.008000    300.00   4000.00       0       1       0       0
   10. CO                    G      0            1.008000    300.00   4000.00       0       1       0       0
   11. H                     G      0            1.008000    300.00   4000.00       0       1       0       0
   12. HCO                   G      0            1.008000    300.00   4000.00       0       1       0       0
    4. R                     G      0           81.093998    300.00   4000.00       5       5       1       0
    5. P1                    G      0           81.093998    300.00   4000.00       5       5       1       0
    6. P2_L                  G      0           81.093998    300.00   4000.00       5       5       1       0
    7. P3                    G      0           81.093998    300.00   4000.00       5       5       1       0
    8. P4                    G      0           81.093998    300.00   4000.00       5       5       1       0
    2. W4_L                  G      0           82.101998    300.00   4000.00       5       6       1       0
    3. W3                    G      0           82.101998    300.00   4000.00       5       6       1       0
--------------------------------------------------------------------------------------------------------------

---------------------------------------------------------------------------------------
                                  CHEMICAL REACTIONS                                   

                          Units: [mol, cm3, s] and [cal/mol]                           
---------------------------------------------------------------------------------------


      1. R + OH  => W4_L 
         k:       1.630000e+70	  -17.27      23865.69
         Pressure Logarithmic Interpolation
         1	1.000000e-02	1.630000e+70	  -17.27      23865.69
         2	1.000000e-01	3.080000e+62	  -14.67      22562.26
         3	1.000000e+00	1.010000e+52	  -11.38      18934.54
         4	1.000000e+01	8.020000e+50	  -10.75      22753.72
         5	1.000000e+02	3.230000e+34	   -6.00      13071.38


      2. R + OH  => W4_L 
         k:       5.000000e+00	  -26.79      32059.51
         Pressure Logarithmic Interpolation
         1	1.000000e-02	5.000000e+00	  -26.79      32059.51
         2	1.000000e-01	5.000000e+00	  -26.87      31684.18
         3	1.000000e+00	5.000000e+00	  -26.79      32059.51
         4	1.000000e+01	5.000000e+99	  -26.87      31684.18
         5	1.000000e+02	5.000000e+99	  -26.87      31684.18


      3. R + OH  => P1 + CO 
         k:       8.550000e+34	   -6.27      13948.90
         Pressure Logarithmic Interpolation
         1	1.000000e-02	8.550000e+34	   -6.27      13948.90
         2	1.000000e-01	1.160000e+38	   -7.05      19365.88
         3	1.000000e+00	1.470000e+35	   -6.11      21723.36
         4	1.000000e+01	2.320000e+28	   -4.08      22599.49
         5	1.000000e+02	1.440000e+17	   -0.82      21865.82


      4. R + OH  => P2_L + H 
         k:       2.650000e+29	   -4.45      13444.70
         Pressure Logarithmic Interpolation
         1	1.000000e-02	2.650000e+29	   -4.45      13444.70
         2	1.000000e-01	1.010000e+34	   -5.64      19502.42
         3	1.000000e+00	2.850000e+32	   -5.09      22417.39
         4	1.000000e+01	2.780000e+22	   -2.18      19979.76
         5	1.000000e+02	3.810000e+07	    2.02      13974.75


      5. R + OH  => P3 + H 
         k:       7.470000e+23	   -2.87      13708.33
         Pressure Logarithmic Interpolation
         1	1.000000e-02	7.470000e+23	   -2.87      13708.33
         2	1.000000e-01	2.940000e+29	   -4.35      20064.07
         3	1.000000e+00	1.390000e+30	   -4.43      24237.74
         4	1.000000e+01	4.220000e+21	   -1.93      22692.14
         5	1.000000e+02	6.790000e+04	    2.81      14879.37


      6. P1 + CO  => W4_L 
         k:       1.450000e+40	   -9.10      65911.96
         Pressure Logarithmic Interpolation
         1	1.000000e-02	1.450000e+40	   -9.10      65911.96
         2	1.000000e-01	3.190000e+34	   -7.27      64755.28
         3	1.000000e+00	1.020000e+27	   -4.96      61919.94
         4	1.000000e+01	1.520000e+19	   -2.61      58487.14
         5	1.000000e+02	1.380000e+09	    0.33      53069.93


      7. P1 + CO  => W3 
         k:       7.100000e+25	   -4.74      60348.95
         Pressure Logarithmic Interpolation
         1	1.000000e-02	7.100000e+25	   -4.74      60348.95
         2	1.000000e-01	2.450000e+20	   -3.04      58604.24
         3	1.000000e+00	4.150000e+16	   -1.89      57153.32
         4	1.000000e+01	6.070000e+10	   -0.18      54227.75
         5	1.000000e+02	1.910000e+06	    1.13      51639.62


      8. P1 + CO  => P2_L + H 
         k:       8.690000e+08	    0.93      62961.56
         Pressure Logarithmic Interpolation
         1	1.000000e-02	8.690000e+08	    0.93      62961.56
         2	1.000000e-01	2.750000e+07	    1.36      62163.57
         3	1.000000e+00	2.960000e+07	    1.35      62426.76
         4	1.000000e+01	1.460000e+08	    1.16      63077.21
         5	1.000000e+02	3.670000e+08	    1.03      63176.64


      9. P1 + CO  => P3 + H 
         k:       4.870000e+25	   -3.88      81742.18
         Pressure Logarithmic Interpolation
         1	1.000000e-02	4.870000e+25	   -3.88      81742.18
         2	1.000000e-01	1.630000e+29	   -4.76      87476.46
         3	1.000000e+00	3.320000e+26	   -3.89      89883.06
         4	1.000000e+01	1.350000e+17	   -1.15      88172.07
         5	1.000000e+02	7.210000e+01	    3.17      81807.87


     10. P1 + CO  => P4 + HCO 
         k:       1.300000e+49	   -9.84     114177.28
         Pressure Logarithmic Interpolation
         1	1.000000e-02	1.300000e+49	   -9.84     114177.28
         2	1.000000e-01	9.270000e+47	   -9.42     116991.52
         3	1.000000e+00	3.420000e+38	   -6.68     114812.55
         4	1.000000e+01	1.040000e+24	   -2.57     109109.38
         5	1.000000e+02	7.060000e+09	    1.37     103100.42


     11. P2_L + H  => W4_L 
         k:       3.730000e+65	  -15.62      22636.13
         Pressure Logarithmic Interpolation
         1	1.000000e-02	3.730000e+65	  -15.62      22636.13
         2	1.000000e-01	1.810000e+58	  -13.23      20744.16
         3	1.000000e+00	5.920000e+49	  -10.57      17832.16
         4	1.000000e+01	2.830000e+40	   -7.72      13947.50
         5	1.000000e+02	2.900000e+28	   -4.17       7963.85


     12. P2_L + H  => R + OH 
         k:       1.230000e+25	   -3.13      13923.27
         Pressure Logarithmic Interpolation
         1	1.000000e-02	1.230000e+25	   -3.13      13923.27
         2	1.000000e-01	6.180000e+31	   -4.94      20706.03
         3	1.000000e+00	5.850000e+34	   -5.66      26247.91
         4	1.000000e+01	5.260000e+29	   -4.13      27232.04
         5	1.000000e+02	2.380000e+19	   -1.13      25600.37


     13. P2_L + H  => P1 + CO 
         k:       4.470000e+28	   -4.07      11918.14
         Pressure Logarithmic Interpolation
         1	1.000000e-02	4.470000e+28	   -4.07      11918.14
         2	1.000000e-01	5.150000e+33	   -5.40      18248.41
         3	1.000000e+00	8.650000e+34	   -5.61      23266.62
         4	1.000000e+01	1.090000e+26	   -2.98      22543.21
         5	1.000000e+02	2.850000e-03	    5.09       7676.20


     14. P2_L + H  => P3 + H 
         k:       2.890000e+18	   -1.17      10588.12
         Pressure Logarithmic Interpolation
         1	1.000000e-02	2.890000e+18	   -1.17      10588.12
         2	1.000000e-01	4.910000e+25	   -3.12      17726.73
         3	1.000000e+00	3.060000e+29	   -4.07      23789.60
         4	1.000000e+01	8.130000e+24	   -2.67      25025.64
         5	1.000000e+02	7.930000e+11	    1.06      20847.10


     15. P3 + H  => W4_L 
         k:       2.330000e+72	  -17.69      24827.67
         Pressure Logarithmic Interpolation
         1	1.000000e-02	2.330000e+72	  -17.69      24827.67
         2	1.000000e-01	6.370000e+63	  -14.85      23115.98
         3	1.000000e+00	6.450000e+52	  -11.40      19295.30
         4	1.000000e+01	1.030000e+41	   -7.82      14222.62
         5	1.000000e+02	9.580000e+26	   -3.68       7105.02


     16. P3 + H  => R + OH 
         k:       4.480000e+29	   -4.28      17833.88
         Pressure Logarithmic Interpolation
         1	1.000000e-02	4.480000e+29	   -4.28      17833.88
         2	1.000000e-01	1.630000e+35	   -5.76      24171.13
         3	1.000000e+00	7.800000e+35	   -5.83      28349.05
         4	1.000000e+01	2.700000e+27	   -3.36      26830.79
         5	1.000000e+02	3.880000e+10	    1.40      18998.84


     17. P3 + H  => P1 + CO 
         k:       6.840000e+33	   -5.69      14148.40
         Pressure Logarithmic Interpolation
         1	1.000000e-02	6.840000e+33	   -5.69      14148.40
         2	1.000000e-01	2.470000e+37	   -6.58      19919.33
         3	1.000000e+00	3.280000e+35	   -5.92      23022.59
         4	1.000000e+01	4.100000e+29	   -4.13      24648.05
         5	1.000000e+02	5.580000e+17	   -0.68      23533.64


     18. P3 + H  => P2_L + H 
         k:       1.940000e+28	   -3.84      13884.52
         Pressure Logarithmic Interpolation
         1	1.000000e-02	1.940000e+28	   -3.84      13884.52
         2	1.000000e-01	2.000000e+33	   -5.14      20269.45
         3	1.000000e+00	3.620000e+32	   -4.82      23730.47
         4	1.000000e+01	2.080000e+23	   -2.12      21869.04
         5	1.000000e+02	2.510000e+07	    2.39      15176.95


     19. P4 + HCO  => W3 
         k:       8.870000e+67	  -16.53      22342.33
         Pressure Logarithmic Interpolation
         1	1.000000e-02	8.870000e+67	  -16.53      22342.33
         2	1.000000e-01	1.760000e+61	  -14.16      21915.15
         3	1.000000e+00	5.200000e+51	  -11.17      18599.34
         4	1.000000e+01	2.770000e+38	   -7.21      12230.20
         5	1.000000e+02	1.430000e+27	   -3.89       6379.33


     20. P4 + HCO  => P1 + CO 
         k:       9.330000e+49	  -10.65      19633.51
         Pressure Logarithmic Interpolation
         1	1.000000e-02	9.330000e+49	  -10.65      19633.51
         2	1.000000e-01	1.430000e+54	  -11.70      26689.51
         3	1.000000e+00	5.600000e+59	  -13.14      36491.36
         4	1.000000e+01	2.240000e+61	  -13.47      44812.29
         5	1.000000e+02	4.050000e+73	  -16.67      65918.24


     21. P4 + HCO  => P1 + CO 
         k:       5.610000e+20	   -3.08      -2590.51
         Pressure Logarithmic Interpolation
         1	1.000000e-02	5.610000e+20	   -3.08      -2590.51
         2	1.000000e-01	1.690000e+15	   -1.26      -2167.24
         3	1.000000e+00	1.750000e+09	    0.69      -1446.00
         4	1.000000e+01	1.170000e+04	    2.27       -685.31
         5	1.000000e+02	7.070000e+04	    2.14       4993.62


     22. P4 + HCO  => P2_L + H 
         k:       3.580000e+23	   -6.64       9540.53
         Pressure Logarithmic Interpolation
         1	1.000000e-02	3.580000e+23	   -6.64       9540.53
         2	1.000000e-01	2.770000e+19	  -11.57     -61591.83
         3	1.000000e+00	4.470000e+16	   -2.07       5408.27
         4	1.000000e+01	1.770000e+05	    1.63       5464.53
         5	1.000000e+02	1.770000e+02	    1.63       5464.53


     23. P4 + HCO  => P2_L + H 
         k:       1.370000e+36	   -7.05      14701.50
         Pressure Logarithmic Interpolation
         1	1.000000e-02	1.370000e+36	   -7.05      14701.50
         2	1.000000e-01	3.040000e+40	   -8.15      21546.15
         3	1.000000e+00	4.300000e+43	   -8.86      29865.93
         4	1.000000e+01	1.090000e+51	  -10.74      43821.84
         5	1.000000e+02	2.350000e+04	    2.22      12460.24


     24. W3  => P1 + CO 
         k:       5.150000e+34	   -6.94      60951.98
         Pressure Logarithmic Interpolation
         1	1.000000e-02	5.150000e+34	   -6.94      60951.98
         2	1.000000e-01	9.640000e+27	   -4.90      58060.65
         3	1.000000e+00	2.670000e+24	   -3.83      56486.81
         4	1.000000e+01	1.040000e+18	   -1.95      53053.98
         5	1.000000e+02	7.180000e+13	   -0.74      50771.55


     25. W3  => P4 + HCO 
         k:       1.760000e+79	  -18.83     120166.30
         Pressure Logarithmic Interpolation
         1	1.000000e-02	1.760000e+79	  -18.83     120166.30
         2	1.000000e-01	9.580000e+72	  -16.59     119937.86
         3	1.000000e+00	5.480000e+64	  -13.98     117323.73
         4	1.000000e+01	1.120000e+51	   -9.89     110728.40
         5	1.000000e+02	9.580000e+39	   -6.64     105000.50


     26. W4_L  => R + OH 
         k:       3.040000e+77	  -18.80     105530.50
         Pressure Logarithmic Interpolation
         1	1.000000e-02	3.040000e+77	  -18.80     105530.50
         2	1.000000e-01	7.020000e+69	  -16.22     104249.86
         3	1.000000e+00	6.240000e+59	  -13.06     100833.50
         4	1.000000e+01	2.230000e+49	   -9.89      96379.88
         5	1.000000e+02	4.090000e+37	   -6.42      90441.99


     27. W4_L  => P1 + CO 
         k:       1.450000e+49	  -10.84      75376.26
         Pressure Logarithmic Interpolation
         1	1.000000e-02	1.450000e+49	  -10.84      75376.26
         2	1.000000e-01	3.680000e+41	   -8.47      72676.23
         3	1.000000e+00	7.110000e+33	   -6.11      69496.57
         4	1.000000e+01	2.350000e+26	   -3.87      66050.02
         5	1.000000e+02	1.500000e+17	   -1.17      61184.43


     28. W4_L  => P2_L + H 
         k:       2.360000e+67	  -15.81      93475.36
         Pressure Logarithmic Interpolation
         1	1.000000e-02	2.360000e+67	  -15.81      93475.36
         2	1.000000e-01	1.770000e+58	  -12.90      90684.88
         3	1.000000e+00	2.190000e+48	   -9.85      86834.80
         4	1.000000e+01	3.370000e+38	   -6.89      82444.39
         5	1.000000e+02	1.430000e+27	   -3.54      76592.21


     29. W4_L  => P3 + H 
         k:       6.010000e+73	  -17.78     102324.47
         Pressure Logarithmic Interpolation
         1	1.000000e-02	6.010000e+73	  -17.78     102324.47
         2	1.000000e-01	2.200000e+65	  -14.97     100649.83
         3	1.000000e+00	6.290000e+54	  -11.66      97058.41
         4	1.000000e+01	3.790000e+43	   -8.25      92297.38
         5	1.000000e+02	2.250000e+30	   -4.34      85629.63


