------------------------------
  Elements     Atomic Weight  
------------------------------
  1.	C         12.01099968
  2.	H          1.00800002
  3.	O         15.99899960
  4.	AR        39.94800186
------------------------------


--------------------------------------------------------------------------------------------------------------
                                                Molecular        Temperature        Elements
  Species                  Phase  Charge         weight         Low      High       C       H       O      AR
--------------------------------------------------------------------------------------------------------------
    1. AR                    G      0           39.948002    200.00   6000.00       0       0       0       1
    2. W1                    G      0           60.051999    300.00   4000.00       2       4       2       0
    3. PR1                   G      0           59.043999    300.00   4000.00       2       3       2       0
    4. PR2                   G      0           59.043999    300.00   4000.00       2       3       2       0
    5. PR3                   G      0           59.043999    300.00   4000.00       2       3       2       0
    6. H2O                   G      0            1.008000    300.00   4000.00       0       1       0       0
    7. CO2                   G      0            1.008000    300.00   4000.00       0       1       0       0
    8. CH3                   G      0            1.008000    300.00   4000.00       0       1       0       0
--------------------------------------------------------------------------------------------------------------

--------------------------------------------------------------------------------------------------------------
                                                Molecular        Temperature        Elements
  Species                  Phase  Charge         weight         Low      High       C       H       O      AR
--------------------------------------------------------------------------------------------------------------
    1. AR                    G      0           39.948002    200.00   6000.00       0       0       0       1
    6. H2O                   G      0            1.008000    300.00   4000.00       0       1       0       0
    7. CO2                   G      0            1.008000    300.00   4000.00       0       1       0       0
    8. CH3                   G      0            1.008000    300.00   4000.00       0       1       0       0
    3. PR1                   G      0           59.043999    300.00   4000.00       2       3       2       0
    4. PR2                   G      0           59.043999    300.00   4000.00       2       3       2       0
    5. PR3                   G      0           59.043999    300.00   4000.00       2       3       2       0
    2. W1                    G      0           60.051999    300.00   4000.00       2       4       2       0
--------------------------------------------------------------------------------------------------------------

---------------------------------------------------------------------------------------
                                  CHEMICAL REACTIONS                                   

                          Units: [mol, cm3, s] and [cal/mol]                           
---------------------------------------------------------------------------------------


      1. W1  => Pr1 + H2O 
         k:       9.490000e+19	   -2.28      71299.53
         Pressure Logarithmic Interpolation
         1	1.000000e-01	9.490000e+19	   -2.28      71299.53
         2	1.000000e+00	3.000000e+13	   -0.23      69267.28
         3	1.000000e+01	8.710000e+07	    1.50      67419.73
         4	1.000000e+02	6.320000e+03	    2.77      65978.10


      2. W1  => Pr2 + CO2 
         k:       4.340000e+16	   -1.38      68190.49
         Pressure Logarithmic Interpolation
         1	1.000000e-01	4.340000e+16	   -1.38      68190.49
         2	1.000000e+00	3.410000e+10	    0.54      66253.52
         3	1.000000e+01	2.590000e+05	    2.14      64528.61
         4	1.000000e+02	4.200000e+01	    3.30      63199.33


      3. W1  => Pr3 + CH3 
         k:       3.340000e+46	   -9.59     103933.67
         Pressure Logarithmic Interpolation
         1	1.000000e-01	3.340000e+46	   -9.59     103933.67
         2	1.000000e+00	6.880000e+41	   -7.85     103313.39
         3	1.000000e+01	6.980000e+34	   -5.58     101388.89
         4	1.000000e+02	4.270000e+28	   -3.63      99381.54


      4. Pr1 + H2O  => W1 
         k:       1.310000e+11	   -0.37      35901.78
         Pressure Logarithmic Interpolation
         1	1.000000e-01	1.310000e+11	   -0.37      35901.78
         2	1.000000e+00	2.880000e+04	    1.73      33813.31
         3	1.000000e+01	6.730000e-02	    3.48      31929.41
         4	1.000000e+02	4.170000e-06	    4.78      30460.58


      5. Pr1 + H2O  => Pr2 + CO2 
         k:       6.290000e+07	    1.20      47032.13
         Pressure Logarithmic Interpolation
         1	1.000000e-01	6.290000e+07	    1.20      47032.13
         2	1.000000e+00	1.360000e+00	    3.44      45584.18
         3	1.000000e+01	6.520000e-10	    6.11      43175.02
         4	1.000000e+02	3.410000e-19	    8.71      40506.88


      6. Pr1 + H2O  => Pr3 + CH3 
         k:       1.130000e+18	   -1.25      64497.36
         Pressure Logarithmic Interpolation
         1	1.000000e-01	1.130000e+18	   -1.25      64497.36
         2	1.000000e+00	1.870000e+16	   -0.68      65554.88
         3	1.000000e+01	7.540000e+09	    1.20      64735.41
         4	1.000000e+02	8.690000e+00	    3.75      62451.59


      7. Pr2 + CO2  => W1 
         k:       8.050000e+08	    0.79      75371.20
         Pressure Logarithmic Interpolation
         1	1.000000e-01	8.050000e+08	    0.79      75371.20
         2	1.000000e+00	4.780000e+02	    2.75      73388.52
         3	1.000000e+01	3.180000e-03	    4.35      71641.54
         4	1.000000e+02	4.940000e-07	    5.53      70305.87


      8. Pr2 + CO2  => Pr1 + H2O 
         k:       8.800000e+08	    1.45      89617.35
         Pressure Logarithmic Interpolation
         1	1.000000e-01	8.800000e+08	    1.45      89617.35
         2	1.000000e+00	1.870000e+01	    3.69      88162.92
         3	1.000000e+01	9.300000e-09	    6.36      85763.00
         4	1.000000e+02	4.870000e-18	    8.96      83096.65


      9. Pr2 + CO2  => Pr3 + CH3 
         k:       1.670000e+20	   -1.37     107219.20
         Pressure Logarithmic Interpolation
         1	1.000000e-01	1.670000e+20	   -1.37     107219.20
         2	1.000000e+00	4.480000e+17	   -0.58     107778.69
         3	1.000000e+01	3.980000e+10	    1.48     106500.70
         4	1.000000e+02	3.600000e+01	    4.05     104115.01


     10. Pr3 + CH3  => W1 
         k:       8.170000e+17	   -2.55        130.70
         Pressure Logarithmic Interpolation
         1	1.000000e-01	8.170000e+17	   -2.55        130.70
         2	1.000000e+00	1.070000e+16	   -1.51        754.30
         3	1.000000e+01	1.160000e+14	   -0.63       1029.81
         4	1.000000e+02	3.340000e+13	   -0.26       1637.52


     11. Pr3 + CH3  => W1 
         k:       2.260000e+45	  -10.15      13851.07
         Pressure Logarithmic Interpolation
         1	1.000000e-01	2.260000e+45	  -10.15      13851.07
         2	1.000000e+00	5.420000e+49	  -11.02      18942.69
         3	1.000000e+01	1.670000e+48	  -10.30      20963.69
         4	1.000000e+02	1.370000e+44	   -8.97      21047.57


     12. Pr3 + CH3  => Pr1 + H2O 
         k:       4.250000e+17	   -1.40       5018.23
         Pressure Logarithmic Interpolation
         1	1.000000e-01	4.250000e+17	   -1.40       5018.23
         2	1.000000e+00	3.640000e+15	   -0.74       5990.34
         3	1.000000e+01	1.260000e+08	    1.44       4786.50
         4	1.000000e+02	9.280000e-03	    4.33       1985.74


     13. Pr3 + CH3  => Pr2 + CO2 
         k:       4.730000e+18	   -1.77       5158.59
         Pressure Logarithmic Interpolation
         1	1.000000e-01	4.730000e+18	   -1.77       5158.59
         2	1.000000e+00	1.280000e+16	   -0.98       5722.56
         3	1.000000e+01	1.130000e+09	    1.08       4443.23
         4	1.000000e+02	1.070000e+00	    3.64       2063.82


