-----------------------------------------------------------------------------------------------------------------------------------------------------
Name                              MW       Cp@298K        H@298K        G@298K        S@298K      Cp@1000K       H@1000K       G@1000K       S@1000K 
                           [kg/kmol]   [cal/mol/K]    [kcal/mol]    [kcal/mol]   [cal/mol/K]   [cal/mol/K]    [kcal/mol]    [kcal/mol]   [cal/mol/K] 
-----------------------------------------------------------------------------------------------------------------------------------------------------
AR                           39.9480        0.0000        0.0000        0.0000        0.0000        0.0000        0.0000        0.0000        0.0000
W1                           60.0520        0.0000        0.0000        0.0000        0.0000        0.0000        0.0000        0.0000        0.0000
PR1                          59.0440        0.0000        0.0000        0.0000        0.0000        0.0000        0.0000        0.0000        0.0000
PR2                          59.0440        0.0000        0.0000        0.0000        0.0000        0.0000        0.0000        0.0000        0.0000
PR3                          59.0440        0.0000        0.0000        0.0000        0.0000        0.0000        0.0000        0.0000        0.0000
H2O                           1.0080        0.0000        0.0000        0.0000        0.0000        0.0000        0.0000        0.0000        0.0000
CO2                           1.0080        0.0000        0.0000        0.0000        0.0000        0.0000        0.0000        0.0000        0.0000
CH3                           1.0080        0.0000        0.0000        0.0000        0.0000        0.0000        0.0000        0.0000        0.0000
-----------------------------------------------------------------------------------------------------------------------------------------------------

 ====================================================================================================
   THERMO TABLE FOR MOLECULE AR
 ====================================================================================================
   Elemental Composition:
     AR 1.0000
   Formation Enthalpy at 298K =          0.0000 kcal/mol
   Formation Free Gibbs Energy at 298K = 0.0000 kcal/mol
   Molecular Weight =                    39.9480 kg/kmol
 -----------------------------------------------------------------------------------------------------
   Temperature       Cp             H             G            S             DH            DG         
       [K]       [cal/mol/K]    [kcal/mol]    [kcal/mol]  [cal/(mol-K)]  [kcal/mol]     [kcal/mol]    
 -----------------------------------------------------------------------------------------------------
     300.0000      0.0000        0.0000        0.0000        0.0000        0.0000        0.0000        
     600.0000      0.0000        0.0000        0.0000        0.0000        0.0000        0.0000        
     800.0000      0.0000        0.0000        0.0000        0.0000        0.0000        0.0000        
     1000.0000     0.0000        0.0000        0.0000        0.0000        0.0000        0.0000        
     1200.0000     0.0000        0.0000        0.0000        0.0000        0.0000        0.0000        
     1400.0000     0.0000        0.0000        0.0000        0.0000        0.0000        0.0000        
     1600.0000     0.0000        0.0000        0.0000        0.0000        0.0000        0.0000        
     1800.0000     0.0000        0.0000        0.0000        0.0000        0.0000        0.0000        
     2000.0000     0.0000        0.0000        0.0000        0.0000        0.0000        0.0000        
     2200.0000     0.0000        0.0000        0.0000        0.0000        0.0000        0.0000        
     2400.0000     0.0000        0.0000        0.0000        0.0000        0.0000        0.0000        
     2600.0000     0.0000        0.0000        0.0000        0.0000        0.0000        0.0000        
 -----------------------------------------------------------------------------------------------------


 ====================================================================================================
   THERMO TABLE FOR MOLECULE W1
 ====================================================================================================
   Elemental Composition:
     C 2.0000
     H 4.0000
     O 2.0000
   Formation Enthalpy at 298K =          0.0000 kcal/mol
   Formation Free Gibbs Energy at 298K = 0.0000 kcal/mol
   Molecular Weight =                    60.0520 kg/kmol
 -----------------------------------------------------------------------------------------------------
   Temperature       Cp             H             G            S             DH            DG         
       [K]       [cal/mol/K]    [kcal/mol]    [kcal/mol]  [cal/(mol-K)]  [kcal/mol]     [kcal/mol]    
 -----------------------------------------------------------------------------------------------------
     300.0000      0.0000        0.0000        0.0000        0.0000        0.0000        0.0000        
     600.0000      0.0000        0.0000        0.0000        0.0000        0.0000        0.0000        
     800.0000      0.0000        0.0000        0.0000        0.0000        0.0000        0.0000        
     1000.0000     0.0000        0.0000        0.0000        0.0000        0.0000        0.0000        
     1200.0000     0.0000        0.0000        0.0000        0.0000        0.0000        0.0000        
     1400.0000     0.0000        0.0000        0.0000        0.0000        0.0000        0.0000        
     1600.0000     0.0000        0.0000        0.0000        0.0000        0.0000        0.0000        
     1800.0000     0.0000        0.0000        0.0000        0.0000        0.0000        0.0000        
     2000.0000     0.0000        0.0000        0.0000        0.0000        0.0000        0.0000        
     2200.0000     0.0000        0.0000        0.0000        0.0000        0.0000        0.0000        
     2400.0000     0.0000        0.0000        0.0000        0.0000        0.0000        0.0000        
     2600.0000     0.0000        0.0000        0.0000        0.0000        0.0000        0.0000        
 -----------------------------------------------------------------------------------------------------


 ====================================================================================================
   THERMO TABLE FOR MOLECULE PR1
 ====================================================================================================
   Elemental Composition:
     C 2.0000
     H 3.0000
     O 2.0000
   Formation Enthalpy at 298K =          0.0000 kcal/mol
   Formation Free Gibbs Energy at 298K = 0.0000 kcal/mol
   Molecular Weight =                    59.0440 kg/kmol
 -----------------------------------------------------------------------------------------------------
   Temperature       Cp             H             G            S             DH            DG         
       [K]       [cal/mol/K]    [kcal/mol]    [kcal/mol]  [cal/(mol-K)]  [kcal/mol]     [kcal/mol]    
 -----------------------------------------------------------------------------------------------------
     300.0000      0.0000        0.0000        0.0000        0.0000        0.0000        0.0000        
     600.0000      0.0000        0.0000        0.0000        0.0000        0.0000        0.0000        
     800.0000      0.0000        0.0000        0.0000        0.0000        0.0000        0.0000        
     1000.0000     0.0000        0.0000        0.0000        0.0000        0.0000        0.0000        
     1200.0000     0.0000        0.0000        0.0000        0.0000        0.0000        0.0000        
     1400.0000     0.0000        0.0000        0.0000        0.0000        0.0000        0.0000        
     1600.0000     0.0000        0.0000        0.0000        0.0000        0.0000        0.0000        
     1800.0000     0.0000        0.0000        0.0000        0.0000        0.0000        0.0000        
     2000.0000     0.0000        0.0000        0.0000        0.0000        0.0000        0.0000        
     2200.0000     0.0000        0.0000        0.0000        0.0000        0.0000        0.0000        
     2400.0000     0.0000        0.0000        0.0000        0.0000        0.0000        0.0000        
     2600.0000     0.0000        0.0000        0.0000        0.0000        0.0000        0.0000        
 -----------------------------------------------------------------------------------------------------


 ====================================================================================================
   THERMO TABLE FOR MOLECULE PR2
 ====================================================================================================
   Elemental Composition:
     C 2.0000
     H 3.0000
     O 2.0000
   Formation Enthalpy at 298K =          0.0000 kcal/mol
   Formation Free Gibbs Energy at 298K = 0.0000 kcal/mol
   Molecular Weight =                    59.0440 kg/kmol
 -----------------------------------------------------------------------------------------------------
   Temperature       Cp             H             G            S             DH            DG         
       [K]       [cal/mol/K]    [kcal/mol]    [kcal/mol]  [cal/(mol-K)]  [kcal/mol]     [kcal/mol]    
 -----------------------------------------------------------------------------------------------------
     300.0000      0.0000        0.0000        0.0000        0.0000        0.0000        0.0000        
     600.0000      0.0000        0.0000        0.0000        0.0000        0.0000        0.0000        
     800.0000      0.0000        0.0000        0.0000        0.0000        0.0000        0.0000        
     1000.0000     0.0000        0.0000        0.0000        0.0000        0.0000        0.0000        
     1200.0000     0.0000        0.0000        0.0000        0.0000        0.0000        0.0000        
     1400.0000     0.0000        0.0000        0.0000        0.0000        0.0000        0.0000        
     1600.0000     0.0000        0.0000        0.0000        0.0000        0.0000        0.0000        
     1800.0000     0.0000        0.0000        0.0000        0.0000        0.0000        0.0000        
     2000.0000     0.0000        0.0000        0.0000        0.0000        0.0000        0.0000        
     2200.0000     0.0000        0.0000        0.0000        0.0000        0.0000        0.0000        
     2400.0000     0.0000        0.0000        0.0000        0.0000        0.0000        0.0000        
     2600.0000     0.0000        0.0000        0.0000        0.0000        0.0000        0.0000        
 -----------------------------------------------------------------------------------------------------


 ====================================================================================================
   THERMO TABLE FOR MOLECULE PR3
 ====================================================================================================
   Elemental Composition:
     C 2.0000
     H 3.0000
     O 2.0000
   Formation Enthalpy at 298K =          0.0000 kcal/mol
   Formation Free Gibbs Energy at 298K = 0.0000 kcal/mol
   Molecular Weight =                    59.0440 kg/kmol
 -----------------------------------------------------------------------------------------------------
   Temperature       Cp             H             G            S             DH            DG         
       [K]       [cal/mol/K]    [kcal/mol]    [kcal/mol]  [cal/(mol-K)]  [kcal/mol]     [kcal/mol]    
 -----------------------------------------------------------------------------------------------------
     300.0000      0.0000        0.0000        0.0000        0.0000        0.0000        0.0000        
     600.0000      0.0000        0.0000        0.0000        0.0000        0.0000        0.0000        
     800.0000      0.0000        0.0000        0.0000        0.0000        0.0000        0.0000        
     1000.0000     0.0000        0.0000        0.0000        0.0000        0.0000        0.0000        
     1200.0000     0.0000        0.0000        0.0000        0.0000        0.0000        0.0000        
     1400.0000     0.0000        0.0000        0.0000        0.0000        0.0000        0.0000        
     1600.0000     0.0000        0.0000        0.0000        0.0000        0.0000        0.0000        
     1800.0000     0.0000        0.0000        0.0000        0.0000        0.0000        0.0000        
     2000.0000     0.0000        0.0000        0.0000        0.0000        0.0000        0.0000        
     2200.0000     0.0000        0.0000        0.0000        0.0000        0.0000        0.0000        
     2400.0000     0.0000        0.0000        0.0000        0.0000        0.0000        0.0000        
     2600.0000     0.0000        0.0000        0.0000        0.0000        0.0000        0.0000        
 -----------------------------------------------------------------------------------------------------


 ====================================================================================================
   THERMO TABLE FOR MOLECULE H2O
 ====================================================================================================
   Elemental Composition:
     H 1.0000
   Formation Enthalpy at 298K =          0.0000 kcal/mol
   Formation Free Gibbs Energy at 298K = 0.0000 kcal/mol
   Molecular Weight =                    1.0080 kg/kmol
 -----------------------------------------------------------------------------------------------------
   Temperature       Cp             H             G            S             DH            DG         
       [K]       [cal/mol/K]    [kcal/mol]    [kcal/mol]  [cal/(mol-K)]  [kcal/mol]     [kcal/mol]    
 -----------------------------------------------------------------------------------------------------
     300.0000      0.0000        0.0000        0.0000        0.0000        0.0000        0.0000        
     600.0000      0.0000        0.0000        0.0000        0.0000        0.0000        0.0000        
     800.0000      0.0000        0.0000        0.0000        0.0000        0.0000        0.0000        
     1000.0000     0.0000        0.0000        0.0000        0.0000        0.0000        0.0000        
     1200.0000     0.0000        0.0000        0.0000        0.0000        0.0000        0.0000        
     1400.0000     0.0000        0.0000        0.0000        0.0000        0.0000        0.0000        
     1600.0000     0.0000        0.0000        0.0000        0.0000        0.0000        0.0000        
     1800.0000     0.0000        0.0000        0.0000        0.0000        0.0000        0.0000        
     2000.0000     0.0000        0.0000        0.0000        0.0000        0.0000        0.0000        
     2200.0000     0.0000        0.0000        0.0000        0.0000        0.0000        0.0000        
     2400.0000     0.0000        0.0000        0.0000        0.0000        0.0000        0.0000        
     2600.0000     0.0000        0.0000        0.0000        0.0000        0.0000        0.0000        
 -----------------------------------------------------------------------------------------------------


 ====================================================================================================
   THERMO TABLE FOR MOLECULE CO2
 ====================================================================================================
   Elemental Composition:
     H 1.0000
   Formation Enthalpy at 298K =          0.0000 kcal/mol
   Formation Free Gibbs Energy at 298K = 0.0000 kcal/mol
   Molecular Weight =                    1.0080 kg/kmol
 -----------------------------------------------------------------------------------------------------
   Temperature       Cp             H             G            S             DH            DG         
       [K]       [cal/mol/K]    [kcal/mol]    [kcal/mol]  [cal/(mol-K)]  [kcal/mol]     [kcal/mol]    
 -----------------------------------------------------------------------------------------------------
     300.0000      0.0000        0.0000        0.0000        0.0000        0.0000        0.0000        
     600.0000      0.0000        0.0000        0.0000        0.0000        0.0000        0.0000        
     800.0000      0.0000        0.0000        0.0000        0.0000        0.0000        0.0000        
     1000.0000     0.0000        0.0000        0.0000        0.0000        0.0000        0.0000        
     1200.0000     0.0000        0.0000        0.0000        0.0000        0.0000        0.0000        
     1400.0000     0.0000        0.0000        0.0000        0.0000        0.0000        0.0000        
     1600.0000     0.0000        0.0000        0.0000        0.0000        0.0000        0.0000        
     1800.0000     0.0000        0.0000        0.0000        0.0000        0.0000        0.0000        
     2000.0000     0.0000        0.0000        0.0000        0.0000        0.0000        0.0000        
     2200.0000     0.0000        0.0000        0.0000        0.0000        0.0000        0.0000        
     2400.0000     0.0000        0.0000        0.0000        0.0000        0.0000        0.0000        
     2600.0000     0.0000        0.0000        0.0000        0.0000        0.0000        0.0000        
 -----------------------------------------------------------------------------------------------------


 ====================================================================================================
   THERMO TABLE FOR MOLECULE CH3
 ====================================================================================================
   Elemental Composition:
     H 1.0000
   Formation Enthalpy at 298K =          0.0000 kcal/mol
   Formation Free Gibbs Energy at 298K = 0.0000 kcal/mol
   Molecular Weight =                    1.0080 kg/kmol
 -----------------------------------------------------------------------------------------------------
   Temperature       Cp             H             G            S             DH            DG         
       [K]       [cal/mol/K]    [kcal/mol]    [kcal/mol]  [cal/(mol-K)]  [kcal/mol]     [kcal/mol]    
 -----------------------------------------------------------------------------------------------------
     300.0000      0.0000        0.0000        0.0000        0.0000        0.0000        0.0000        
     600.0000      0.0000        0.0000        0.0000        0.0000        0.0000        0.0000        
     800.0000      0.0000        0.0000        0.0000        0.0000        0.0000        0.0000        
     1000.0000     0.0000        0.0000        0.0000        0.0000        0.0000        0.0000        
     1200.0000     0.0000        0.0000        0.0000        0.0000        0.0000        0.0000        
     1400.0000     0.0000        0.0000        0.0000        0.0000        0.0000        0.0000        
     1600.0000     0.0000        0.0000        0.0000        0.0000        0.0000        0.0000        
     1800.0000     0.0000        0.0000        0.0000        0.0000        0.0000        0.0000        
     2000.0000     0.0000        0.0000        0.0000        0.0000        0.0000        0.0000        
     2200.0000     0.0000        0.0000        0.0000        0.0000        0.0000        0.0000        
     2400.0000     0.0000        0.0000        0.0000        0.0000        0.0000        0.0000        
     2600.0000     0.0000        0.0000        0.0000        0.0000        0.0000        0.0000        
 -----------------------------------------------------------------------------------------------------


