
-----------------------------------------------------------------------------
Status                        Initial             Final
-----------------------------------------------------------------------------
Time[s]                       0                   1e+30
T[K]                          1400.000            1400.000
P[atm]                        10.00000            0.00000
V[m3]                         0.00000             0.00000
rho[kg/m3]                    5.05187             5.05187
MW[kg/kmol]                   58.03600            inf
Phi[-]                        2.50000             -nan(ind)
H[J/kg]                       0.000000e+00        -nan(ind)
U[J/kg]                       -2.005694e+05       -nan(ind)
Conv.(%) W1                   0.000e+00           1.000e+02
Conv.(%) W2                   0.000e+00           1.000e+02
Conv.(%) W3                   0.000e+00           1.000e+02
Conv.(%) W4                   0.000e+00           1.000e+02
Conv.(%) W5                   0.000e+00           1.000e+02
Conv.(%) W6                   0.000e+00           1.000e+02
Total species (kmol)          8.704712e-08        0.000000e+00
Element(kmol) C               1.740942e-07        -nan(ind)
Element(kmol) H               1.740942e-07        -nan(ind)
Element(kmol) O               1.740942e-07        -nan(ind)
-----------------------------------------------------------------------------

-----------------------------------------------------------------------------
Mass fractions                Initial             Final
-----------------------------------------------------------------------------
AR                            0.000000e+00        0.000000e+00
W1                            1.837582e-01        0.000000e+00
W2                            2.999970e-05        0.000000e+00
W3                            2.403476e-01        0.000000e+00
W4                            9.984900e-02        0.000000e+00
W5                            1.426386e-01        0.000000e+00
W6                            3.333767e-01        0.000000e+00
R                             0.000000e+00        0.000000e+00
P1                            0.000000e+00        0.000000e+00
P2                            0.000000e+00        0.000000e+00
P3                            0.000000e+00        0.000000e+00
P4                            0.000000e+00        0.000000e+00
P5                            0.000000e+00        0.000000e+00
P6                            0.000000e+00        0.000000e+00
OH                            0.000000e+00        0.000000e+00
CO                            0.000000e+00        0.000000e+00
H                             0.000000e+00        0.000000e+00
HCO                           0.000000e+00        0.000000e+00
--------------------------------------------------------------

-----------------------------------------------------------------------------
Mole fractions                Initial             Final
-----------------------------------------------------------------------------
AR                            0.000000e+00        -nan(ind)
W1                            1.837582e-01        -nan(ind)
W2                            2.999970e-05        -nan(ind)
W3                            2.403476e-01        -nan(ind)
W4                            9.984900e-02        -nan(ind)
W5                            1.426386e-01        -nan(ind)
W6                            3.333767e-01        -nan(ind)
R                             0.000000e+00        -nan(ind)
P1                            0.000000e+00        -nan(ind)
P2                            0.000000e+00        -nan(ind)
P3                            0.000000e+00        -nan(ind)
P4                            0.000000e+00        -nan(ind)
P5                            0.000000e+00        -nan(ind)
P6                            0.000000e+00        -nan(ind)
OH                            0.000000e+00        -nan(ind)
CO                            0.000000e+00        -nan(ind)
H                             0.000000e+00        -nan(ind)
HCO                           0.000000e+00        -nan(ind)
-----------------------------------------------------------------------------
