
-----------------------------------------------------------------------------
Status                        Initial             Final
-----------------------------------------------------------------------------
Time[s]                       0                   1e+300
T[K]                          800.000             800.000
P[atm]                        1.00000             0.99999
V[m3]                         0.00000             0.00000
rho[kg/m3]                    0.01537             0.01537
MW[kg/kmol]                   1.00880             1.00881
Phi[-]                        1000.00000          1000.00000
H[J/kg]                       0.000000e+00        0.000000e+00
U[J/kg]                       -6.593541e+06       -6.593475e+06
Conv.(%) P3                   0.000e+00           1.000e+02
Conv.(%) H                    0.000e+00           9.952e-04
Total species (kmol)          1.523325e-08        1.523310e-08
Element(kmol) C               7.616623e-13        7.616623e-13
Element(kmol) H               1.523386e-08        1.523386e-08
Element(kmol) O               1.523325e-13        1.523325e-13
-----------------------------------------------------------------------------

-----------------------------------------------------------------------------
Mass fractions                Initial             Final
-----------------------------------------------------------------------------
AR                            0.000000e+00        0.000000e+00
W1                            0.000000e+00        3.294033e-05
W2                            0.000000e+00        0.000000e+00
W3                            0.000000e+00        9.368929e-09
W4                            0.000000e+00        3.006524e-04
W5                            0.000000e+00        4.723364e-04
W6                            0.000000e+00        0.000000e+00
R                             0.000000e+00        5.233332e-07
P1                            0.000000e+00        3.458055e-06
P2                            0.000000e+00        3.732299e-06
P3                            8.038653e-04        0.000000e+00
P4                            0.000000e+00        2.916873e-12
P5                            0.000000e+00        1.079121e-07
P6                            0.000000e+00        0.000000e+00
OH                            0.000000e+00        6.505042e-09
CO                            0.000000e+00        4.298370e-08
H                             9.991961e-01        9.991862e-01
HCO                           0.000000e+00        3.625679e-14
--------------------------------------------------------------

-----------------------------------------------------------------------------
Mole fractions                Initial             Final
-----------------------------------------------------------------------------
AR                            0.000000e+00        0.000000e+00
W1                            0.000000e+00        4.047473e-07
W2                            0.000000e+00        0.000000e+00
W3                            0.000000e+00        1.151187e-10
W4                            0.000000e+00        3.694202e-06
W5                            0.000000e+00        5.803733e-06
W6                            0.000000e+00        0.000000e+00
R                             0.000000e+00        6.510275e-09
P1                            0.000000e+00        4.301828e-08
P2                            0.000000e+00        4.642987e-08
P3                            1.000000e-05        0.000000e+00
P4                            0.000000e+00        3.628596e-14
P5                            0.000000e+00        1.342429e-09
P6                            0.000000e+00        0.000000e+00
OH                            0.000000e+00        6.510275e-09
CO                            0.000000e+00        4.301828e-08
H                             9.999900e-01        9.999900e-01
HCO                           0.000000e+00        3.628596e-14
-----------------------------------------------------------------------------
