------------------------------
  Elements     Atomic Weight  
------------------------------
  1.	C         12.01099968
  2.	H          1.00800002
  3.	O         15.99899960
  4.	AR        39.94800186
------------------------------


--------------------------------------------------------------------------------------------------------------
                                                Molecular        Temperature        Elements
  Species                  Phase  Charge         weight         Low      High       C       H       O      AR
--------------------------------------------------------------------------------------------------------------
    1. AR                    G      0           39.948002    200.00   6000.00       0       0       0       1
    2. W1                    G      0           82.101998    300.00   4000.00       5       6       1       0
    3. W2                    G      0           82.101998    300.00   4000.00       5       6       1       0
    4. W3                    G      0           82.101998    300.00   4000.00       5       6       1       0
    5. W4                    G      0           82.101998    300.00   4000.00       5       6       1       0
    6. W5                    G      0           82.101998    300.00   4000.00       5       6       1       0
    7. W6                    G      0           82.101998    300.00   4000.00       5       6       1       0
    8. R                     G      0           81.093998    300.00   4000.00       5       5       1       0
    9. P1                    G      0           81.093998    300.00   4000.00       5       5       1       0
   10. P2                    G      0           81.093998    300.00   4000.00       5       5       1       0
   11. P3                    G      0           81.093998    300.00   4000.00       5       5       1       0
   12. P4                    G      0           81.093998    300.00   4000.00       5       5       1       0
   13. P5                    G      0           81.093998    300.00   4000.00       5       5       1       0
   14. P6                    G      0           81.093998    300.00   4000.00       5       5       1       0
   15. OH                    G      0            1.008000    300.00   4000.00       0       1       0       0
   16. CO                    G      0            1.008000    300.00   4000.00       0       1       0       0
   17. H                     G      0            1.008000    300.00   4000.00       0       1       0       0
   18. HCO                   G      0            1.008000    300.00   4000.00       0       1       0       0
--------------------------------------------------------------------------------------------------------------

--------------------------------------------------------------------------------------------------------------
                                                Molecular        Temperature        Elements
  Species                  Phase  Charge         weight         Low      High       C       H       O      AR
--------------------------------------------------------------------------------------------------------------
    1. AR                    G      0           39.948002    200.00   6000.00       0       0       0       1
   15. OH                    G      0            1.008000    300.00   4000.00       0       1       0       0
   16. CO                    G      0            1.008000    300.00   4000.00       0       1       0       0
   17. H                     G      0            1.008000    300.00   4000.00       0       1       0       0
   18. HCO                   G      0            1.008000    300.00   4000.00       0       1       0       0
    8. R                     G      0           81.093998    300.00   4000.00       5       5       1       0
    9. P1                    G      0           81.093998    300.00   4000.00       5       5       1       0
   10. P2                    G      0           81.093998    300.00   4000.00       5       5       1       0
   11. P3                    G      0           81.093998    300.00   4000.00       5       5       1       0
   12. P4                    G      0           81.093998    300.00   4000.00       5       5       1       0
   13. P5                    G      0           81.093998    300.00   4000.00       5       5       1       0
   14. P6                    G      0           81.093998    300.00   4000.00       5       5       1       0
    2. W1                    G      0           82.101998    300.00   4000.00       5       6       1       0
    3. W2                    G      0           82.101998    300.00   4000.00       5       6       1       0
    4. W3                    G      0           82.101998    300.00   4000.00       5       6       1       0
    5. W4                    G      0           82.101998    300.00   4000.00       5       6       1       0
    6. W5                    G      0           82.101998    300.00   4000.00       5       6       1       0
    7. W6                    G      0           82.101998    300.00   4000.00       5       6       1       0
--------------------------------------------------------------------------------------------------------------

---------------------------------------------------------------------------------------
                                  CHEMICAL REACTIONS                                   

                          Units: [mol, cm3, s] and [cal/mol]                           
---------------------------------------------------------------------------------------


      1. W2  => W1 
         k:       4.130000e-02	    0.00          0.00


      2. W2  => W3 
         k:       7.610000e+03	    0.00          0.00


      3. W2  => W4 
         k:       3.360000e-01	    0.00          0.00


      4. W2  => W5 
         k:       5.380000e-01	    0.00          0.00


      5. W2  => W6 
         k:       5.840000e-02	    0.00          0.00


      6. W2  => R + OH 
         k:       1.160000e-04	    0.00          0.00


      7. W2  => P1 + CO 
         k:       1.900000e-01	    0.00          0.00


      8. W2  => P2 + H 
         k:       1.220000e-03	    0.00          0.00


      9. W2  => P3 + H 
         k:       1.120000e-04	    0.00          0.00


     10. W2  => P4 + HCO 
         k:       6.040000e-05	    0.00          0.00


     11. W2  => P5 + H 
         k:       2.060000e-05	    0.00          0.00


     12. W2  => P6 + H 
         k:       9.080000e-14	    0.00          0.00


     13. W6  => W1 
         k:       2.250000e-05	    0.00          0.00


     14. W6  => W2 
         k:       6.130000e-09	    0.00          0.00


     15. W6  => W3 
         k:       4.200000e-04	    0.00          0.00


     16. W6  => W4 
         k:       1.920000e-04	    0.00          0.00


     17. W6  => W5 
         k:       3.010000e-04	    0.00          0.00


     18. W6  => R + OH 
         k:       1.540000e-09	    0.00          0.00


     19. W6  => P1 + CO 
         k:       9.010000e+01	    0.00          0.00


     20. W6  => P2 + H 
         k:       2.610000e-05	    0.00          0.00


     21. W6  => P3 + H 
         k:       1.600000e-09	    0.00          0.00


     22. W6  => P4 + HCO 
         k:       8.090000e-13	    0.00          0.00


     23. W6  => P5 + H 
         k:       2.680000e-10	    0.00          0.00


     24. W6  => P6 + H 
         k:       4.060000e-19	    0.00          0.00


     25. P3 + H  => W1 
         k:       8.520000e+12	    0.00          0.00


     26. P3 + H  => W2 
         k:       3.500000e+08	    0.00          0.00


     27. P3 + H  => W3 
         k:       7.580000e+09	    0.00          0.00


     28. P3 + H  => W4 
         k:       7.220000e+13	    0.00          0.00


     29. P3 + H  => W5 
         k:       1.140000e+14	    0.00          0.00


     30. P3 + H  => W6 
         k:       4.790000e+10	    0.00          0.00


     31. P3 + H  => R + OH 
         k:       5.010000e+11	    0.00          0.00


     32. P3 + H  => P1 + CO 
         k:       2.100000e+12	    0.00          0.00


     33. P3 + H  => P2 + H 
         k:       2.890000e+12	    0.00          0.00


     34. P3 + H  => P4 + HCO 
         k:       1.280000e+07	    0.00          0.00


     35. P3 + H  => P5 + H 
         k:       1.120000e+11	    0.00          0.00


     36. P3 + H  => P6 + H 
         k:       2.700000e+04	    0.00          0.00


     37. P6 + H  => W1 
         k:       8.790000e+11	    0.00          0.00


     38. P6 + H  => W2 
         k:       1.380000e+08	    0.00          0.00


     39. P6 + H  => W3 
         k:       1.250000e+11	    0.00          0.00


     40. P6 + H  => W4 
         k:       7.180000e+12	    0.00          0.00


     41. P6 + H  => W5 
         k:       1.140000e+13	    0.00          0.00


     42. P6 + H  => W6 
         k:       5.860000e+09	    0.00          0.00


     43. P6 + H  => R + OH 
         k:       1.050000e+13	    0.00          0.00


     44. P6 + H  => P1 + CO 
         k:       1.250000e+13	    0.00          0.00


     45. P6 + H  => P2 + H 
         k:       3.400000e+13	    0.00          0.00


     46. P6 + H  => P3 + H 
         k:       1.300000e+13	    0.00          0.00


     47. P6 + H  => P4 + HCO 
         k:       1.120000e+10	    0.00          0.00


     48. P6 + H  => P5 + H 
         k:       3.230000e+12	    0.00          0.00


