
 ================================================================================================================================
   Kinetic data summary @  298.15K
 ================================================================================================================================
        Reaction                                                                        DG            DH            DS               
                                                                                        [kcal/mol]    [kcal/mol]    [cal/mol/K]      
 ================================================================================================================================
 1      W2=>W1                                                                          0.000         0.000         0.000         
 2      W2=>W3                                                                          0.000         0.000         0.000         
 3      W2=>W4                                                                          0.000         0.000         0.000         
 4      W2=>W5                                                                          0.000         0.000         0.000         
 5      W2=>W6                                                                          0.000         0.000         0.000         
 6      W2=>R+OH                                                                        0.000         0.000         0.000         
 7      W2=>P1+CO                                                                       0.000         0.000         0.000         
 8      W2=>P2+H                                                                        0.000         0.000         0.000         
 9      W2=>P3+H                                                                        0.000         0.000         0.000         
 10     W2=>P4+HCO                                                                      0.000         0.000         0.000         
 11     W2=>P5+H                                                                        0.000         0.000         0.000         
 12     W2=>P6+H                                                                        0.000         0.000         0.000         
 13     W6=>W1                                                                          0.000         0.000         0.000         
 14     W6=>W2                                                                          0.000         0.000         0.000         
 15     W6=>W3                                                                          0.000         0.000         0.000         
 16     W6=>W4                                                                          0.000         0.000         0.000         
 17     W6=>W5                                                                          0.000         0.000         0.000         
 18     W6=>R+OH                                                                        0.000         0.000         0.000         
 19     W6=>P1+CO                                                                       0.000         0.000         0.000         
 20     W6=>P2+H                                                                        0.000         0.000         0.000         
 21     W6=>P3+H                                                                        0.000         0.000         0.000         
 22     W6=>P4+HCO                                                                      0.000         0.000         0.000         
 23     W6=>P5+H                                                                        0.000         0.000         0.000         
 24     W6=>P6+H                                                                        0.000         0.000         0.000         
 25     P3+H=>W1                                                                        0.000         0.000         0.000         
 26     P3+H=>W2                                                                        0.000         0.000         0.000         
 27     P3+H=>W3                                                                        0.000         0.000         0.000         
 28     P3+H=>W4                                                                        0.000         0.000         0.000         
 29     P3+H=>W5                                                                        0.000         0.000         0.000         
 30     P3+H=>W6                                                                        0.000         0.000         0.000         
 31     P3+H=>R+OH                                                                      0.000         0.000         0.000         
 32     P3+H=>P1+CO                                                                     0.000         0.000         0.000         
 33     P3+H=>P2+H                                                                      0.000         0.000         0.000         
 34     P3+H=>P4+HCO                                                                    0.000         0.000         0.000         
 35     P3+H=>P5+H                                                                      0.000         0.000         0.000         
 36     P3+H=>P6+H                                                                      0.000         0.000         0.000         
 37     P6+H=>W1                                                                        0.000         0.000         0.000         
 38     P6+H=>W2                                                                        0.000         0.000         0.000         
 39     P6+H=>W3                                                                        0.000         0.000         0.000         
 40     P6+H=>W4                                                                        0.000         0.000         0.000         
 41     P6+H=>W5                                                                        0.000         0.000         0.000         
 42     P6+H=>W6                                                                        0.000         0.000         0.000         
 43     P6+H=>R+OH                                                                      0.000         0.000         0.000         
 44     P6+H=>P1+CO                                                                     0.000         0.000         0.000         
 45     P6+H=>P2+H                                                                      0.000         0.000         0.000         
 46     P6+H=>P3+H                                                                      0.000         0.000         0.000         
 47     P6+H=>P4+HCO                                                                    0.000         0.000         0.000         
 48     P6+H=>P5+H                                                                      0.000         0.000         0.000         
 ================================================================================================================================


================================================================================================================================
 KINETIC DATA - REACTION  1 Simple
  W2  => W1 
================================================================================================================================
 Change in moles in the reaction = 0.000
 Reaction order (forward)  = 1.000
 k = 4.130000e-02  [1/s] and [J/kmol]
 k = 4.130000e-02  [1/s] and [cal/mol]
 -------------------------------------------------------------------------------------------------------------------------------
    Temperature   kF            Keq           kR            DG            DH            DS            kF            kR
    [K]           [kmol,m3,s]   [-]           [kmol,m3,s]   [kcal/mol]    [kcal/mol]    [cal/mol/K]   [mol,cm3,s]   [mol,cm3,s]
 -------------------------------------------------------------------------------------------------------------------------------
    300           4.130e-02     0             0             0.000         0.000         0.000         4.1300e-02    0             
    1000          4.130e-02     0             0             0.000         0.000         0.000         4.1300e-02    0             
    1500          4.130e-02     0             0             0.000         0.000         0.000         4.1300e-02    0             
    2000          4.130e-02     0             0             0.000         0.000         0.000         4.1300e-02    0             
    2500          4.130e-02     0             0             0.000         0.000         0.000         4.1300e-02    0             
 -------------------------------------------------------------------------------------------------------------------------------

================================================================================================================================
 KINETIC DATA - REACTION  2 Simple
  W2  => W3 
================================================================================================================================
 Change in moles in the reaction = 0
 Reaction order (forward)  = 1.000
 k = 7.610000e+03  [1/s] and [J/kmol]
 k = 7.610000e+03  [1/s] and [cal/mol]
 -------------------------------------------------------------------------------------------------------------------------------
    Temperature   kF            Keq           kR            DG            DH            DS            kF            kR
    [K]           [kmol,m3,s]   [-]           [kmol,m3,s]   [kcal/mol]    [kcal/mol]    [cal/mol/K]   [mol,cm3,s]   [mol,cm3,s]
 -------------------------------------------------------------------------------------------------------------------------------
    300           7.610e+03     0             0             0.000         0.000         0.000         7.6100e+03    0             
    1000          7.610e+03     0             0             0.000         0.000         0.000         7.6100e+03    0             
    1500          7.610e+03     0             0             0.000         0.000         0.000         7.6100e+03    0             
    2000          7.610e+03     0             0             0.000         0.000         0.000         7.6100e+03    0             
    2500          7.610e+03     0             0             0.000         0.000         0.000         7.6100e+03    0             
 -------------------------------------------------------------------------------------------------------------------------------

================================================================================================================================
 KINETIC DATA - REACTION  3 Simple
  W2  => W4 
================================================================================================================================
 Change in moles in the reaction = 0
 Reaction order (forward)  = 1.000
 k = 3.360000e-01  [1/s] and [J/kmol]
 k = 3.360000e-01  [1/s] and [cal/mol]
 -------------------------------------------------------------------------------------------------------------------------------
    Temperature   kF            Keq           kR            DG            DH            DS            kF            kR
    [K]           [kmol,m3,s]   [-]           [kmol,m3,s]   [kcal/mol]    [kcal/mol]    [cal/mol/K]   [mol,cm3,s]   [mol,cm3,s]
 -------------------------------------------------------------------------------------------------------------------------------
    300           3.360e-01     0             0             0.000         0.000         0.000         3.3600e-01    0             
    1000          3.360e-01     0             0             0.000         0.000         0.000         3.3600e-01    0             
    1500          3.360e-01     0             0             0.000         0.000         0.000         3.3600e-01    0             
    2000          3.360e-01     0             0             0.000         0.000         0.000         3.3600e-01    0             
    2500          3.360e-01     0             0             0.000         0.000         0.000         3.3600e-01    0             
 -------------------------------------------------------------------------------------------------------------------------------

================================================================================================================================
 KINETIC DATA - REACTION  4 Simple
  W2  => W5 
================================================================================================================================
 Change in moles in the reaction = 0
 Reaction order (forward)  = 1.000
 k = 5.380000e-01  [1/s] and [J/kmol]
 k = 5.380000e-01  [1/s] and [cal/mol]
 -------------------------------------------------------------------------------------------------------------------------------
    Temperature   kF            Keq           kR            DG            DH            DS            kF            kR
    [K]           [kmol,m3,s]   [-]           [kmol,m3,s]   [kcal/mol]    [kcal/mol]    [cal/mol/K]   [mol,cm3,s]   [mol,cm3,s]
 -------------------------------------------------------------------------------------------------------------------------------
    300           5.380e-01     0             0             0.000         0.000         0.000         5.3800e-01    0             
    1000          5.380e-01     0             0             0.000         0.000         0.000         5.3800e-01    0             
    1500          5.380e-01     0             0             0.000         0.000         0.000         5.3800e-01    0             
    2000          5.380e-01     0             0             0.000         0.000         0.000         5.3800e-01    0             
    2500          5.380e-01     0             0             0.000         0.000         0.000         5.3800e-01    0             
 -------------------------------------------------------------------------------------------------------------------------------

================================================================================================================================
 KINETIC DATA - REACTION  5 Simple
  W2  => W6 
================================================================================================================================
 Change in moles in the reaction = 0
 Reaction order (forward)  = 1.000
 k = 5.840000e-02  [1/s] and [J/kmol]
 k = 5.840000e-02  [1/s] and [cal/mol]
 -------------------------------------------------------------------------------------------------------------------------------
    Temperature   kF            Keq           kR            DG            DH            DS            kF            kR
    [K]           [kmol,m3,s]   [-]           [kmol,m3,s]   [kcal/mol]    [kcal/mol]    [cal/mol/K]   [mol,cm3,s]   [mol,cm3,s]
 -------------------------------------------------------------------------------------------------------------------------------
    300           5.840e-02     0             0             0.000         0.000         0.000         5.8400e-02    0             
    1000          5.840e-02     0             0             0.000         0.000         0.000         5.8400e-02    0             
    1500          5.840e-02     0             0             0.000         0.000         0.000         5.8400e-02    0             
    2000          5.840e-02     0             0             0.000         0.000         0.000         5.8400e-02    0             
    2500          5.840e-02     0             0             0.000         0.000         0.000         5.8400e-02    0             
 -------------------------------------------------------------------------------------------------------------------------------

================================================================================================================================
 KINETIC DATA - REACTION  6 Simple
  W2  => R + OH 
================================================================================================================================
 Change in moles in the reaction = 1
 Reaction order (forward)  = 1.000
 k = 1.160000e-04  [1/s] and [J/kmol]
 k = 1.160000e-04  [1/s] and [cal/mol]
 -------------------------------------------------------------------------------------------------------------------------------
    Temperature   kF            Keq           kR            DG            DH            DS            kF            kR
    [K]           [kmol,m3,s]   [-]           [kmol,m3,s]   [kcal/mol]    [kcal/mol]    [cal/mol/K]   [mol,cm3,s]   [mol,cm3,s]
 -------------------------------------------------------------------------------------------------------------------------------
    300           1.160e-04     0             0             0.000         0.000         0.000         1.1600e-04    0             
    1000          1.160e-04     0             0             0.000         0.000         0.000         1.1600e-04    0             
    1500          1.160e-04     0             0             0.000         0.000         0.000         1.1600e-04    0             
    2000          1.160e-04     0             0             0.000         0.000         0.000         1.1600e-04    0             
    2500          1.160e-04     0             0             0.000         0.000         0.000         1.1600e-04    0             
 -------------------------------------------------------------------------------------------------------------------------------

================================================================================================================================
 KINETIC DATA - REACTION  7 Simple
  W2  => P1 + CO 
================================================================================================================================
 Change in moles in the reaction = 1
 Reaction order (forward)  = 1.000
 k = 1.900000e-01  [1/s] and [J/kmol]
 k = 1.900000e-01  [1/s] and [cal/mol]
 -------------------------------------------------------------------------------------------------------------------------------
    Temperature   kF            Keq           kR            DG            DH            DS            kF            kR
    [K]           [kmol,m3,s]   [-]           [kmol,m3,s]   [kcal/mol]    [kcal/mol]    [cal/mol/K]   [mol,cm3,s]   [mol,cm3,s]
 -------------------------------------------------------------------------------------------------------------------------------
    300           1.900e-01     0             0             0.000         0.000         0.000         1.9000e-01    0             
    1000          1.900e-01     0             0             0.000         0.000         0.000         1.9000e-01    0             
    1500          1.900e-01     0             0             0.000         0.000         0.000         1.9000e-01    0             
    2000          1.900e-01     0             0             0.000         0.000         0.000         1.9000e-01    0             
    2500          1.900e-01     0             0             0.000         0.000         0.000         1.9000e-01    0             
 -------------------------------------------------------------------------------------------------------------------------------

================================================================================================================================
 KINETIC DATA - REACTION  8 Simple
  W2  => P2 + H 
================================================================================================================================
 Change in moles in the reaction = 1
 Reaction order (forward)  = 1.000
 k = 1.220000e-03  [1/s] and [J/kmol]
 k = 1.220000e-03  [1/s] and [cal/mol]
 -------------------------------------------------------------------------------------------------------------------------------
    Temperature   kF            Keq           kR            DG            DH            DS            kF            kR
    [K]           [kmol,m3,s]   [-]           [kmol,m3,s]   [kcal/mol]    [kcal/mol]    [cal/mol/K]   [mol,cm3,s]   [mol,cm3,s]
 -------------------------------------------------------------------------------------------------------------------------------
    300           1.220e-03     0             0             0.000         0.000         0.000         1.2200e-03    0             
    1000          1.220e-03     0             0             0.000         0.000         0.000         1.2200e-03    0             
    1500          1.220e-03     0             0             0.000         0.000         0.000         1.2200e-03    0             
    2000          1.220e-03     0             0             0.000         0.000         0.000         1.2200e-03    0             
    2500          1.220e-03     0             0             0.000         0.000         0.000         1.2200e-03    0             
 -------------------------------------------------------------------------------------------------------------------------------

================================================================================================================================
 KINETIC DATA - REACTION  9 Simple
  W2  => P3 + H 
================================================================================================================================
 Change in moles in the reaction = 1
 Reaction order (forward)  = 1.000
 k = 1.120000e-04  [1/s] and [J/kmol]
 k = 1.120000e-04  [1/s] and [cal/mol]
 -------------------------------------------------------------------------------------------------------------------------------
    Temperature   kF            Keq           kR            DG            DH            DS            kF            kR
    [K]           [kmol,m3,s]   [-]           [kmol,m3,s]   [kcal/mol]    [kcal/mol]    [cal/mol/K]   [mol,cm3,s]   [mol,cm3,s]
 -------------------------------------------------------------------------------------------------------------------------------
    300           1.120e-04     0             0             0.000         0.000         0.000         1.1200e-04    0             
    1000          1.120e-04     0             0             0.000         0.000         0.000         1.1200e-04    0             
    1500          1.120e-04     0             0             0.000         0.000         0.000         1.1200e-04    0             
    2000          1.120e-04     0             0             0.000         0.000         0.000         1.1200e-04    0             
    2500          1.120e-04     0             0             0.000         0.000         0.000         1.1200e-04    0             
 -------------------------------------------------------------------------------------------------------------------------------

================================================================================================================================
 KINETIC DATA - REACTION  10 Simple
  W2  => P4 + HCO 
================================================================================================================================
 Change in moles in the reaction = 1
 Reaction order (forward)  = 1.000
 k = 6.040000e-05  [1/s] and [J/kmol]
 k = 6.040000e-05  [1/s] and [cal/mol]
 -------------------------------------------------------------------------------------------------------------------------------
    Temperature   kF            Keq           kR            DG            DH            DS            kF            kR
    [K]           [kmol,m3,s]   [-]           [kmol,m3,s]   [kcal/mol]    [kcal/mol]    [cal/mol/K]   [mol,cm3,s]   [mol,cm3,s]
 -------------------------------------------------------------------------------------------------------------------------------
    300           6.040e-05     0             0             0.000         0.000         0.000         6.0400e-05    0             
    1000          6.040e-05     0             0             0.000         0.000         0.000         6.0400e-05    0             
    1500          6.040e-05     0             0             0.000         0.000         0.000         6.0400e-05    0             
    2000          6.040e-05     0             0             0.000         0.000         0.000         6.0400e-05    0             
    2500          6.040e-05     0             0             0.000         0.000         0.000         6.0400e-05    0             
 -------------------------------------------------------------------------------------------------------------------------------

================================================================================================================================
 KINETIC DATA - REACTION  11 Simple
  W2  => P5 + H 
================================================================================================================================
 Change in moles in the reaction = 1
 Reaction order (forward)  = 1.000
 k = 2.060000e-05  [1/s] and [J/kmol]
 k = 2.060000e-05  [1/s] and [cal/mol]
 -------------------------------------------------------------------------------------------------------------------------------
    Temperature   kF            Keq           kR            DG            DH            DS            kF            kR
    [K]           [kmol,m3,s]   [-]           [kmol,m3,s]   [kcal/mol]    [kcal/mol]    [cal/mol/K]   [mol,cm3,s]   [mol,cm3,s]
 -------------------------------------------------------------------------------------------------------------------------------
    300           2.060e-05     0             0             0.000         0.000         0.000         2.0600e-05    0             
    1000          2.060e-05     0             0             0.000         0.000         0.000         2.0600e-05    0             
    1500          2.060e-05     0             0             0.000         0.000         0.000         2.0600e-05    0             
    2000          2.060e-05     0             0             0.000         0.000         0.000         2.0600e-05    0             
    2500          2.060e-05     0             0             0.000         0.000         0.000         2.0600e-05    0             
 -------------------------------------------------------------------------------------------------------------------------------

================================================================================================================================
 KINETIC DATA - REACTION  12 Simple
  W2  => P6 + H 
================================================================================================================================
 Change in moles in the reaction = 1
 Reaction order (forward)  = 1.000
 k = 9.080000e-14  [1/s] and [J/kmol]
 k = 9.080000e-14  [1/s] and [cal/mol]
 -------------------------------------------------------------------------------------------------------------------------------
    Temperature   kF            Keq           kR            DG            DH            DS            kF            kR
    [K]           [kmol,m3,s]   [-]           [kmol,m3,s]   [kcal/mol]    [kcal/mol]    [cal/mol/K]   [mol,cm3,s]   [mol,cm3,s]
 -------------------------------------------------------------------------------------------------------------------------------
    300           9.080e-14     0             0             0.000         0.000         0.000         9.0800e-14    0             
    1000          9.080e-14     0             0             0.000         0.000         0.000         9.0800e-14    0             
    1500          9.080e-14     0             0             0.000         0.000         0.000         9.0800e-14    0             
    2000          9.080e-14     0             0             0.000         0.000         0.000         9.0800e-14    0             
    2500          9.080e-14     0             0             0.000         0.000         0.000         9.0800e-14    0             
 -------------------------------------------------------------------------------------------------------------------------------

================================================================================================================================
 KINETIC DATA - REACTION  13 Simple
  W6  => W1 
================================================================================================================================
 Change in moles in the reaction = 0
 Reaction order (forward)  = 1.000
 k = 2.250000e-05  [1/s] and [J/kmol]
 k = 2.250000e-05  [1/s] and [cal/mol]
 -------------------------------------------------------------------------------------------------------------------------------
    Temperature   kF            Keq           kR            DG            DH            DS            kF            kR
    [K]           [kmol,m3,s]   [-]           [kmol,m3,s]   [kcal/mol]    [kcal/mol]    [cal/mol/K]   [mol,cm3,s]   [mol,cm3,s]
 -------------------------------------------------------------------------------------------------------------------------------
    300           2.250e-05     0             0             0.000         0.000         0.000         2.2500e-05    0             
    1000          2.250e-05     0             0             0.000         0.000         0.000         2.2500e-05    0             
    1500          2.250e-05     0             0             0.000         0.000         0.000         2.2500e-05    0             
    2000          2.250e-05     0             0             0.000         0.000         0.000         2.2500e-05    0             
    2500          2.250e-05     0             0             0.000         0.000         0.000         2.2500e-05    0             
 -------------------------------------------------------------------------------------------------------------------------------

================================================================================================================================
 KINETIC DATA - REACTION  14 Simple
  W6  => W2 
================================================================================================================================
 Change in moles in the reaction = 0
 Reaction order (forward)  = 1.000
 k = 6.130000e-09  [1/s] and [J/kmol]
 k = 6.130000e-09  [1/s] and [cal/mol]
 -------------------------------------------------------------------------------------------------------------------------------
    Temperature   kF            Keq           kR            DG            DH            DS            kF            kR
    [K]           [kmol,m3,s]   [-]           [kmol,m3,s]   [kcal/mol]    [kcal/mol]    [cal/mol/K]   [mol,cm3,s]   [mol,cm3,s]
 -------------------------------------------------------------------------------------------------------------------------------
    300           6.130e-09     0             0             0.000         0.000         0.000         6.1300e-09    0             
    1000          6.130e-09     0             0             0.000         0.000         0.000         6.1300e-09    0             
    1500          6.130e-09     0             0             0.000         0.000         0.000         6.1300e-09    0             
    2000          6.130e-09     0             0             0.000         0.000         0.000         6.1300e-09    0             
    2500          6.130e-09     0             0             0.000         0.000         0.000         6.1300e-09    0             
 -------------------------------------------------------------------------------------------------------------------------------

================================================================================================================================
 KINETIC DATA - REACTION  15 Simple
  W6  => W3 
================================================================================================================================
 Change in moles in the reaction = 0
 Reaction order (forward)  = 1.000
 k = 4.200000e-04  [1/s] and [J/kmol]
 k = 4.200000e-04  [1/s] and [cal/mol]
 -------------------------------------------------------------------------------------------------------------------------------
    Temperature   kF            Keq           kR            DG            DH            DS            kF            kR
    [K]           [kmol,m3,s]   [-]           [kmol,m3,s]   [kcal/mol]    [kcal/mol]    [cal/mol/K]   [mol,cm3,s]   [mol,cm3,s]
 -------------------------------------------------------------------------------------------------------------------------------
    300           4.200e-04     0             0             0.000         0.000         0.000         4.2000e-04    0             
    1000          4.200e-04     0             0             0.000         0.000         0.000         4.2000e-04    0             
    1500          4.200e-04     0             0             0.000         0.000         0.000         4.2000e-04    0             
    2000          4.200e-04     0             0             0.000         0.000         0.000         4.2000e-04    0             
    2500          4.200e-04     0             0             0.000         0.000         0.000         4.2000e-04    0             
 -------------------------------------------------------------------------------------------------------------------------------

================================================================================================================================
 KINETIC DATA - REACTION  16 Simple
  W6  => W4 
================================================================================================================================
 Change in moles in the reaction = 0
 Reaction order (forward)  = 1.000
 k = 1.920000e-04  [1/s] and [J/kmol]
 k = 1.920000e-04  [1/s] and [cal/mol]
 -------------------------------------------------------------------------------------------------------------------------------
    Temperature   kF            Keq           kR            DG            DH            DS            kF            kR
    [K]           [kmol,m3,s]   [-]           [kmol,m3,s]   [kcal/mol]    [kcal/mol]    [cal/mol/K]   [mol,cm3,s]   [mol,cm3,s]
 -------------------------------------------------------------------------------------------------------------------------------
    300           1.920e-04     0             0             0.000         0.000         0.000         1.9200e-04    0             
    1000          1.920e-04     0             0             0.000         0.000         0.000         1.9200e-04    0             
    1500          1.920e-04     0             0             0.000         0.000         0.000         1.9200e-04    0             
    2000          1.920e-04     0             0             0.000         0.000         0.000         1.9200e-04    0             
    2500          1.920e-04     0             0             0.000         0.000         0.000         1.9200e-04    0             
 -------------------------------------------------------------------------------------------------------------------------------

================================================================================================================================
 KINETIC DATA - REACTION  17 Simple
  W6  => W5 
================================================================================================================================
 Change in moles in the reaction = 0
 Reaction order (forward)  = 1.000
 k = 3.010000e-04  [1/s] and [J/kmol]
 k = 3.010000e-04  [1/s] and [cal/mol]
 -------------------------------------------------------------------------------------------------------------------------------
    Temperature   kF            Keq           kR            DG            DH            DS            kF            kR
    [K]           [kmol,m3,s]   [-]           [kmol,m3,s]   [kcal/mol]    [kcal/mol]    [cal/mol/K]   [mol,cm3,s]   [mol,cm3,s]
 -------------------------------------------------------------------------------------------------------------------------------
    300           3.010e-04     0             0             0.000         0.000         0.000         3.0100e-04    0             
    1000          3.010e-04     0             0             0.000         0.000         0.000         3.0100e-04    0             
    1500          3.010e-04     0             0             0.000         0.000         0.000         3.0100e-04    0             
    2000          3.010e-04     0             0             0.000         0.000         0.000         3.0100e-04    0             
    2500          3.010e-04     0             0             0.000         0.000         0.000         3.0100e-04    0             
 -------------------------------------------------------------------------------------------------------------------------------

================================================================================================================================
 KINETIC DATA - REACTION  18 Simple
  W6  => R + OH 
================================================================================================================================
 Change in moles in the reaction = 1
 Reaction order (forward)  = 1.000
 k = 1.540000e-09  [1/s] and [J/kmol]
 k = 1.540000e-09  [1/s] and [cal/mol]
 -------------------------------------------------------------------------------------------------------------------------------
    Temperature   kF            Keq           kR            DG            DH            DS            kF            kR
    [K]           [kmol,m3,s]   [-]           [kmol,m3,s]   [kcal/mol]    [kcal/mol]    [cal/mol/K]   [mol,cm3,s]   [mol,cm3,s]
 -------------------------------------------------------------------------------------------------------------------------------
    300           1.540e-09     0             0             0.000         0.000         0.000         1.5400e-09    0             
    1000          1.540e-09     0             0             0.000         0.000         0.000         1.5400e-09    0             
    1500          1.540e-09     0             0             0.000         0.000         0.000         1.5400e-09    0             
    2000          1.540e-09     0             0             0.000         0.000         0.000         1.5400e-09    0             
    2500          1.540e-09     0             0             0.000         0.000         0.000         1.5400e-09    0             
 -------------------------------------------------------------------------------------------------------------------------------

================================================================================================================================
 KINETIC DATA - REACTION  19 Simple
  W6  => P1 + CO 
================================================================================================================================
 Change in moles in the reaction = 1
 Reaction order (forward)  = 1.000
 k = 9.010000e+01  [1/s] and [J/kmol]
 k = 9.010000e+01  [1/s] and [cal/mol]
 -------------------------------------------------------------------------------------------------------------------------------
    Temperature   kF            Keq           kR            DG            DH            DS            kF            kR
    [K]           [kmol,m3,s]   [-]           [kmol,m3,s]   [kcal/mol]    [kcal/mol]    [cal/mol/K]   [mol,cm3,s]   [mol,cm3,s]
 -------------------------------------------------------------------------------------------------------------------------------
    300           9.010e+01     0             0             0.000         0.000         0.000         9.0100e+01    0             
    1000          9.010e+01     0             0             0.000         0.000         0.000         9.0100e+01    0             
    1500          9.010e+01     0             0             0.000         0.000         0.000         9.0100e+01    0             
    2000          9.010e+01     0             0             0.000         0.000         0.000         9.0100e+01    0             
    2500          9.010e+01     0             0             0.000         0.000         0.000         9.0100e+01    0             
 -------------------------------------------------------------------------------------------------------------------------------

================================================================================================================================
 KINETIC DATA - REACTION  20 Simple
  W6  => P2 + H 
================================================================================================================================
 Change in moles in the reaction = 1
 Reaction order (forward)  = 1.000
 k = 2.610000e-05  [1/s] and [J/kmol]
 k = 2.610000e-05  [1/s] and [cal/mol]
 -------------------------------------------------------------------------------------------------------------------------------
    Temperature   kF            Keq           kR            DG            DH            DS            kF            kR
    [K]           [kmol,m3,s]   [-]           [kmol,m3,s]   [kcal/mol]    [kcal/mol]    [cal/mol/K]   [mol,cm3,s]   [mol,cm3,s]
 -------------------------------------------------------------------------------------------------------------------------------
    300           2.610e-05     0             0             0.000         0.000         0.000         2.6100e-05    0             
    1000          2.610e-05     0             0             0.000         0.000         0.000         2.6100e-05    0             
    1500          2.610e-05     0             0             0.000         0.000         0.000         2.6100e-05    0             
    2000          2.610e-05     0             0             0.000         0.000         0.000         2.6100e-05    0             
    2500          2.610e-05     0             0             0.000         0.000         0.000         2.6100e-05    0             
 -------------------------------------------------------------------------------------------------------------------------------

================================================================================================================================
 KINETIC DATA - REACTION  21 Simple
  W6  => P3 + H 
================================================================================================================================
 Change in moles in the reaction = 1
 Reaction order (forward)  = 1.000
 k = 1.600000e-09  [1/s] and [J/kmol]
 k = 1.600000e-09  [1/s] and [cal/mol]
 -------------------------------------------------------------------------------------------------------------------------------
    Temperature   kF            Keq           kR            DG            DH            DS            kF            kR
    [K]           [kmol,m3,s]   [-]           [kmol,m3,s]   [kcal/mol]    [kcal/mol]    [cal/mol/K]   [mol,cm3,s]   [mol,cm3,s]
 -------------------------------------------------------------------------------------------------------------------------------
    300           1.600e-09     0             0             0.000         0.000         0.000         1.6000e-09    0             
    1000          1.600e-09     0             0             0.000         0.000         0.000         1.6000e-09    0             
    1500          1.600e-09     0             0             0.000         0.000         0.000         1.6000e-09    0             
    2000          1.600e-09     0             0             0.000         0.000         0.000         1.6000e-09    0             
    2500          1.600e-09     0             0             0.000         0.000         0.000         1.6000e-09    0             
 -------------------------------------------------------------------------------------------------------------------------------

================================================================================================================================
 KINETIC DATA - REACTION  22 Simple
  W6  => P4 + HCO 
================================================================================================================================
 Change in moles in the reaction = 1
 Reaction order (forward)  = 1.000
 k = 8.090000e-13  [1/s] and [J/kmol]
 k = 8.090000e-13  [1/s] and [cal/mol]
 -------------------------------------------------------------------------------------------------------------------------------
    Temperature   kF            Keq           kR            DG            DH            DS            kF            kR
    [K]           [kmol,m3,s]   [-]           [kmol,m3,s]   [kcal/mol]    [kcal/mol]    [cal/mol/K]   [mol,cm3,s]   [mol,cm3,s]
 -------------------------------------------------------------------------------------------------------------------------------
    300           8.090e-13     0             0             0.000         0.000         0.000         8.0900e-13    0             
    1000          8.090e-13     0             0             0.000         0.000         0.000         8.0900e-13    0             
    1500          8.090e-13     0             0             0.000         0.000         0.000         8.0900e-13    0             
    2000          8.090e-13     0             0             0.000         0.000         0.000         8.0900e-13    0             
    2500          8.090e-13     0             0             0.000         0.000         0.000         8.0900e-13    0             
 -------------------------------------------------------------------------------------------------------------------------------

================================================================================================================================
 KINETIC DATA - REACTION  23 Simple
  W6  => P5 + H 
================================================================================================================================
 Change in moles in the reaction = 1
 Reaction order (forward)  = 1.000
 k = 2.680000e-10  [1/s] and [J/kmol]
 k = 2.680000e-10  [1/s] and [cal/mol]
 -------------------------------------------------------------------------------------------------------------------------------
    Temperature   kF            Keq           kR            DG            DH            DS            kF            kR
    [K]           [kmol,m3,s]   [-]           [kmol,m3,s]   [kcal/mol]    [kcal/mol]    [cal/mol/K]   [mol,cm3,s]   [mol,cm3,s]
 -------------------------------------------------------------------------------------------------------------------------------
    300           2.680e-10     0             0             0.000         0.000         0.000         2.6800e-10    0             
    1000          2.680e-10     0             0             0.000         0.000         0.000         2.6800e-10    0             
    1500          2.680e-10     0             0             0.000         0.000         0.000         2.6800e-10    0             
    2000          2.680e-10     0             0             0.000         0.000         0.000         2.6800e-10    0             
    2500          2.680e-10     0             0             0.000         0.000         0.000         2.6800e-10    0             
 -------------------------------------------------------------------------------------------------------------------------------

================================================================================================================================
 KINETIC DATA - REACTION  24 Simple
  W6  => P6 + H 
================================================================================================================================
 Change in moles in the reaction = 1
 Reaction order (forward)  = 1.000
 k = 4.060000e-19  [1/s] and [J/kmol]
 k = 4.060000e-19  [1/s] and [cal/mol]
 -------------------------------------------------------------------------------------------------------------------------------
    Temperature   kF            Keq           kR            DG            DH            DS            kF            kR
    [K]           [kmol,m3,s]   [-]           [kmol,m3,s]   [kcal/mol]    [kcal/mol]    [cal/mol/K]   [mol,cm3,s]   [mol,cm3,s]
 -------------------------------------------------------------------------------------------------------------------------------
    300           4.060e-19     0             0             0.000         0.000         0.000         4.0600e-19    0             
    1000          4.060e-19     0             0             0.000         0.000         0.000         4.0600e-19    0             
    1500          4.060e-19     0             0             0.000         0.000         0.000         4.0600e-19    0             
    2000          4.060e-19     0             0             0.000         0.000         0.000         4.0600e-19    0             
    2500          4.060e-19     0             0             0.000         0.000         0.000         4.0600e-19    0             
 -------------------------------------------------------------------------------------------------------------------------------

================================================================================================================================
 KINETIC DATA - REACTION  25 Simple
  P3 + H  => W1 
================================================================================================================================
 Change in moles in the reaction = -1
 Reaction order (forward)  = 2.000
 k = 8.520000e+09  [m3/kmol/s] and [J/kmol]
 k = 8.520000e+12  [cm3/mol/s] and [cal/mol]
 -------------------------------------------------------------------------------------------------------------------------------
    Temperature   kF            Keq           kR            DG            DH            DS            kF            kR
    [K]           [kmol,m3,s]   [-]           [kmol,m3,s]   [kcal/mol]    [kcal/mol]    [cal/mol/K]   [mol,cm3,s]   [mol,cm3,s]
 -------------------------------------------------------------------------------------------------------------------------------
    300           8.520e+09     0             0             0.000         0.000         0.000         8.5200e+12    0             
    1000          8.520e+09     0             0             0.000         0.000         0.000         8.5200e+12    0             
    1500          8.520e+09     0             0             0.000         0.000         0.000         8.5200e+12    0             
    2000          8.520e+09     0             0             0.000         0.000         0.000         8.5200e+12    0             
    2500          8.520e+09     0             0             0.000         0.000         0.000         8.5200e+12    0             
 -------------------------------------------------------------------------------------------------------------------------------

================================================================================================================================
 KINETIC DATA - REACTION  26 Simple
  P3 + H  => W2 
================================================================================================================================
 Change in moles in the reaction = -1
 Reaction order (forward)  = 2.000
 k = 3.500000e+05  [m3/kmol/s] and [J/kmol]
 k = 3.500000e+08  [cm3/mol/s] and [cal/mol]
 -------------------------------------------------------------------------------------------------------------------------------
    Temperature   kF            Keq           kR            DG            DH            DS            kF            kR
    [K]           [kmol,m3,s]   [-]           [kmol,m3,s]   [kcal/mol]    [kcal/mol]    [cal/mol/K]   [mol,cm3,s]   [mol,cm3,s]
 -------------------------------------------------------------------------------------------------------------------------------
    300           3.500e+05     0             0             0.000         0.000         0.000         3.5000e+08    0             
    1000          3.500e+05     0             0             0.000         0.000         0.000         3.5000e+08    0             
    1500          3.500e+05     0             0             0.000         0.000         0.000         3.5000e+08    0             
    2000          3.500e+05     0             0             0.000         0.000         0.000         3.5000e+08    0             
    2500          3.500e+05     0             0             0.000         0.000         0.000         3.5000e+08    0             
 -------------------------------------------------------------------------------------------------------------------------------

================================================================================================================================
 KINETIC DATA - REACTION  27 Simple
  P3 + H  => W3 
================================================================================================================================
 Change in moles in the reaction = -1
 Reaction order (forward)  = 2.000
 k = 7.580000e+06  [m3/kmol/s] and [J/kmol]
 k = 7.580000e+09  [cm3/mol/s] and [cal/mol]
 -------------------------------------------------------------------------------------------------------------------------------
    Temperature   kF            Keq           kR            DG            DH            DS            kF            kR
    [K]           [kmol,m3,s]   [-]           [kmol,m3,s]   [kcal/mol]    [kcal/mol]    [cal/mol/K]   [mol,cm3,s]   [mol,cm3,s]
 -------------------------------------------------------------------------------------------------------------------------------
    300           7.580e+06     0             0             0.000         0.000         0.000         7.5800e+09    0             
    1000          7.580e+06     0             0             0.000         0.000         0.000         7.5800e+09    0             
    1500          7.580e+06     0             0             0.000         0.000         0.000         7.5800e+09    0             
    2000          7.580e+06     0             0             0.000         0.000         0.000         7.5800e+09    0             
    2500          7.580e+06     0             0             0.000         0.000         0.000         7.5800e+09    0             
 -------------------------------------------------------------------------------------------------------------------------------

================================================================================================================================
 KINETIC DATA - REACTION  28 Simple
  P3 + H  => W4 
================================================================================================================================
 Change in moles in the reaction = -1
 Reaction order (forward)  = 2.000
 k = 7.220000e+10  [m3/kmol/s] and [J/kmol]
 k = 7.220000e+13  [cm3/mol/s] and [cal/mol]
 -------------------------------------------------------------------------------------------------------------------------------
    Temperature   kF            Keq           kR            DG            DH            DS            kF            kR
    [K]           [kmol,m3,s]   [-]           [kmol,m3,s]   [kcal/mol]    [kcal/mol]    [cal/mol/K]   [mol,cm3,s]   [mol,cm3,s]
 -------------------------------------------------------------------------------------------------------------------------------
    300           7.220e+10     0             0             0.000         0.000         0.000         7.2200e+13    0             
    1000          7.220e+10     0             0             0.000         0.000         0.000         7.2200e+13    0             
    1500          7.220e+10     0             0             0.000         0.000         0.000         7.2200e+13    0             
    2000          7.220e+10     0             0             0.000         0.000         0.000         7.2200e+13    0             
    2500          7.220e+10     0             0             0.000         0.000         0.000         7.2200e+13    0             
 -------------------------------------------------------------------------------------------------------------------------------

================================================================================================================================
 KINETIC DATA - REACTION  29 Simple
  P3 + H  => W5 
================================================================================================================================
 Change in moles in the reaction = -1
 Reaction order (forward)  = 2.000
 k = 1.140000e+11  [m3/kmol/s] and [J/kmol]
 k = 1.140000e+14  [cm3/mol/s] and [cal/mol]
 -------------------------------------------------------------------------------------------------------------------------------
    Temperature   kF            Keq           kR            DG            DH            DS            kF            kR
    [K]           [kmol,m3,s]   [-]           [kmol,m3,s]   [kcal/mol]    [kcal/mol]    [cal/mol/K]   [mol,cm3,s]   [mol,cm3,s]
 -------------------------------------------------------------------------------------------------------------------------------
    300           1.140e+11     0             0             0.000         0.000         0.000         1.1400e+14    0             
    1000          1.140e+11     0             0             0.000         0.000         0.000         1.1400e+14    0             
    1500          1.140e+11     0             0             0.000         0.000         0.000         1.1400e+14    0             
    2000          1.140e+11     0             0             0.000         0.000         0.000         1.1400e+14    0             
    2500          1.140e+11     0             0             0.000         0.000         0.000         1.1400e+14    0             
 -------------------------------------------------------------------------------------------------------------------------------

================================================================================================================================
 KINETIC DATA - REACTION  30 Simple
  P3 + H  => W6 
================================================================================================================================
 Change in moles in the reaction = -1
 Reaction order (forward)  = 2.000
 k = 4.790000e+07  [m3/kmol/s] and [J/kmol]
 k = 4.790000e+10  [cm3/mol/s] and [cal/mol]
 -------------------------------------------------------------------------------------------------------------------------------
    Temperature   kF            Keq           kR            DG            DH            DS            kF            kR
    [K]           [kmol,m3,s]   [-]           [kmol,m3,s]   [kcal/mol]    [kcal/mol]    [cal/mol/K]   [mol,cm3,s]   [mol,cm3,s]
 -------------------------------------------------------------------------------------------------------------------------------
    300           4.790e+07     0             0             0.000         0.000         0.000         4.7900e+10    0             
    1000          4.790e+07     0             0             0.000         0.000         0.000         4.7900e+10    0             
    1500          4.790e+07     0             0             0.000         0.000         0.000         4.7900e+10    0             
    2000          4.790e+07     0             0             0.000         0.000         0.000         4.7900e+10    0             
    2500          4.790e+07     0             0             0.000         0.000         0.000         4.7900e+10    0             
 -------------------------------------------------------------------------------------------------------------------------------

================================================================================================================================
 KINETIC DATA - REACTION  31 Simple
  P3 + H  => R + OH 
================================================================================================================================
 Change in moles in the reaction = 0
 Reaction order (forward)  = 2.000
 k = 5.010000e+08  [m3/kmol/s] and [J/kmol]
 k = 5.010000e+11  [cm3/mol/s] and [cal/mol]
 -------------------------------------------------------------------------------------------------------------------------------
    Temperature   kF            Keq           kR            DG            DH            DS            kF            kR
    [K]           [kmol,m3,s]   [-]           [kmol,m3,s]   [kcal/mol]    [kcal/mol]    [cal/mol/K]   [mol,cm3,s]   [mol,cm3,s]
 -------------------------------------------------------------------------------------------------------------------------------
    300           5.010e+08     0             0             0.000         0.000         0.000         5.0100e+11    0             
    1000          5.010e+08     0             0             0.000         0.000         0.000         5.0100e+11    0             
    1500          5.010e+08     0             0             0.000         0.000         0.000         5.0100e+11    0             
    2000          5.010e+08     0             0             0.000         0.000         0.000         5.0100e+11    0             
    2500          5.010e+08     0             0             0.000         0.000         0.000         5.0100e+11    0             
 -------------------------------------------------------------------------------------------------------------------------------

================================================================================================================================
 KINETIC DATA - REACTION  32 Simple
  P3 + H  => P1 + CO 
================================================================================================================================
 Change in moles in the reaction = 0
 Reaction order (forward)  = 2.000
 k = 2.100000e+09  [m3/kmol/s] and [J/kmol]
 k = 2.100000e+12  [cm3/mol/s] and [cal/mol]
 -------------------------------------------------------------------------------------------------------------------------------
    Temperature   kF            Keq           kR            DG            DH            DS            kF            kR
    [K]           [kmol,m3,s]   [-]           [kmol,m3,s]   [kcal/mol]    [kcal/mol]    [cal/mol/K]   [mol,cm3,s]   [mol,cm3,s]
 -------------------------------------------------------------------------------------------------------------------------------
    300           2.100e+09     0             0             0.000         0.000         0.000         2.1000e+12    0             
    1000          2.100e+09     0             0             0.000         0.000         0.000         2.1000e+12    0             
    1500          2.100e+09     0             0             0.000         0.000         0.000         2.1000e+12    0             
    2000          2.100e+09     0             0             0.000         0.000         0.000         2.1000e+12    0             
    2500          2.100e+09     0             0             0.000         0.000         0.000         2.1000e+12    0             
 -------------------------------------------------------------------------------------------------------------------------------

================================================================================================================================
 KINETIC DATA - REACTION  33 Simple
  P3 + H  => P2 + H 
================================================================================================================================
 Change in moles in the reaction = 0
 Reaction order (forward)  = 2.000
 k = 2.890000e+09  [m3/kmol/s] and [J/kmol]
 k = 2.890000e+12  [cm3/mol/s] and [cal/mol]
 -------------------------------------------------------------------------------------------------------------------------------
    Temperature   kF            Keq           kR            DG            DH            DS            kF            kR
    [K]           [kmol,m3,s]   [-]           [kmol,m3,s]   [kcal/mol]    [kcal/mol]    [cal/mol/K]   [mol,cm3,s]   [mol,cm3,s]
 -------------------------------------------------------------------------------------------------------------------------------
    300           2.890e+09     0             0             0.000         0.000         0.000         2.8900e+12    0             
    1000          2.890e+09     0             0             0.000         0.000         0.000         2.8900e+12    0             
    1500          2.890e+09     0             0             0.000         0.000         0.000         2.8900e+12    0             
    2000          2.890e+09     0             0             0.000         0.000         0.000         2.8900e+12    0             
    2500          2.890e+09     0             0             0.000         0.000         0.000         2.8900e+12    0             
 -------------------------------------------------------------------------------------------------------------------------------

================================================================================================================================
 KINETIC DATA - REACTION  34 Simple
  P3 + H  => P4 + HCO 
================================================================================================================================
 Change in moles in the reaction = 0
 Reaction order (forward)  = 2.000
 k = 1.280000e+04  [m3/kmol/s] and [J/kmol]
 k = 1.280000e+07  [cm3/mol/s] and [cal/mol]
 -------------------------------------------------------------------------------------------------------------------------------
    Temperature   kF            Keq           kR            DG            DH            DS            kF            kR
    [K]           [kmol,m3,s]   [-]           [kmol,m3,s]   [kcal/mol]    [kcal/mol]    [cal/mol/K]   [mol,cm3,s]   [mol,cm3,s]
 -------------------------------------------------------------------------------------------------------------------------------
    300           1.280e+04     0             0             0.000         0.000         0.000         1.2800e+07    0             
    1000          1.280e+04     0             0             0.000         0.000         0.000         1.2800e+07    0             
    1500          1.280e+04     0             0             0.000         0.000         0.000         1.2800e+07    0             
    2000          1.280e+04     0             0             0.000         0.000         0.000         1.2800e+07    0             
    2500          1.280e+04     0             0             0.000         0.000         0.000         1.2800e+07    0             
 -------------------------------------------------------------------------------------------------------------------------------

================================================================================================================================
 KINETIC DATA - REACTION  35 Simple
  P3 + H  => P5 + H 
================================================================================================================================
 Change in moles in the reaction = 0
 Reaction order (forward)  = 2.000
 k = 1.120000e+08  [m3/kmol/s] and [J/kmol]
 k = 1.120000e+11  [cm3/mol/s] and [cal/mol]
 -------------------------------------------------------------------------------------------------------------------------------
    Temperature   kF            Keq           kR            DG            DH            DS            kF            kR
    [K]           [kmol,m3,s]   [-]           [kmol,m3,s]   [kcal/mol]    [kcal/mol]    [cal/mol/K]   [mol,cm3,s]   [mol,cm3,s]
 -------------------------------------------------------------------------------------------------------------------------------
    300           1.120e+08     0             0             0.000         0.000         0.000         1.1200e+11    0             
    1000          1.120e+08     0             0             0.000         0.000         0.000         1.1200e+11    0             
    1500          1.120e+08     0             0             0.000         0.000         0.000         1.1200e+11    0             
    2000          1.120e+08     0             0             0.000         0.000         0.000         1.1200e+11    0             
    2500          1.120e+08     0             0             0.000         0.000         0.000         1.1200e+11    0             
 -------------------------------------------------------------------------------------------------------------------------------

================================================================================================================================
 KINETIC DATA - REACTION  36 Simple
  P3 + H  => P6 + H 
================================================================================================================================
 Change in moles in the reaction = 0
 Reaction order (forward)  = 2.000
 k = 2.700000e+01  [m3/kmol/s] and [J/kmol]
 k = 2.700000e+04  [cm3/mol/s] and [cal/mol]
 -------------------------------------------------------------------------------------------------------------------------------
    Temperature   kF            Keq           kR            DG            DH            DS            kF            kR
    [K]           [kmol,m3,s]   [-]           [kmol,m3,s]   [kcal/mol]    [kcal/mol]    [cal/mol/K]   [mol,cm3,s]   [mol,cm3,s]
 -------------------------------------------------------------------------------------------------------------------------------
    300           2.700e+01     0             0             0.000         0.000         0.000         2.7000e+04    0             
    1000          2.700e+01     0             0             0.000         0.000         0.000         2.7000e+04    0             
    1500          2.700e+01     0             0             0.000         0.000         0.000         2.7000e+04    0             
    2000          2.700e+01     0             0             0.000         0.000         0.000         2.7000e+04    0             
    2500          2.700e+01     0             0             0.000         0.000         0.000         2.7000e+04    0             
 -------------------------------------------------------------------------------------------------------------------------------

================================================================================================================================
 KINETIC DATA - REACTION  37 Simple
  P6 + H  => W1 
================================================================================================================================
 Change in moles in the reaction = -1
 Reaction order (forward)  = 2.000
 k = 8.790000e+08  [m3/kmol/s] and [J/kmol]
 k = 8.790000e+11  [cm3/mol/s] and [cal/mol]
 -------------------------------------------------------------------------------------------------------------------------------
    Temperature   kF            Keq           kR            DG            DH            DS            kF            kR
    [K]           [kmol,m3,s]   [-]           [kmol,m3,s]   [kcal/mol]    [kcal/mol]    [cal/mol/K]   [mol,cm3,s]   [mol,cm3,s]
 -------------------------------------------------------------------------------------------------------------------------------
    300           8.790e+08     0             0             0.000         0.000         0.000         8.7900e+11    0             
    1000          8.790e+08     0             0             0.000         0.000         0.000         8.7900e+11    0             
    1500          8.790e+08     0             0             0.000         0.000         0.000         8.7900e+11    0             
    2000          8.790e+08     0             0             0.000         0.000         0.000         8.7900e+11    0             
    2500          8.790e+08     0             0             0.000         0.000         0.000         8.7900e+11    0             
 -------------------------------------------------------------------------------------------------------------------------------

================================================================================================================================
 KINETIC DATA - REACTION  38 Simple
  P6 + H  => W2 
================================================================================================================================
 Change in moles in the reaction = -1
 Reaction order (forward)  = 2.000
 k = 1.380000e+05  [m3/kmol/s] and [J/kmol]
 k = 1.380000e+08  [cm3/mol/s] and [cal/mol]
 -------------------------------------------------------------------------------------------------------------------------------
    Temperature   kF            Keq           kR            DG            DH            DS            kF            kR
    [K]           [kmol,m3,s]   [-]           [kmol,m3,s]   [kcal/mol]    [kcal/mol]    [cal/mol/K]   [mol,cm3,s]   [mol,cm3,s]
 -------------------------------------------------------------------------------------------------------------------------------
    300           1.380e+05     0             0             0.000         0.000         0.000         1.3800e+08    0             
    1000          1.380e+05     0             0             0.000         0.000         0.000         1.3800e+08    0             
    1500          1.380e+05     0             0             0.000         0.000         0.000         1.3800e+08    0             
    2000          1.380e+05     0             0             0.000         0.000         0.000         1.3800e+08    0             
    2500          1.380e+05     0             0             0.000         0.000         0.000         1.3800e+08    0             
 -------------------------------------------------------------------------------------------------------------------------------

================================================================================================================================
 KINETIC DATA - REACTION  39 Simple
  P6 + H  => W3 
================================================================================================================================
 Change in moles in the reaction = -1
 Reaction order (forward)  = 2.000
 k = 1.250000e+08  [m3/kmol/s] and [J/kmol]
 k = 1.250000e+11  [cm3/mol/s] and [cal/mol]
 -------------------------------------------------------------------------------------------------------------------------------
    Temperature   kF            Keq           kR            DG            DH            DS            kF            kR
    [K]           [kmol,m3,s]   [-]           [kmol,m3,s]   [kcal/mol]    [kcal/mol]    [cal/mol/K]   [mol,cm3,s]   [mol,cm3,s]
 -------------------------------------------------------------------------------------------------------------------------------
    300           1.250e+08     0             0             0.000         0.000         0.000         1.2500e+11    0             
    1000          1.250e+08     0             0             0.000         0.000         0.000         1.2500e+11    0             
    1500          1.250e+08     0             0             0.000         0.000         0.000         1.2500e+11    0             
    2000          1.250e+08     0             0             0.000         0.000         0.000         1.2500e+11    0             
    2500          1.250e+08     0             0             0.000         0.000         0.000         1.2500e+11    0             
 -------------------------------------------------------------------------------------------------------------------------------

================================================================================================================================
 KINETIC DATA - REACTION  40 Simple
  P6 + H  => W4 
================================================================================================================================
 Change in moles in the reaction = -1
 Reaction order (forward)  = 2.000
 k = 7.180000e+09  [m3/kmol/s] and [J/kmol]
 k = 7.180000e+12  [cm3/mol/s] and [cal/mol]
 -------------------------------------------------------------------------------------------------------------------------------
    Temperature   kF            Keq           kR            DG            DH            DS            kF            kR
    [K]           [kmol,m3,s]   [-]           [kmol,m3,s]   [kcal/mol]    [kcal/mol]    [cal/mol/K]   [mol,cm3,s]   [mol,cm3,s]
 -------------------------------------------------------------------------------------------------------------------------------
    300           7.180e+09     0             0             0.000         0.000         0.000         7.1800e+12    0             
    1000          7.180e+09     0             0             0.000         0.000         0.000         7.1800e+12    0             
    1500          7.180e+09     0             0             0.000         0.000         0.000         7.1800e+12    0             
    2000          7.180e+09     0             0             0.000         0.000         0.000         7.1800e+12    0             
    2500          7.180e+09     0             0             0.000         0.000         0.000         7.1800e+12    0             
 -------------------------------------------------------------------------------------------------------------------------------

================================================================================================================================
 KINETIC DATA - REACTION  41 Simple
  P6 + H  => W5 
================================================================================================================================
 Change in moles in the reaction = -1
 Reaction order (forward)  = 2.000
 k = 1.140000e+10  [m3/kmol/s] and [J/kmol]
 k = 1.140000e+13  [cm3/mol/s] and [cal/mol]
 -------------------------------------------------------------------------------------------------------------------------------
    Temperature   kF            Keq           kR            DG            DH            DS            kF            kR
    [K]           [kmol,m3,s]   [-]           [kmol,m3,s]   [kcal/mol]    [kcal/mol]    [cal/mol/K]   [mol,cm3,s]   [mol,cm3,s]
 -------------------------------------------------------------------------------------------------------------------------------
    300           1.140e+10     0             0             0.000         0.000         0.000         1.1400e+13    0             
    1000          1.140e+10     0             0             0.000         0.000         0.000         1.1400e+13    0             
    1500          1.140e+10     0             0             0.000         0.000         0.000         1.1400e+13    0             
    2000          1.140e+10     0             0             0.000         0.000         0.000         1.1400e+13    0             
    2500          1.140e+10     0             0             0.000         0.000         0.000         1.1400e+13    0             
 -------------------------------------------------------------------------------------------------------------------------------

================================================================================================================================
 KINETIC DATA - REACTION  42 Simple
  P6 + H  => W6 
================================================================================================================================
 Change in moles in the reaction = -1
 Reaction order (forward)  = 2.000
 k = 5.860000e+06  [m3/kmol/s] and [J/kmol]
 k = 5.860000e+09  [cm3/mol/s] and [cal/mol]
 -------------------------------------------------------------------------------------------------------------------------------
    Temperature   kF            Keq           kR            DG            DH            DS            kF            kR
    [K]           [kmol,m3,s]   [-]           [kmol,m3,s]   [kcal/mol]    [kcal/mol]    [cal/mol/K]   [mol,cm3,s]   [mol,cm3,s]
 -------------------------------------------------------------------------------------------------------------------------------
    300           5.860e+06     0             0             0.000         0.000         0.000         5.8600e+09    0             
    1000          5.860e+06     0             0             0.000         0.000         0.000         5.8600e+09    0             
    1500          5.860e+06     0             0             0.000         0.000         0.000         5.8600e+09    0             
    2000          5.860e+06     0             0             0.000         0.000         0.000         5.8600e+09    0             
    2500          5.860e+06     0             0             0.000         0.000         0.000         5.8600e+09    0             
 -------------------------------------------------------------------------------------------------------------------------------

================================================================================================================================
 KINETIC DATA - REACTION  43 Simple
  P6 + H  => R + OH 
================================================================================================================================
 Change in moles in the reaction = 0
 Reaction order (forward)  = 2.000
 k = 1.050000e+10  [m3/kmol/s] and [J/kmol]
 k = 1.050000e+13  [cm3/mol/s] and [cal/mol]
 -------------------------------------------------------------------------------------------------------------------------------
    Temperature   kF            Keq           kR            DG            DH            DS            kF            kR
    [K]           [kmol,m3,s]   [-]           [kmol,m3,s]   [kcal/mol]    [kcal/mol]    [cal/mol/K]   [mol,cm3,s]   [mol,cm3,s]
 -------------------------------------------------------------------------------------------------------------------------------
    300           1.050e+10     0             0             0.000         0.000         0.000         1.0500e+13    0             
    1000          1.050e+10     0             0             0.000         0.000         0.000         1.0500e+13    0             
    1500          1.050e+10     0             0             0.000         0.000         0.000         1.0500e+13    0             
    2000          1.050e+10     0             0             0.000         0.000         0.000         1.0500e+13    0             
    2500          1.050e+10     0             0             0.000         0.000         0.000         1.0500e+13    0             
 -------------------------------------------------------------------------------------------------------------------------------

================================================================================================================================
 KINETIC DATA - REACTION  44 Simple
  P6 + H  => P1 + CO 
================================================================================================================================
 Change in moles in the reaction = 0
 Reaction order (forward)  = 2.000
 k = 1.250000e+10  [m3/kmol/s] and [J/kmol]
 k = 1.250000e+13  [cm3/mol/s] and [cal/mol]
 -------------------------------------------------------------------------------------------------------------------------------
    Temperature   kF            Keq           kR            DG            DH            DS            kF            kR
    [K]           [kmol,m3,s]   [-]           [kmol,m3,s]   [kcal/mol]    [kcal/mol]    [cal/mol/K]   [mol,cm3,s]   [mol,cm3,s]
 -------------------------------------------------------------------------------------------------------------------------------
    300           1.250e+10     0             0             0.000         0.000         0.000         1.2500e+13    0             
    1000          1.250e+10     0             0             0.000         0.000         0.000         1.2500e+13    0             
    1500          1.250e+10     0             0             0.000         0.000         0.000         1.2500e+13    0             
    2000          1.250e+10     0             0             0.000         0.000         0.000         1.2500e+13    0             
    2500          1.250e+10     0             0             0.000         0.000         0.000         1.2500e+13    0             
 -------------------------------------------------------------------------------------------------------------------------------

================================================================================================================================
 KINETIC DATA - REACTION  45 Simple
  P6 + H  => P2 + H 
================================================================================================================================
 Change in moles in the reaction = 0
 Reaction order (forward)  = 2.000
 k = 3.400000e+10  [m3/kmol/s] and [J/kmol]
 k = 3.400000e+13  [cm3/mol/s] and [cal/mol]
 -------------------------------------------------------------------------------------------------------------------------------
    Temperature   kF            Keq           kR            DG            DH            DS            kF            kR
    [K]           [kmol,m3,s]   [-]           [kmol,m3,s]   [kcal/mol]    [kcal/mol]    [cal/mol/K]   [mol,cm3,s]   [mol,cm3,s]
 -------------------------------------------------------------------------------------------------------------------------------
    300           3.400e+10     0             0             0.000         0.000         0.000         3.4000e+13    0             
    1000          3.400e+10     0             0             0.000         0.000         0.000         3.4000e+13    0             
    1500          3.400e+10     0             0             0.000         0.000         0.000         3.4000e+13    0             
    2000          3.400e+10     0             0             0.000         0.000         0.000         3.4000e+13    0             
    2500          3.400e+10     0             0             0.000         0.000         0.000         3.4000e+13    0             
 -------------------------------------------------------------------------------------------------------------------------------

================================================================================================================================
 KINETIC DATA - REACTION  46 Simple
  P6 + H  => P3 + H 
================================================================================================================================
 Change in moles in the reaction = 0
 Reaction order (forward)  = 2.000
 k = 1.300000e+10  [m3/kmol/s] and [J/kmol]
 k = 1.300000e+13  [cm3/mol/s] and [cal/mol]
 -------------------------------------------------------------------------------------------------------------------------------
    Temperature   kF            Keq           kR            DG            DH            DS            kF            kR
    [K]           [kmol,m3,s]   [-]           [kmol,m3,s]   [kcal/mol]    [kcal/mol]    [cal/mol/K]   [mol,cm3,s]   [mol,cm3,s]
 -------------------------------------------------------------------------------------------------------------------------------
    300           1.300e+10     0             0             0.000         0.000         0.000         1.3000e+13    0             
    1000          1.300e+10     0             0             0.000         0.000         0.000         1.3000e+13    0             
    1500          1.300e+10     0             0             0.000         0.000         0.000         1.3000e+13    0             
    2000          1.300e+10     0             0             0.000         0.000         0.000         1.3000e+13    0             
    2500          1.300e+10     0             0             0.000         0.000         0.000         1.3000e+13    0             
 -------------------------------------------------------------------------------------------------------------------------------

================================================================================================================================
 KINETIC DATA - REACTION  47 Simple
  P6 + H  => P4 + HCO 
================================================================================================================================
 Change in moles in the reaction = 0
 Reaction order (forward)  = 2.000
 k = 1.120000e+07  [m3/kmol/s] and [J/kmol]
 k = 1.120000e+10  [cm3/mol/s] and [cal/mol]
 -------------------------------------------------------------------------------------------------------------------------------
    Temperature   kF            Keq           kR            DG            DH            DS            kF            kR
    [K]           [kmol,m3,s]   [-]           [kmol,m3,s]   [kcal/mol]    [kcal/mol]    [cal/mol/K]   [mol,cm3,s]   [mol,cm3,s]
 -------------------------------------------------------------------------------------------------------------------------------
    300           1.120e+07     0             0             0.000         0.000         0.000         1.1200e+10    0             
    1000          1.120e+07     0             0             0.000         0.000         0.000         1.1200e+10    0             
    1500          1.120e+07     0             0             0.000         0.000         0.000         1.1200e+10    0             
    2000          1.120e+07     0             0             0.000         0.000         0.000         1.1200e+10    0             
    2500          1.120e+07     0             0             0.000         0.000         0.000         1.1200e+10    0             
 -------------------------------------------------------------------------------------------------------------------------------

================================================================================================================================
 KINETIC DATA - REACTION  48 Simple
  P6 + H  => P5 + H 
================================================================================================================================
 Change in moles in the reaction = 0
 Reaction order (forward)  = 2.000
 k = 3.230000e+09  [m3/kmol/s] and [J/kmol]
 k = 3.230000e+12  [cm3/mol/s] and [cal/mol]
 -------------------------------------------------------------------------------------------------------------------------------
    Temperature   kF            Keq           kR            DG            DH            DS            kF            kR
    [K]           [kmol,m3,s]   [-]           [kmol,m3,s]   [kcal/mol]    [kcal/mol]    [cal/mol/K]   [mol,cm3,s]   [mol,cm3,s]
 -------------------------------------------------------------------------------------------------------------------------------
    300           3.230e+09     0             0             0.000         0.000         0.000         3.2300e+12    0             
    1000          3.230e+09     0             0             0.000         0.000         0.000         3.2300e+12    0             
    1500          3.230e+09     0             0             0.000         0.000         0.000         3.2300e+12    0             
    2000          3.230e+09     0             0             0.000         0.000         0.000         3.2300e+12    0             
    2500          3.230e+09     0             0             0.000         0.000         0.000         3.2300e+12    0             
 -------------------------------------------------------------------------------------------------------------------------------

