---------------------------------------------------------------------------------------
                                  CHEMICAL REACTIONS                                   

                          Units: [mol, cm3, s] and [cal/mol]                           
---------------------------------------------------------------------------------------


      1. W2  => W1 
         k:       4.130000e-02	    0.00          0.00
         kRev:    4.130000e-02	    0.00          0.00


      2. W2  => W3 
         k:       7.610000e+03	    0.00          0.00
         kRev:    7.610000e+03	    0.00         -0.00


      3. W2  => W4 
         k:       3.360000e-01	    0.00          0.00
         kRev:    3.360000e-01	    0.00          0.00


      4. W2  => W5 
         k:       5.380000e-01	    0.00          0.00
         kRev:    5.380000e-01	    0.00          0.00


      5. W2  => W6 
         k:       5.840000e-02	    0.00          0.00
         kRev:    5.840000e-02	    0.00          0.00


      6. W2  => R + OH 
         k:       1.160000e-04	    0.00          0.00
         kRev:    2.435464e+01	    0.00       1411.06


      7. W2  => P1 + CO 
         k:       1.900000e-01	    0.00          0.00
         kRev:    3.989122e+04	    0.00       1411.06


      8. W2  => P2 + H 
         k:       1.220000e-03	    0.00          0.00
         kRev:    2.561436e+02	    0.00       1411.06


      9. W2  => P3 + H 
         k:       1.120000e-04	    0.00          0.00
         kRev:    2.351483e+01	    0.00       1411.06


     10. W2  => P4 + HCO 
         k:       6.040000e-05	    0.00          0.00
         kRev:    1.268121e+01	    0.00       1411.06


     11. W2  => P5 + H 
         k:       2.060000e-05	    0.00          0.00
         kRev:    4.325048e+00	    0.00       1411.06


     12. W2  => P6 + H 
         k:       9.080000e-14	    0.00          0.00
         kRev:    1.906381e-08	    0.00       1411.06


     13. W6  => W1 
         k:       2.250000e-05	    0.00          0.00
         kRev:    2.250000e-05	    0.00          0.00


     14. W6  => W2 
         k:       6.130000e-09	    0.00          0.00
         kRev:    6.130000e-09	    0.00          0.00


     15. W6  => W3 
         k:       4.200000e-04	    0.00          0.00
         kRev:    4.200000e-04	    0.00          0.00


     16. W6  => W4 
         k:       1.920000e-04	    0.00          0.00
         kRev:    1.920000e-04	    0.00          0.00


     17. W6  => W5 
         k:       3.010000e-04	    0.00          0.00
         kRev:    3.010000e-04	    0.00          0.00


     18. W6  => R + OH 
         k:       1.540000e-09	    0.00          0.00
         kRev:    3.233289e-04	    0.00       1411.06


     19. W6  => P1 + CO 
         k:       9.010000e+01	    0.00          0.00
         kRev:    1.891684e+07	    0.00       1411.06


     20. W6  => P2 + H 
         k:       2.610000e-05	    0.00          0.00
         kRev:    5.479794e+00	    0.00       1411.06


     21. W6  => P3 + H 
         k:       1.600000e-09	    0.00          0.00
         kRev:    3.359261e-04	    0.00       1411.06


     22. W6  => P4 + HCO 
         k:       8.090000e-13	    0.00          0.00
         kRev:    1.698526e-07	    0.00       1411.06


     23. W6  => P5 + H 
         k:       2.680000e-10	    0.00          0.00
         kRev:    5.626762e-05	    0.00       1411.06


     24. W6  => P6 + H 
         k:       4.060000e-19	    0.00          0.00
         kRev:    8.524125e-14	    0.00       1411.06


     25. P3 + H  => W1 
         k:       8.520000e+12	    0.00          0.00
         kRev:    4.058036e+07	    0.00      -1411.06


     26. P3 + H  => W2 
         k:       3.500000e+08	    0.00          0.00
         kRev:    1.667033e+03	    0.00      -1411.06


     27. P3 + H  => W3 
         k:       7.580000e+09	    0.00          0.00
         kRev:    3.610318e+04	    0.00      -1411.06


     28. P3 + H  => W4 
         k:       7.220000e+13	    0.00          0.00
         kRev:    3.438852e+08	    0.00      -1411.06


     29. P3 + H  => W5 
         k:       1.140000e+14	    0.00          0.00
         kRev:    5.429766e+08	    0.00      -1411.06


     30. P3 + H  => W6 
         k:       4.790000e+10	    0.00          0.00
         kRev:    2.281454e+05	    0.00      -1411.06


     31. P3 + H  => R + OH 
         k:       5.010000e+11	    0.00          0.00
         kRev:    5.010000e+11	    0.00         -0.00


     32. P3 + H  => P1 + CO 
         k:       2.100000e+12	    0.00          0.00
         kRev:    2.100000e+12	    0.00         -0.00


     33. P3 + H  => P2 + H 
         k:       2.890000e+12	    0.00          0.00
         kRev:    2.890000e+12	    0.00         -0.00


     34. P3 + H  => P4 + HCO 
         k:       1.280000e+07	    0.00          0.00
         kRev:    1.280000e+07	    0.00         -0.00


     35. P3 + H  => P5 + H 
         k:       1.120000e+11	    0.00          0.00
         kRev:    1.120000e+11	    0.00         -0.00


     36. P3 + H  => P6 + H 
         k:       2.700000e+04	    0.00          0.00
         kRev:    2.700000e+04	    0.00         -0.00


     37. P6 + H  => W1 
         k:       8.790000e+11	    0.00          0.00
         kRev:    4.186635e+06	    0.00      -1411.06


     38. P6 + H  => W2 
         k:       1.380000e+08	    0.00          0.00
         kRev:    6.572874e+02	    0.00      -1411.06


     39. P6 + H  => W3 
         k:       1.250000e+11	    0.00          0.00
         kRev:    5.953691e+05	    0.00      -1411.06


     40. P6 + H  => W4 
         k:       7.180000e+12	    0.00          0.00
         kRev:    3.419800e+07	    0.00      -1411.06


     41. P6 + H  => W5 
         k:       1.140000e+13	    0.00          0.00
         kRev:    5.429766e+07	    0.00      -1411.06


     42. P6 + H  => W6 
         k:       5.860000e+09	    0.00          0.00
         kRev:    2.791090e+04	    0.00      -1411.06


     43. P6 + H  => R + OH 
         k:       1.050000e+13	    0.00          0.00
         kRev:    1.050000e+13	    0.00         -0.00


     44. P6 + H  => P1 + CO 
         k:       1.250000e+13	    0.00          0.00
         kRev:    1.250000e+13	    0.00         -0.00


     45. P6 + H  => P2 + H 
         k:       3.400000e+13	    0.00          0.00
         kRev:    3.400000e+13	    0.00         -0.00


     46. P6 + H  => P3 + H 
         k:       1.300000e+13	    0.00          0.00
         kRev:    1.300000e+13	    0.00         -0.00


     47. P6 + H  => P4 + HCO 
         k:       1.120000e+10	    0.00          0.00
         kRev:    1.120000e+10	    0.00         -0.00


     48. P6 + H  => P5 + H 
         k:       3.230000e+12	    0.00          0.00
         kRev:    3.230000e+12	    0.00         -0.00


 ================================================================================================================================
    Reaction        A           Beta           E         Reaction                                                                   
     index     [kmol,m3,s]                 [cal/mol]                                                                                
 ================================================================================================================================

 ================================================================================================================================
    Reaction        A           Beta           E         Reaction                                                                   
     index     [kmol,m3,s]                 [cal/mol]                                                                                
 ================================================================================================================================
