------------------------------
  Elements     Atomic Weight  
------------------------------
  1.	C         12.01099968
  2.	H          1.00800002
  3.	O         15.99899960
  4.	AR        39.94800186
------------------------------


--------------------------------------------------------------------------------------------------------------
                                                Molecular        Temperature        Elements
  Species                  Phase  Charge         weight         Low      High       C       H       O      AR
--------------------------------------------------------------------------------------------------------------
    1. AR                    G      0           39.948002    200.00   6000.00       0       0       0       1
    2. W1                    G      0           58.035999    300.00   4000.00       2       2       2       0
    3. W2                    G      0           58.035999    300.00   4000.00       2       2       2       0
    4. W3                    G      0           58.035999    300.00   4000.00       2       2       2       0
    5. W4                    G      0           58.035999    300.00   4000.00       2       2       2       0
    6. W5                    G      0           58.035999    300.00   4000.00       2       2       2       0
    7. W6                    G      0           58.035999    300.00   4000.00       2       2       2       0
    8. R                     G      0           29.017999    300.00   4000.00       1       1       1       0
    9. P1                    G      0           29.017999    300.00   4000.00       1       1       1       0
   10. P2                    G      0           29.017999    300.00   4000.00       1       1       1       0
   11. P3                    G      0           29.017999    300.00   4000.00       1       1       1       0
   12. P4                    G      0           29.017999    300.00   4000.00       1       1       1       0
   13. P5                    G      0           29.017999    300.00   4000.00       1       1       1       0
   14. P6                    G      0           29.017999    300.00   4000.00       1       1       1       0
   15. OH                    G      0           29.017999    300.00   4000.00       1       1       1       0
   16. CO                    G      0           29.017999    300.00   4000.00       1       1       1       0
   17. H                     G      0           29.017999    300.00   4000.00       1       1       1       0
   18. HCO                   G      0           29.017999    300.00   4000.00       1       1       1       0
--------------------------------------------------------------------------------------------------------------

--------------------------------------------------------------------------------------------------------------
                                                Molecular        Temperature        Elements
  Species                  Phase  Charge         weight         Low      High       C       H       O      AR
--------------------------------------------------------------------------------------------------------------
    1. AR                    G      0           39.948002    200.00   6000.00       0       0       0       1
    8. R                     G      0           29.017999    300.00   4000.00       1       1       1       0
    9. P1                    G      0           29.017999    300.00   4000.00       1       1       1       0
   10. P2                    G      0           29.017999    300.00   4000.00       1       1       1       0
   11. P3                    G      0           29.017999    300.00   4000.00       1       1       1       0
   12. P4                    G      0           29.017999    300.00   4000.00       1       1       1       0
   13. P5                    G      0           29.017999    300.00   4000.00       1       1       1       0
   14. P6                    G      0           29.017999    300.00   4000.00       1       1       1       0
   15. OH                    G      0           29.017999    300.00   4000.00       1       1       1       0
   16. CO                    G      0           29.017999    300.00   4000.00       1       1       1       0
   17. H                     G      0           29.017999    300.00   4000.00       1       1       1       0
   18. HCO                   G      0           29.017999    300.00   4000.00       1       1       1       0
    2. W1                    G      0           58.035999    300.00   4000.00       2       2       2       0
    3. W2                    G      0           58.035999    300.00   4000.00       2       2       2       0
    4. W3                    G      0           58.035999    300.00   4000.00       2       2       2       0
    5. W4                    G      0           58.035999    300.00   4000.00       2       2       2       0
    6. W5                    G      0           58.035999    300.00   4000.00       2       2       2       0
    7. W6                    G      0           58.035999    300.00   4000.00       2       2       2       0
--------------------------------------------------------------------------------------------------------------

---------------------------------------------------------------------------------------
                                  CHEMICAL REACTIONS                                   

                          Units: [mol, cm3, s] and [cal/mol]                           
---------------------------------------------------------------------------------------


      1. W1  => W2 
         k:       0.000000e+00	    0.00          0.00


      2. W1  => W3 
         k:       0.000000e+00	    0.00          0.00


      3. W1  => W4 
         k:       0.000000e+00	    0.00          0.00


      4. W1  => W5 
         k:       0.000000e+00	    0.00          0.00


      5. W1  => W6 
         k:       0.000000e+00	    0.00          0.00


      6. W2  => W1 
         k:       0.000000e+00	    0.00          0.00


      7. W2  => W3 
         k:       3.590000e+07	    0.00          0.00


      8. W2  => W4 
         k:       0.000000e+00	    0.00          0.00


      9. W2  => W5 
         k:       8.400000e+04	    0.00          0.00


     10. W2  => W6 
         k:       1.640000e+03	    0.00          0.00


     11. W3  => W1 
         k:       0.000000e+00	    0.00          0.00


     12. W3  => W2 
         k:       5.430000e+03	    0.00          0.00


     13. W3  => W4 
         k:       0.000000e+00	    0.00          0.00


     14. W3  => W5 
         k:       5.890000e+01	    0.00          0.00


     15. W3  => W6 
         k:       2.570000e+03	    0.00          0.00


     16. W4  => W1 
         k:       0.000000e+00	    0.00          0.00


     17. W4  => W2 
         k:       0.000000e+00	    0.00          0.00


     18. W4  => W3 
         k:       0.000000e+00	    0.00          0.00


     19. W4  => W5 
         k:       0.000000e+00	    0.00          0.00


     20. W4  => W6 
         k:       0.000000e+00	    0.00          0.00


     21. W5  => W1 
         k:       0.000000e+00	    0.00          0.00


     22. W5  => W2 
         k:       2.660000e+01	    0.00          0.00


     23. W5  => W3 
         k:       1.210000e+02	    0.00          0.00


     24. W5  => W4 
         k:       0.000000e+00	    0.00          0.00


     25. W5  => W6 
         k:       7.130000e+03	    0.00          0.00


     26. W6  => W1 
         k:       0.000000e+00	    0.00          0.00


     27. W6  => W2 
         k:       8.110000e-02	    0.00          0.00


     28. W6  => W3 
         k:       8.440000e+02	    0.00          0.00


     29. W6  => W4 
         k:       0.000000e+00	    0.00          0.00


     30. W6  => W5 
         k:       1.140000e+03	    0.00          0.00


