
 ================================================================================================================================
   Kinetic data summary @  298.15K
 ================================================================================================================================
        Reaction                                                                        DG            DH            DS               
                                                                                        [kcal/mol]    [kcal/mol]    [cal/mol/K]      
 ================================================================================================================================
 1      W1=>W2                                                                          0.000         0.000         0.000         
 2      W1=>W3                                                                          0.000         0.000         0.000         
 3      W1=>W4                                                                          0.000         0.000         0.000         
 4      W1=>W5                                                                          0.000         0.000         0.000         
 5      W1=>W6                                                                          0.000         0.000         0.000         
 6      W2=>W1                                                                          0.000         0.000         0.000         
 7      W2=>W3                                                                          0.000         0.000         0.000         
 8      W2=>W4                                                                          0.000         0.000         0.000         
 9      W2=>W5                                                                          0.000         0.000         0.000         
 10     W2=>W6                                                                          0.000         0.000         0.000         
 11     W3=>W1                                                                          0.000         0.000         0.000         
 12     W3=>W2                                                                          0.000         0.000         0.000         
 13     W3=>W4                                                                          0.000         0.000         0.000         
 14     W3=>W5                                                                          0.000         0.000         0.000         
 15     W3=>W6                                                                          0.000         0.000         0.000         
 16     W4=>W1                                                                          0.000         0.000         0.000         
 17     W4=>W2                                                                          0.000         0.000         0.000         
 18     W4=>W3                                                                          0.000         0.000         0.000         
 19     W4=>W5                                                                          0.000         0.000         0.000         
 20     W4=>W6                                                                          0.000         0.000         0.000         
 21     W5=>W1                                                                          0.000         0.000         0.000         
 22     W5=>W2                                                                          0.000         0.000         0.000         
 23     W5=>W3                                                                          0.000         0.000         0.000         
 24     W5=>W4                                                                          0.000         0.000         0.000         
 25     W5=>W6                                                                          0.000         0.000         0.000         
 26     W6=>W1                                                                          0.000         0.000         0.000         
 27     W6=>W2                                                                          0.000         0.000         0.000         
 28     W6=>W3                                                                          0.000         0.000         0.000         
 29     W6=>W4                                                                          0.000         0.000         0.000         
 30     W6=>W5                                                                          0.000         0.000         0.000         
 ================================================================================================================================


================================================================================================================================
 KINETIC DATA - REACTION  1 Simple
  W1  => W2 
================================================================================================================================
 Change in moles in the reaction = 0.000
 Reaction order (forward)  = 1.000
 k = 0.000000e+00  [1/s] and [J/kmol]
 k = 0.000000e+00  [1/s] and [cal/mol]
 -------------------------------------------------------------------------------------------------------------------------------
    Temperature   kF            Keq           kR            DG            DH            DS            kF            kR
    [K]           [kmol,m3,s]   [-]           [kmol,m3,s]   [kcal/mol]    [kcal/mol]    [cal/mol/K]   [mol,cm3,s]   [mol,cm3,s]
 -------------------------------------------------------------------------------------------------------------------------------
    300           1.000e-100    0             0             0.000         0.000         0.000         1.0000e-100   0             
    1000          1.000e-100    0             0             0.000         0.000         0.000         1.0000e-100   0             
    1500          1.000e-100    0             0             0.000         0.000         0.000         1.0000e-100   0             
    2000          1.000e-100    0             0             0.000         0.000         0.000         1.0000e-100   0             
    2500          1.000e-100    0             0             0.000         0.000         0.000         1.0000e-100   0             
 -------------------------------------------------------------------------------------------------------------------------------

================================================================================================================================
 KINETIC DATA - REACTION  2 Simple
  W1  => W3 
================================================================================================================================
 Change in moles in the reaction = 0
 Reaction order (forward)  = 1.000
 k = 0.000000e+00  [1/s] and [J/kmol]
 k = 0.000000e+00  [1/s] and [cal/mol]
 -------------------------------------------------------------------------------------------------------------------------------
    Temperature   kF            Keq           kR            DG            DH            DS            kF            kR
    [K]           [kmol,m3,s]   [-]           [kmol,m3,s]   [kcal/mol]    [kcal/mol]    [cal/mol/K]   [mol,cm3,s]   [mol,cm3,s]
 -------------------------------------------------------------------------------------------------------------------------------
    300           1.000e-100    0             0             0.000         0.000         0.000         1.0000e-100   0             
    1000          1.000e-100    0             0             0.000         0.000         0.000         1.0000e-100   0             
    1500          1.000e-100    0             0             0.000         0.000         0.000         1.0000e-100   0             
    2000          1.000e-100    0             0             0.000         0.000         0.000         1.0000e-100   0             
    2500          1.000e-100    0             0             0.000         0.000         0.000         1.0000e-100   0             
 -------------------------------------------------------------------------------------------------------------------------------

================================================================================================================================
 KINETIC DATA - REACTION  3 Simple
  W1  => W4 
================================================================================================================================
 Change in moles in the reaction = 0
 Reaction order (forward)  = 1.000
 k = 0.000000e+00  [1/s] and [J/kmol]
 k = 0.000000e+00  [1/s] and [cal/mol]
 -------------------------------------------------------------------------------------------------------------------------------
    Temperature   kF            Keq           kR            DG            DH            DS            kF            kR
    [K]           [kmol,m3,s]   [-]           [kmol,m3,s]   [kcal/mol]    [kcal/mol]    [cal/mol/K]   [mol,cm3,s]   [mol,cm3,s]
 -------------------------------------------------------------------------------------------------------------------------------
    300           1.000e-100    0             0             0.000         0.000         0.000         1.0000e-100   0             
    1000          1.000e-100    0             0             0.000         0.000         0.000         1.0000e-100   0             
    1500          1.000e-100    0             0             0.000         0.000         0.000         1.0000e-100   0             
    2000          1.000e-100    0             0             0.000         0.000         0.000         1.0000e-100   0             
    2500          1.000e-100    0             0             0.000         0.000         0.000         1.0000e-100   0             
 -------------------------------------------------------------------------------------------------------------------------------

================================================================================================================================
 KINETIC DATA - REACTION  4 Simple
  W1  => W5 
================================================================================================================================
 Change in moles in the reaction = 0
 Reaction order (forward)  = 1.000
 k = 0.000000e+00  [1/s] and [J/kmol]
 k = 0.000000e+00  [1/s] and [cal/mol]
 -------------------------------------------------------------------------------------------------------------------------------
    Temperature   kF            Keq           kR            DG            DH            DS            kF            kR
    [K]           [kmol,m3,s]   [-]           [kmol,m3,s]   [kcal/mol]    [kcal/mol]    [cal/mol/K]   [mol,cm3,s]   [mol,cm3,s]
 -------------------------------------------------------------------------------------------------------------------------------
    300           1.000e-100    0             0             0.000         0.000         0.000         1.0000e-100   0             
    1000          1.000e-100    0             0             0.000         0.000         0.000         1.0000e-100   0             
    1500          1.000e-100    0             0             0.000         0.000         0.000         1.0000e-100   0             
    2000          1.000e-100    0             0             0.000         0.000         0.000         1.0000e-100   0             
    2500          1.000e-100    0             0             0.000         0.000         0.000         1.0000e-100   0             
 -------------------------------------------------------------------------------------------------------------------------------

================================================================================================================================
 KINETIC DATA - REACTION  5 Simple
  W1  => W6 
================================================================================================================================
 Change in moles in the reaction = 0
 Reaction order (forward)  = 1.000
 k = 0.000000e+00  [1/s] and [J/kmol]
 k = 0.000000e+00  [1/s] and [cal/mol]
 -------------------------------------------------------------------------------------------------------------------------------
    Temperature   kF            Keq           kR            DG            DH            DS            kF            kR
    [K]           [kmol,m3,s]   [-]           [kmol,m3,s]   [kcal/mol]    [kcal/mol]    [cal/mol/K]   [mol,cm3,s]   [mol,cm3,s]
 -------------------------------------------------------------------------------------------------------------------------------
    300           1.000e-100    0             0             0.000         0.000         0.000         1.0000e-100   0             
    1000          1.000e-100    0             0             0.000         0.000         0.000         1.0000e-100   0             
    1500          1.000e-100    0             0             0.000         0.000         0.000         1.0000e-100   0             
    2000          1.000e-100    0             0             0.000         0.000         0.000         1.0000e-100   0             
    2500          1.000e-100    0             0             0.000         0.000         0.000         1.0000e-100   0             
 -------------------------------------------------------------------------------------------------------------------------------

================================================================================================================================
 KINETIC DATA - REACTION  6 Simple
  W2  => W1 
================================================================================================================================
 Change in moles in the reaction = 0
 Reaction order (forward)  = 1.000
 k = 0.000000e+00  [1/s] and [J/kmol]
 k = 0.000000e+00  [1/s] and [cal/mol]
 -------------------------------------------------------------------------------------------------------------------------------
    Temperature   kF            Keq           kR            DG            DH            DS            kF            kR
    [K]           [kmol,m3,s]   [-]           [kmol,m3,s]   [kcal/mol]    [kcal/mol]    [cal/mol/K]   [mol,cm3,s]   [mol,cm3,s]
 -------------------------------------------------------------------------------------------------------------------------------
    300           1.000e-100    0             0             0.000         0.000         0.000         1.0000e-100   0             
    1000          1.000e-100    0             0             0.000         0.000         0.000         1.0000e-100   0             
    1500          1.000e-100    0             0             0.000         0.000         0.000         1.0000e-100   0             
    2000          1.000e-100    0             0             0.000         0.000         0.000         1.0000e-100   0             
    2500          1.000e-100    0             0             0.000         0.000         0.000         1.0000e-100   0             
 -------------------------------------------------------------------------------------------------------------------------------

================================================================================================================================
 KINETIC DATA - REACTION  7 Simple
  W2  => W3 
================================================================================================================================
 Change in moles in the reaction = 0
 Reaction order (forward)  = 1.000
 k = 3.590000e+07  [1/s] and [J/kmol]
 k = 3.590000e+07  [1/s] and [cal/mol]
 -------------------------------------------------------------------------------------------------------------------------------
    Temperature   kF            Keq           kR            DG            DH            DS            kF            kR
    [K]           [kmol,m3,s]   [-]           [kmol,m3,s]   [kcal/mol]    [kcal/mol]    [cal/mol/K]   [mol,cm3,s]   [mol,cm3,s]
 -------------------------------------------------------------------------------------------------------------------------------
    300           3.590e+07     0             0             0.000         0.000         0.000         3.5900e+07    0             
    1000          3.590e+07     0             0             0.000         0.000         0.000         3.5900e+07    0             
    1500          3.590e+07     0             0             0.000         0.000         0.000         3.5900e+07    0             
    2000          3.590e+07     0             0             0.000         0.000         0.000         3.5900e+07    0             
    2500          3.590e+07     0             0             0.000         0.000         0.000         3.5900e+07    0             
 -------------------------------------------------------------------------------------------------------------------------------

================================================================================================================================
 KINETIC DATA - REACTION  8 Simple
  W2  => W4 
================================================================================================================================
 Change in moles in the reaction = 0
 Reaction order (forward)  = 1.000
 k = 0.000000e+00  [1/s] and [J/kmol]
 k = 0.000000e+00  [1/s] and [cal/mol]
 -------------------------------------------------------------------------------------------------------------------------------
    Temperature   kF            Keq           kR            DG            DH            DS            kF            kR
    [K]           [kmol,m3,s]   [-]           [kmol,m3,s]   [kcal/mol]    [kcal/mol]    [cal/mol/K]   [mol,cm3,s]   [mol,cm3,s]
 -------------------------------------------------------------------------------------------------------------------------------
    300           1.000e-100    0             0             0.000         0.000         0.000         1.0000e-100   0             
    1000          1.000e-100    0             0             0.000         0.000         0.000         1.0000e-100   0             
    1500          1.000e-100    0             0             0.000         0.000         0.000         1.0000e-100   0             
    2000          1.000e-100    0             0             0.000         0.000         0.000         1.0000e-100   0             
    2500          1.000e-100    0             0             0.000         0.000         0.000         1.0000e-100   0             
 -------------------------------------------------------------------------------------------------------------------------------

================================================================================================================================
 KINETIC DATA - REACTION  9 Simple
  W2  => W5 
================================================================================================================================
 Change in moles in the reaction = 0
 Reaction order (forward)  = 1.000
 k = 8.400000e+04  [1/s] and [J/kmol]
 k = 8.400000e+04  [1/s] and [cal/mol]
 -------------------------------------------------------------------------------------------------------------------------------
    Temperature   kF            Keq           kR            DG            DH            DS            kF            kR
    [K]           [kmol,m3,s]   [-]           [kmol,m3,s]   [kcal/mol]    [kcal/mol]    [cal/mol/K]   [mol,cm3,s]   [mol,cm3,s]
 -------------------------------------------------------------------------------------------------------------------------------
    300           8.400e+04     0             0             0.000         0.000         0.000         8.4000e+04    0             
    1000          8.400e+04     0             0             0.000         0.000         0.000         8.4000e+04    0             
    1500          8.400e+04     0             0             0.000         0.000         0.000         8.4000e+04    0             
    2000          8.400e+04     0             0             0.000         0.000         0.000         8.4000e+04    0             
    2500          8.400e+04     0             0             0.000         0.000         0.000         8.4000e+04    0             
 -------------------------------------------------------------------------------------------------------------------------------

================================================================================================================================
 KINETIC DATA - REACTION  10 Simple
  W2  => W6 
================================================================================================================================
 Change in moles in the reaction = 0
 Reaction order (forward)  = 1.000
 k = 1.640000e+03  [1/s] and [J/kmol]
 k = 1.640000e+03  [1/s] and [cal/mol]
 -------------------------------------------------------------------------------------------------------------------------------
    Temperature   kF            Keq           kR            DG            DH            DS            kF            kR
    [K]           [kmol,m3,s]   [-]           [kmol,m3,s]   [kcal/mol]    [kcal/mol]    [cal/mol/K]   [mol,cm3,s]   [mol,cm3,s]
 -------------------------------------------------------------------------------------------------------------------------------
    300           1.640e+03     0             0             0.000         0.000         0.000         1.6400e+03    0             
    1000          1.640e+03     0             0             0.000         0.000         0.000         1.6400e+03    0             
    1500          1.640e+03     0             0             0.000         0.000         0.000         1.6400e+03    0             
    2000          1.640e+03     0             0             0.000         0.000         0.000         1.6400e+03    0             
    2500          1.640e+03     0             0             0.000         0.000         0.000         1.6400e+03    0             
 -------------------------------------------------------------------------------------------------------------------------------

================================================================================================================================
 KINETIC DATA - REACTION  11 Simple
  W3  => W1 
================================================================================================================================
 Change in moles in the reaction = 0
 Reaction order (forward)  = 1.000
 k = 0.000000e+00  [1/s] and [J/kmol]
 k = 0.000000e+00  [1/s] and [cal/mol]
 -------------------------------------------------------------------------------------------------------------------------------
    Temperature   kF            Keq           kR            DG            DH            DS            kF            kR
    [K]           [kmol,m3,s]   [-]           [kmol,m3,s]   [kcal/mol]    [kcal/mol]    [cal/mol/K]   [mol,cm3,s]   [mol,cm3,s]
 -------------------------------------------------------------------------------------------------------------------------------
    300           1.000e-100    0             0             0.000         0.000         0.000         1.0000e-100   0             
    1000          1.000e-100    0             0             0.000         0.000         0.000         1.0000e-100   0             
    1500          1.000e-100    0             0             0.000         0.000         0.000         1.0000e-100   0             
    2000          1.000e-100    0             0             0.000         0.000         0.000         1.0000e-100   0             
    2500          1.000e-100    0             0             0.000         0.000         0.000         1.0000e-100   0             
 -------------------------------------------------------------------------------------------------------------------------------

================================================================================================================================
 KINETIC DATA - REACTION  12 Simple
  W3  => W2 
================================================================================================================================
 Change in moles in the reaction = 0
 Reaction order (forward)  = 1.000
 k = 5.430000e+03  [1/s] and [J/kmol]
 k = 5.430000e+03  [1/s] and [cal/mol]
 -------------------------------------------------------------------------------------------------------------------------------
    Temperature   kF            Keq           kR            DG            DH            DS            kF            kR
    [K]           [kmol,m3,s]   [-]           [kmol,m3,s]   [kcal/mol]    [kcal/mol]    [cal/mol/K]   [mol,cm3,s]   [mol,cm3,s]
 -------------------------------------------------------------------------------------------------------------------------------
    300           5.430e+03     0             0             0.000         0.000         0.000         5.4300e+03    0             
    1000          5.430e+03     0             0             0.000         0.000         0.000         5.4300e+03    0             
    1500          5.430e+03     0             0             0.000         0.000         0.000         5.4300e+03    0             
    2000          5.430e+03     0             0             0.000         0.000         0.000         5.4300e+03    0             
    2500          5.430e+03     0             0             0.000         0.000         0.000         5.4300e+03    0             
 -------------------------------------------------------------------------------------------------------------------------------

================================================================================================================================
 KINETIC DATA - REACTION  13 Simple
  W3  => W4 
================================================================================================================================
 Change in moles in the reaction = 0
 Reaction order (forward)  = 1.000
 k = 0.000000e+00  [1/s] and [J/kmol]
 k = 0.000000e+00  [1/s] and [cal/mol]
 -------------------------------------------------------------------------------------------------------------------------------
    Temperature   kF            Keq           kR            DG            DH            DS            kF            kR
    [K]           [kmol,m3,s]   [-]           [kmol,m3,s]   [kcal/mol]    [kcal/mol]    [cal/mol/K]   [mol,cm3,s]   [mol,cm3,s]
 -------------------------------------------------------------------------------------------------------------------------------
    300           1.000e-100    0             0             0.000         0.000         0.000         1.0000e-100   0             
    1000          1.000e-100    0             0             0.000         0.000         0.000         1.0000e-100   0             
    1500          1.000e-100    0             0             0.000         0.000         0.000         1.0000e-100   0             
    2000          1.000e-100    0             0             0.000         0.000         0.000         1.0000e-100   0             
    2500          1.000e-100    0             0             0.000         0.000         0.000         1.0000e-100   0             
 -------------------------------------------------------------------------------------------------------------------------------

================================================================================================================================
 KINETIC DATA - REACTION  14 Simple
  W3  => W5 
================================================================================================================================
 Change in moles in the reaction = 0
 Reaction order (forward)  = 1.000
 k = 5.890000e+01  [1/s] and [J/kmol]
 k = 5.890000e+01  [1/s] and [cal/mol]
 -------------------------------------------------------------------------------------------------------------------------------
    Temperature   kF            Keq           kR            DG            DH            DS            kF            kR
    [K]           [kmol,m3,s]   [-]           [kmol,m3,s]   [kcal/mol]    [kcal/mol]    [cal/mol/K]   [mol,cm3,s]   [mol,cm3,s]
 -------------------------------------------------------------------------------------------------------------------------------
    300           5.890e+01     0             0             0.000         0.000         0.000         5.8900e+01    0             
    1000          5.890e+01     0             0             0.000         0.000         0.000         5.8900e+01    0             
    1500          5.890e+01     0             0             0.000         0.000         0.000         5.8900e+01    0             
    2000          5.890e+01     0             0             0.000         0.000         0.000         5.8900e+01    0             
    2500          5.890e+01     0             0             0.000         0.000         0.000         5.8900e+01    0             
 -------------------------------------------------------------------------------------------------------------------------------

================================================================================================================================
 KINETIC DATA - REACTION  15 Simple
  W3  => W6 
================================================================================================================================
 Change in moles in the reaction = 0
 Reaction order (forward)  = 1.000
 k = 2.570000e+03  [1/s] and [J/kmol]
 k = 2.570000e+03  [1/s] and [cal/mol]
 -------------------------------------------------------------------------------------------------------------------------------
    Temperature   kF            Keq           kR            DG            DH            DS            kF            kR
    [K]           [kmol,m3,s]   [-]           [kmol,m3,s]   [kcal/mol]    [kcal/mol]    [cal/mol/K]   [mol,cm3,s]   [mol,cm3,s]
 -------------------------------------------------------------------------------------------------------------------------------
    300           2.570e+03     0             0             0.000         0.000         0.000         2.5700e+03    0             
    1000          2.570e+03     0             0             0.000         0.000         0.000         2.5700e+03    0             
    1500          2.570e+03     0             0             0.000         0.000         0.000         2.5700e+03    0             
    2000          2.570e+03     0             0             0.000         0.000         0.000         2.5700e+03    0             
    2500          2.570e+03     0             0             0.000         0.000         0.000         2.5700e+03    0             
 -------------------------------------------------------------------------------------------------------------------------------

================================================================================================================================
 KINETIC DATA - REACTION  16 Simple
  W4  => W1 
================================================================================================================================
 Change in moles in the reaction = 0
 Reaction order (forward)  = 1.000
 k = 0.000000e+00  [1/s] and [J/kmol]
 k = 0.000000e+00  [1/s] and [cal/mol]
 -------------------------------------------------------------------------------------------------------------------------------
    Temperature   kF            Keq           kR            DG            DH            DS            kF            kR
    [K]           [kmol,m3,s]   [-]           [kmol,m3,s]   [kcal/mol]    [kcal/mol]    [cal/mol/K]   [mol,cm3,s]   [mol,cm3,s]
 -------------------------------------------------------------------------------------------------------------------------------
    300           1.000e-100    0             0             0.000         0.000         0.000         1.0000e-100   0             
    1000          1.000e-100    0             0             0.000         0.000         0.000         1.0000e-100   0             
    1500          1.000e-100    0             0             0.000         0.000         0.000         1.0000e-100   0             
    2000          1.000e-100    0             0             0.000         0.000         0.000         1.0000e-100   0             
    2500          1.000e-100    0             0             0.000         0.000         0.000         1.0000e-100   0             
 -------------------------------------------------------------------------------------------------------------------------------

================================================================================================================================
 KINETIC DATA - REACTION  17 Simple
  W4  => W2 
================================================================================================================================
 Change in moles in the reaction = 0
 Reaction order (forward)  = 1.000
 k = 0.000000e+00  [1/s] and [J/kmol]
 k = 0.000000e+00  [1/s] and [cal/mol]
 -------------------------------------------------------------------------------------------------------------------------------
    Temperature   kF            Keq           kR            DG            DH            DS            kF            kR
    [K]           [kmol,m3,s]   [-]           [kmol,m3,s]   [kcal/mol]    [kcal/mol]    [cal/mol/K]   [mol,cm3,s]   [mol,cm3,s]
 -------------------------------------------------------------------------------------------------------------------------------
    300           1.000e-100    0             0             0.000         0.000         0.000         1.0000e-100   0             
    1000          1.000e-100    0             0             0.000         0.000         0.000         1.0000e-100   0             
    1500          1.000e-100    0             0             0.000         0.000         0.000         1.0000e-100   0             
    2000          1.000e-100    0             0             0.000         0.000         0.000         1.0000e-100   0             
    2500          1.000e-100    0             0             0.000         0.000         0.000         1.0000e-100   0             
 -------------------------------------------------------------------------------------------------------------------------------

================================================================================================================================
 KINETIC DATA - REACTION  18 Simple
  W4  => W3 
================================================================================================================================
 Change in moles in the reaction = 0
 Reaction order (forward)  = 1.000
 k = 0.000000e+00  [1/s] and [J/kmol]
 k = 0.000000e+00  [1/s] and [cal/mol]
 -------------------------------------------------------------------------------------------------------------------------------
    Temperature   kF            Keq           kR            DG            DH            DS            kF            kR
    [K]           [kmol,m3,s]   [-]           [kmol,m3,s]   [kcal/mol]    [kcal/mol]    [cal/mol/K]   [mol,cm3,s]   [mol,cm3,s]
 -------------------------------------------------------------------------------------------------------------------------------
    300           1.000e-100    0             0             0.000         0.000         0.000         1.0000e-100   0             
    1000          1.000e-100    0             0             0.000         0.000         0.000         1.0000e-100   0             
    1500          1.000e-100    0             0             0.000         0.000         0.000         1.0000e-100   0             
    2000          1.000e-100    0             0             0.000         0.000         0.000         1.0000e-100   0             
    2500          1.000e-100    0             0             0.000         0.000         0.000         1.0000e-100   0             
 -------------------------------------------------------------------------------------------------------------------------------

================================================================================================================================
 KINETIC DATA - REACTION  19 Simple
  W4  => W5 
================================================================================================================================
 Change in moles in the reaction = 0
 Reaction order (forward)  = 1.000
 k = 0.000000e+00  [1/s] and [J/kmol]
 k = 0.000000e+00  [1/s] and [cal/mol]
 -------------------------------------------------------------------------------------------------------------------------------
    Temperature   kF            Keq           kR            DG            DH            DS            kF            kR
    [K]           [kmol,m3,s]   [-]           [kmol,m3,s]   [kcal/mol]    [kcal/mol]    [cal/mol/K]   [mol,cm3,s]   [mol,cm3,s]
 -------------------------------------------------------------------------------------------------------------------------------
    300           1.000e-100    0             0             0.000         0.000         0.000         1.0000e-100   0             
    1000          1.000e-100    0             0             0.000         0.000         0.000         1.0000e-100   0             
    1500          1.000e-100    0             0             0.000         0.000         0.000         1.0000e-100   0             
    2000          1.000e-100    0             0             0.000         0.000         0.000         1.0000e-100   0             
    2500          1.000e-100    0             0             0.000         0.000         0.000         1.0000e-100   0             
 -------------------------------------------------------------------------------------------------------------------------------

================================================================================================================================
 KINETIC DATA - REACTION  20 Simple
  W4  => W6 
================================================================================================================================
 Change in moles in the reaction = 0
 Reaction order (forward)  = 1.000
 k = 0.000000e+00  [1/s] and [J/kmol]
 k = 0.000000e+00  [1/s] and [cal/mol]
 -------------------------------------------------------------------------------------------------------------------------------
    Temperature   kF            Keq           kR            DG            DH            DS            kF            kR
    [K]           [kmol,m3,s]   [-]           [kmol,m3,s]   [kcal/mol]    [kcal/mol]    [cal/mol/K]   [mol,cm3,s]   [mol,cm3,s]
 -------------------------------------------------------------------------------------------------------------------------------
    300           1.000e-100    0             0             0.000         0.000         0.000         1.0000e-100   0             
    1000          1.000e-100    0             0             0.000         0.000         0.000         1.0000e-100   0             
    1500          1.000e-100    0             0             0.000         0.000         0.000         1.0000e-100   0             
    2000          1.000e-100    0             0             0.000         0.000         0.000         1.0000e-100   0             
    2500          1.000e-100    0             0             0.000         0.000         0.000         1.0000e-100   0             
 -------------------------------------------------------------------------------------------------------------------------------

================================================================================================================================
 KINETIC DATA - REACTION  21 Simple
  W5  => W1 
================================================================================================================================
 Change in moles in the reaction = 0
 Reaction order (forward)  = 1.000
 k = 0.000000e+00  [1/s] and [J/kmol]
 k = 0.000000e+00  [1/s] and [cal/mol]
 -------------------------------------------------------------------------------------------------------------------------------
    Temperature   kF            Keq           kR            DG            DH            DS            kF            kR
    [K]           [kmol,m3,s]   [-]           [kmol,m3,s]   [kcal/mol]    [kcal/mol]    [cal/mol/K]   [mol,cm3,s]   [mol,cm3,s]
 -------------------------------------------------------------------------------------------------------------------------------
    300           1.000e-100    0             0             0.000         0.000         0.000         1.0000e-100   0             
    1000          1.000e-100    0             0             0.000         0.000         0.000         1.0000e-100   0             
    1500          1.000e-100    0             0             0.000         0.000         0.000         1.0000e-100   0             
    2000          1.000e-100    0             0             0.000         0.000         0.000         1.0000e-100   0             
    2500          1.000e-100    0             0             0.000         0.000         0.000         1.0000e-100   0             
 -------------------------------------------------------------------------------------------------------------------------------

================================================================================================================================
 KINETIC DATA - REACTION  22 Simple
  W5  => W2 
================================================================================================================================
 Change in moles in the reaction = 0
 Reaction order (forward)  = 1.000
 k = 2.660000e+01  [1/s] and [J/kmol]
 k = 2.660000e+01  [1/s] and [cal/mol]
 -------------------------------------------------------------------------------------------------------------------------------
    Temperature   kF            Keq           kR            DG            DH            DS            kF            kR
    [K]           [kmol,m3,s]   [-]           [kmol,m3,s]   [kcal/mol]    [kcal/mol]    [cal/mol/K]   [mol,cm3,s]   [mol,cm3,s]
 -------------------------------------------------------------------------------------------------------------------------------
    300           2.660e+01     0             0             0.000         0.000         0.000         2.6600e+01    0             
    1000          2.660e+01     0             0             0.000         0.000         0.000         2.6600e+01    0             
    1500          2.660e+01     0             0             0.000         0.000         0.000         2.6600e+01    0             
    2000          2.660e+01     0             0             0.000         0.000         0.000         2.6600e+01    0             
    2500          2.660e+01     0             0             0.000         0.000         0.000         2.6600e+01    0             
 -------------------------------------------------------------------------------------------------------------------------------

================================================================================================================================
 KINETIC DATA - REACTION  23 Simple
  W5  => W3 
================================================================================================================================
 Change in moles in the reaction = 0
 Reaction order (forward)  = 1.000
 k = 1.210000e+02  [1/s] and [J/kmol]
 k = 1.210000e+02  [1/s] and [cal/mol]
 -------------------------------------------------------------------------------------------------------------------------------
    Temperature   kF            Keq           kR            DG            DH            DS            kF            kR
    [K]           [kmol,m3,s]   [-]           [kmol,m3,s]   [kcal/mol]    [kcal/mol]    [cal/mol/K]   [mol,cm3,s]   [mol,cm3,s]
 -------------------------------------------------------------------------------------------------------------------------------
    300           1.210e+02     0             0             0.000         0.000         0.000         1.2100e+02    0             
    1000          1.210e+02     0             0             0.000         0.000         0.000         1.2100e+02    0             
    1500          1.210e+02     0             0             0.000         0.000         0.000         1.2100e+02    0             
    2000          1.210e+02     0             0             0.000         0.000         0.000         1.2100e+02    0             
    2500          1.210e+02     0             0             0.000         0.000         0.000         1.2100e+02    0             
 -------------------------------------------------------------------------------------------------------------------------------

================================================================================================================================
 KINETIC DATA - REACTION  24 Simple
  W5  => W4 
================================================================================================================================
 Change in moles in the reaction = 0
 Reaction order (forward)  = 1.000
 k = 0.000000e+00  [1/s] and [J/kmol]
 k = 0.000000e+00  [1/s] and [cal/mol]
 -------------------------------------------------------------------------------------------------------------------------------
    Temperature   kF            Keq           kR            DG            DH            DS            kF            kR
    [K]           [kmol,m3,s]   [-]           [kmol,m3,s]   [kcal/mol]    [kcal/mol]    [cal/mol/K]   [mol,cm3,s]   [mol,cm3,s]
 -------------------------------------------------------------------------------------------------------------------------------
    300           1.000e-100    0             0             0.000         0.000         0.000         1.0000e-100   0             
    1000          1.000e-100    0             0             0.000         0.000         0.000         1.0000e-100   0             
    1500          1.000e-100    0             0             0.000         0.000         0.000         1.0000e-100   0             
    2000          1.000e-100    0             0             0.000         0.000         0.000         1.0000e-100   0             
    2500          1.000e-100    0             0             0.000         0.000         0.000         1.0000e-100   0             
 -------------------------------------------------------------------------------------------------------------------------------

================================================================================================================================
 KINETIC DATA - REACTION  25 Simple
  W5  => W6 
================================================================================================================================
 Change in moles in the reaction = 0
 Reaction order (forward)  = 1.000
 k = 7.130000e+03  [1/s] and [J/kmol]
 k = 7.130000e+03  [1/s] and [cal/mol]
 -------------------------------------------------------------------------------------------------------------------------------
    Temperature   kF            Keq           kR            DG            DH            DS            kF            kR
    [K]           [kmol,m3,s]   [-]           [kmol,m3,s]   [kcal/mol]    [kcal/mol]    [cal/mol/K]   [mol,cm3,s]   [mol,cm3,s]
 -------------------------------------------------------------------------------------------------------------------------------
    300           7.130e+03     0             0             0.000         0.000         0.000         7.1300e+03    0             
    1000          7.130e+03     0             0             0.000         0.000         0.000         7.1300e+03    0             
    1500          7.130e+03     0             0             0.000         0.000         0.000         7.1300e+03    0             
    2000          7.130e+03     0             0             0.000         0.000         0.000         7.1300e+03    0             
    2500          7.130e+03     0             0             0.000         0.000         0.000         7.1300e+03    0             
 -------------------------------------------------------------------------------------------------------------------------------

================================================================================================================================
 KINETIC DATA - REACTION  26 Simple
  W6  => W1 
================================================================================================================================
 Change in moles in the reaction = 0
 Reaction order (forward)  = 1.000
 k = 0.000000e+00  [1/s] and [J/kmol]
 k = 0.000000e+00  [1/s] and [cal/mol]
 -------------------------------------------------------------------------------------------------------------------------------
    Temperature   kF            Keq           kR            DG            DH            DS            kF            kR
    [K]           [kmol,m3,s]   [-]           [kmol,m3,s]   [kcal/mol]    [kcal/mol]    [cal/mol/K]   [mol,cm3,s]   [mol,cm3,s]
 -------------------------------------------------------------------------------------------------------------------------------
    300           1.000e-100    0             0             0.000         0.000         0.000         1.0000e-100   0             
    1000          1.000e-100    0             0             0.000         0.000         0.000         1.0000e-100   0             
    1500          1.000e-100    0             0             0.000         0.000         0.000         1.0000e-100   0             
    2000          1.000e-100    0             0             0.000         0.000         0.000         1.0000e-100   0             
    2500          1.000e-100    0             0             0.000         0.000         0.000         1.0000e-100   0             
 -------------------------------------------------------------------------------------------------------------------------------

================================================================================================================================
 KINETIC DATA - REACTION  27 Simple
  W6  => W2 
================================================================================================================================
 Change in moles in the reaction = 0
 Reaction order (forward)  = 1.000
 k = 8.110000e-02  [1/s] and [J/kmol]
 k = 8.110000e-02  [1/s] and [cal/mol]
 -------------------------------------------------------------------------------------------------------------------------------
    Temperature   kF            Keq           kR            DG            DH            DS            kF            kR
    [K]           [kmol,m3,s]   [-]           [kmol,m3,s]   [kcal/mol]    [kcal/mol]    [cal/mol/K]   [mol,cm3,s]   [mol,cm3,s]
 -------------------------------------------------------------------------------------------------------------------------------
    300           8.110e-02     0             0             0.000         0.000         0.000         8.1100e-02    0             
    1000          8.110e-02     0             0             0.000         0.000         0.000         8.1100e-02    0             
    1500          8.110e-02     0             0             0.000         0.000         0.000         8.1100e-02    0             
    2000          8.110e-02     0             0             0.000         0.000         0.000         8.1100e-02    0             
    2500          8.110e-02     0             0             0.000         0.000         0.000         8.1100e-02    0             
 -------------------------------------------------------------------------------------------------------------------------------

================================================================================================================================
 KINETIC DATA - REACTION  28 Simple
  W6  => W3 
================================================================================================================================
 Change in moles in the reaction = 0
 Reaction order (forward)  = 1.000
 k = 8.440000e+02  [1/s] and [J/kmol]
 k = 8.440000e+02  [1/s] and [cal/mol]
 -------------------------------------------------------------------------------------------------------------------------------
    Temperature   kF            Keq           kR            DG            DH            DS            kF            kR
    [K]           [kmol,m3,s]   [-]           [kmol,m3,s]   [kcal/mol]    [kcal/mol]    [cal/mol/K]   [mol,cm3,s]   [mol,cm3,s]
 -------------------------------------------------------------------------------------------------------------------------------
    300           8.440e+02     0             0             0.000         0.000         0.000         8.4400e+02    0             
    1000          8.440e+02     0             0             0.000         0.000         0.000         8.4400e+02    0             
    1500          8.440e+02     0             0             0.000         0.000         0.000         8.4400e+02    0             
    2000          8.440e+02     0             0             0.000         0.000         0.000         8.4400e+02    0             
    2500          8.440e+02     0             0             0.000         0.000         0.000         8.4400e+02    0             
 -------------------------------------------------------------------------------------------------------------------------------

================================================================================================================================
 KINETIC DATA - REACTION  29 Simple
  W6  => W4 
================================================================================================================================
 Change in moles in the reaction = 0
 Reaction order (forward)  = 1.000
 k = 0.000000e+00  [1/s] and [J/kmol]
 k = 0.000000e+00  [1/s] and [cal/mol]
 -------------------------------------------------------------------------------------------------------------------------------
    Temperature   kF            Keq           kR            DG            DH            DS            kF            kR
    [K]           [kmol,m3,s]   [-]           [kmol,m3,s]   [kcal/mol]    [kcal/mol]    [cal/mol/K]   [mol,cm3,s]   [mol,cm3,s]
 -------------------------------------------------------------------------------------------------------------------------------
    300           1.000e-100    0             0             0.000         0.000         0.000         1.0000e-100   0             
    1000          1.000e-100    0             0             0.000         0.000         0.000         1.0000e-100   0             
    1500          1.000e-100    0             0             0.000         0.000         0.000         1.0000e-100   0             
    2000          1.000e-100    0             0             0.000         0.000         0.000         1.0000e-100   0             
    2500          1.000e-100    0             0             0.000         0.000         0.000         1.0000e-100   0             
 -------------------------------------------------------------------------------------------------------------------------------

================================================================================================================================
 KINETIC DATA - REACTION  30 Simple
  W6  => W5 
================================================================================================================================
 Change in moles in the reaction = 0
 Reaction order (forward)  = 1.000
 k = 1.140000e+03  [1/s] and [J/kmol]
 k = 1.140000e+03  [1/s] and [cal/mol]
 -------------------------------------------------------------------------------------------------------------------------------
    Temperature   kF            Keq           kR            DG            DH            DS            kF            kR
    [K]           [kmol,m3,s]   [-]           [kmol,m3,s]   [kcal/mol]    [kcal/mol]    [cal/mol/K]   [mol,cm3,s]   [mol,cm3,s]
 -------------------------------------------------------------------------------------------------------------------------------
    300           1.140e+03     0             0             0.000         0.000         0.000         1.1400e+03    0             
    1000          1.140e+03     0             0             0.000         0.000         0.000         1.1400e+03    0             
    1500          1.140e+03     0             0             0.000         0.000         0.000         1.1400e+03    0             
    2000          1.140e+03     0             0             0.000         0.000         0.000         1.1400e+03    0             
    2500          1.140e+03     0             0             0.000         0.000         0.000         1.1400e+03    0             
 -------------------------------------------------------------------------------------------------------------------------------

