-----------------------------------------------------------------------------------------------------------------------------------------------------
Name                              MW       Cp@298K        H@298K        G@298K        S@298K      Cp@1000K       H@1000K       G@1000K       S@1000K 
                           [kg/kmol]   [cal/mol/K]    [kcal/mol]    [kcal/mol]   [cal/mol/K]   [cal/mol/K]    [kcal/mol]    [kcal/mol]   [cal/mol/K] 
-----------------------------------------------------------------------------------------------------------------------------------------------------
AR                           39.9480        0.0000        0.0000        0.0000        0.0000        0.0000        0.0000        0.0000        0.0000
W1                           58.0360        0.0000        0.0000        0.0000        0.0000        0.0000        0.0000        0.0000        0.0000
W2                           58.0360        0.0000        0.0000        0.0000        0.0000        0.0000        0.0000        0.0000        0.0000
W3                           58.0360        0.0000        0.0000        0.0000        0.0000        0.0000        0.0000        0.0000        0.0000
W4                           58.0360        0.0000        0.0000        0.0000        0.0000        0.0000        0.0000        0.0000        0.0000
W5                           58.0360        0.0000        0.0000        0.0000        0.0000        0.0000        0.0000        0.0000        0.0000
W6                           58.0360        0.0000        0.0000        0.0000        0.0000        0.0000        0.0000        0.0000        0.0000
R                            29.0180        0.0000        0.0000        0.0000        0.0000        0.0000        0.0000        0.0000        0.0000
P1                           29.0180        0.0000        0.0000        0.0000        0.0000        0.0000        0.0000        0.0000        0.0000
P2                           29.0180        0.0000        0.0000        0.0000        0.0000        0.0000        0.0000        0.0000        0.0000
P3                           29.0180        0.0000        0.0000        0.0000        0.0000        0.0000        0.0000        0.0000        0.0000
P4                           29.0180        0.0000        0.0000        0.0000        0.0000        0.0000        0.0000        0.0000        0.0000
P5                           29.0180        0.0000        0.0000        0.0000        0.0000        0.0000        0.0000        0.0000        0.0000
P6                           29.0180        0.0000        0.0000        0.0000        0.0000        0.0000        0.0000        0.0000        0.0000
OH                           29.0180        0.0000        0.0000        0.0000        0.0000        0.0000        0.0000        0.0000        0.0000
CO                           29.0180        0.0000        0.0000        0.0000        0.0000        0.0000        0.0000        0.0000        0.0000
H                            29.0180        0.0000        0.0000        0.0000        0.0000        0.0000        0.0000        0.0000        0.0000
HCO                          29.0180        0.0000        0.0000        0.0000        0.0000        0.0000        0.0000        0.0000        0.0000
-----------------------------------------------------------------------------------------------------------------------------------------------------

 ====================================================================================================
   THERMO TABLE FOR MOLECULE AR
 ====================================================================================================
   Elemental Composition:
     AR 1.0000
   Formation Enthalpy at 298K =          0.0000 kcal/mol
   Formation Free Gibbs Energy at 298K = 0.0000 kcal/mol
   Molecular Weight =                    39.9480 kg/kmol
 -----------------------------------------------------------------------------------------------------
   Temperature       Cp             H             G            S             DH            DG         
       [K]       [cal/mol/K]    [kcal/mol]    [kcal/mol]  [cal/(mol-K)]  [kcal/mol]     [kcal/mol]    
 -----------------------------------------------------------------------------------------------------
     300.0000      0.0000        0.0000        0.0000        0.0000        0.0000        0.0000        
     600.0000      0.0000        0.0000        0.0000        0.0000        0.0000        0.0000        
     800.0000      0.0000        0.0000        0.0000        0.0000        0.0000        0.0000        
     1000.0000     0.0000        0.0000        0.0000        0.0000        0.0000        0.0000        
     1200.0000     0.0000        0.0000        0.0000        0.0000        0.0000        0.0000        
     1400.0000     0.0000        0.0000        0.0000        0.0000        0.0000        0.0000        
     1600.0000     0.0000        0.0000        0.0000        0.0000        0.0000        0.0000        
     1800.0000     0.0000        0.0000        0.0000        0.0000        0.0000        0.0000        
     2000.0000     0.0000        0.0000        0.0000        0.0000        0.0000        0.0000        
     2200.0000     0.0000        0.0000        0.0000        0.0000        0.0000        0.0000        
     2400.0000     0.0000        0.0000        0.0000        0.0000        0.0000        0.0000        
     2600.0000     0.0000        0.0000        0.0000        0.0000        0.0000        0.0000        
 -----------------------------------------------------------------------------------------------------


 ====================================================================================================
   THERMO TABLE FOR MOLECULE W1
 ====================================================================================================
   Elemental Composition:
     C 2.0000
     H 2.0000
     O 2.0000
   Formation Enthalpy at 298K =          0.0000 kcal/mol
   Formation Free Gibbs Energy at 298K = 0.0000 kcal/mol
   Molecular Weight =                    58.0360 kg/kmol
 -----------------------------------------------------------------------------------------------------
   Temperature       Cp             H             G            S             DH            DG         
       [K]       [cal/mol/K]    [kcal/mol]    [kcal/mol]  [cal/(mol-K)]  [kcal/mol]     [kcal/mol]    
 -----------------------------------------------------------------------------------------------------
     300.0000      0.0000        0.0000        0.0000        0.0000        0.0000        0.0000        
     600.0000      0.0000        0.0000        0.0000        0.0000        0.0000        0.0000        
     800.0000      0.0000        0.0000        0.0000        0.0000        0.0000        0.0000        
     1000.0000     0.0000        0.0000        0.0000        0.0000        0.0000        0.0000        
     1200.0000     0.0000        0.0000        0.0000        0.0000        0.0000        0.0000        
     1400.0000     0.0000        0.0000        0.0000        0.0000        0.0000        0.0000        
     1600.0000     0.0000        0.0000        0.0000        0.0000        0.0000        0.0000        
     1800.0000     0.0000        0.0000        0.0000        0.0000        0.0000        0.0000        
     2000.0000     0.0000        0.0000        0.0000        0.0000        0.0000        0.0000        
     2200.0000     0.0000        0.0000        0.0000        0.0000        0.0000        0.0000        
     2400.0000     0.0000        0.0000        0.0000        0.0000        0.0000        0.0000        
     2600.0000     0.0000        0.0000        0.0000        0.0000        0.0000        0.0000        
 -----------------------------------------------------------------------------------------------------


 ====================================================================================================
   THERMO TABLE FOR MOLECULE W2
 ====================================================================================================
   Elemental Composition:
     C 2.0000
     H 2.0000
     O 2.0000
   Formation Enthalpy at 298K =          0.0000 kcal/mol
   Formation Free Gibbs Energy at 298K = 0.0000 kcal/mol
   Molecular Weight =                    58.0360 kg/kmol
 -----------------------------------------------------------------------------------------------------
   Temperature       Cp             H             G            S             DH            DG         
       [K]       [cal/mol/K]    [kcal/mol]    [kcal/mol]  [cal/(mol-K)]  [kcal/mol]     [kcal/mol]    
 -----------------------------------------------------------------------------------------------------
     300.0000      0.0000        0.0000        0.0000        0.0000        0.0000        0.0000        
     600.0000      0.0000        0.0000        0.0000        0.0000        0.0000        0.0000        
     800.0000      0.0000        0.0000        0.0000        0.0000        0.0000        0.0000        
     1000.0000     0.0000        0.0000        0.0000        0.0000        0.0000        0.0000        
     1200.0000     0.0000        0.0000        0.0000        0.0000        0.0000        0.0000        
     1400.0000     0.0000        0.0000        0.0000        0.0000        0.0000        0.0000        
     1600.0000     0.0000        0.0000        0.0000        0.0000        0.0000        0.0000        
     1800.0000     0.0000        0.0000        0.0000        0.0000        0.0000        0.0000        
     2000.0000     0.0000        0.0000        0.0000        0.0000        0.0000        0.0000        
     2200.0000     0.0000        0.0000        0.0000        0.0000        0.0000        0.0000        
     2400.0000     0.0000        0.0000        0.0000        0.0000        0.0000        0.0000        
     2600.0000     0.0000        0.0000        0.0000        0.0000        0.0000        0.0000        
 -----------------------------------------------------------------------------------------------------


 ====================================================================================================
   THERMO TABLE FOR MOLECULE W3
 ====================================================================================================
   Elemental Composition:
     C 2.0000
     H 2.0000
     O 2.0000
   Formation Enthalpy at 298K =          0.0000 kcal/mol
   Formation Free Gibbs Energy at 298K = 0.0000 kcal/mol
   Molecular Weight =                    58.0360 kg/kmol
 -----------------------------------------------------------------------------------------------------
   Temperature       Cp             H             G            S             DH            DG         
       [K]       [cal/mol/K]    [kcal/mol]    [kcal/mol]  [cal/(mol-K)]  [kcal/mol]     [kcal/mol]    
 -----------------------------------------------------------------------------------------------------
     300.0000      0.0000        0.0000        0.0000        0.0000        0.0000        0.0000        
     600.0000      0.0000        0.0000        0.0000        0.0000        0.0000        0.0000        
     800.0000      0.0000        0.0000        0.0000        0.0000        0.0000        0.0000        
     1000.0000     0.0000        0.0000        0.0000        0.0000        0.0000        0.0000        
     1200.0000     0.0000        0.0000        0.0000        0.0000        0.0000        0.0000        
     1400.0000     0.0000        0.0000        0.0000        0.0000        0.0000        0.0000        
     1600.0000     0.0000        0.0000        0.0000        0.0000        0.0000        0.0000        
     1800.0000     0.0000        0.0000        0.0000        0.0000        0.0000        0.0000        
     2000.0000     0.0000        0.0000        0.0000        0.0000        0.0000        0.0000        
     2200.0000     0.0000        0.0000        0.0000        0.0000        0.0000        0.0000        
     2400.0000     0.0000        0.0000        0.0000        0.0000        0.0000        0.0000        
     2600.0000     0.0000        0.0000        0.0000        0.0000        0.0000        0.0000        
 -----------------------------------------------------------------------------------------------------


 ====================================================================================================
   THERMO TABLE FOR MOLECULE W4
 ====================================================================================================
   Elemental Composition:
     C 2.0000
     H 2.0000
     O 2.0000
   Formation Enthalpy at 298K =          0.0000 kcal/mol
   Formation Free Gibbs Energy at 298K = 0.0000 kcal/mol
   Molecular Weight =                    58.0360 kg/kmol
 -----------------------------------------------------------------------------------------------------
   Temperature       Cp             H             G            S             DH            DG         
       [K]       [cal/mol/K]    [kcal/mol]    [kcal/mol]  [cal/(mol-K)]  [kcal/mol]     [kcal/mol]    
 -----------------------------------------------------------------------------------------------------
     300.0000      0.0000        0.0000        0.0000        0.0000        0.0000        0.0000        
     600.0000      0.0000        0.0000        0.0000        0.0000        0.0000        0.0000        
     800.0000      0.0000        0.0000        0.0000        0.0000        0.0000        0.0000        
     1000.0000     0.0000        0.0000        0.0000        0.0000        0.0000        0.0000        
     1200.0000     0.0000        0.0000        0.0000        0.0000        0.0000        0.0000        
     1400.0000     0.0000        0.0000        0.0000        0.0000        0.0000        0.0000        
     1600.0000     0.0000        0.0000        0.0000        0.0000        0.0000        0.0000        
     1800.0000     0.0000        0.0000        0.0000        0.0000        0.0000        0.0000        
     2000.0000     0.0000        0.0000        0.0000        0.0000        0.0000        0.0000        
     2200.0000     0.0000        0.0000        0.0000        0.0000        0.0000        0.0000        
     2400.0000     0.0000        0.0000        0.0000        0.0000        0.0000        0.0000        
     2600.0000     0.0000        0.0000        0.0000        0.0000        0.0000        0.0000        
 -----------------------------------------------------------------------------------------------------


 ====================================================================================================
   THERMO TABLE FOR MOLECULE W5
 ====================================================================================================
   Elemental Composition:
     C 2.0000
     H 2.0000
     O 2.0000
   Formation Enthalpy at 298K =          0.0000 kcal/mol
   Formation Free Gibbs Energy at 298K = 0.0000 kcal/mol
   Molecular Weight =                    58.0360 kg/kmol
 -----------------------------------------------------------------------------------------------------
   Temperature       Cp             H             G            S             DH            DG         
       [K]       [cal/mol/K]    [kcal/mol]    [kcal/mol]  [cal/(mol-K)]  [kcal/mol]     [kcal/mol]    
 -----------------------------------------------------------------------------------------------------
     300.0000      0.0000        0.0000        0.0000        0.0000        0.0000        0.0000        
     600.0000      0.0000        0.0000        0.0000        0.0000        0.0000        0.0000        
     800.0000      0.0000        0.0000        0.0000        0.0000        0.0000        0.0000        
     1000.0000     0.0000        0.0000        0.0000        0.0000        0.0000        0.0000        
     1200.0000     0.0000        0.0000        0.0000        0.0000        0.0000        0.0000        
     1400.0000     0.0000        0.0000        0.0000        0.0000        0.0000        0.0000        
     1600.0000     0.0000        0.0000        0.0000        0.0000        0.0000        0.0000        
     1800.0000     0.0000        0.0000        0.0000        0.0000        0.0000        0.0000        
     2000.0000     0.0000        0.0000        0.0000        0.0000        0.0000        0.0000        
     2200.0000     0.0000        0.0000        0.0000        0.0000        0.0000        0.0000        
     2400.0000     0.0000        0.0000        0.0000        0.0000        0.0000        0.0000        
     2600.0000     0.0000        0.0000        0.0000        0.0000        0.0000        0.0000        
 -----------------------------------------------------------------------------------------------------


 ====================================================================================================
   THERMO TABLE FOR MOLECULE W6
 ====================================================================================================
   Elemental Composition:
     C 2.0000
     H 2.0000
     O 2.0000
   Formation Enthalpy at 298K =          0.0000 kcal/mol
   Formation Free Gibbs Energy at 298K = 0.0000 kcal/mol
   Molecular Weight =                    58.0360 kg/kmol
 -----------------------------------------------------------------------------------------------------
   Temperature       Cp             H             G            S             DH            DG         
       [K]       [cal/mol/K]    [kcal/mol]    [kcal/mol]  [cal/(mol-K)]  [kcal/mol]     [kcal/mol]    
 -----------------------------------------------------------------------------------------------------
     300.0000      0.0000        0.0000        0.0000        0.0000        0.0000        0.0000        
     600.0000      0.0000        0.0000        0.0000        0.0000        0.0000        0.0000        
     800.0000      0.0000        0.0000        0.0000        0.0000        0.0000        0.0000        
     1000.0000     0.0000        0.0000        0.0000        0.0000        0.0000        0.0000        
     1200.0000     0.0000        0.0000        0.0000        0.0000        0.0000        0.0000        
     1400.0000     0.0000        0.0000        0.0000        0.0000        0.0000        0.0000        
     1600.0000     0.0000        0.0000        0.0000        0.0000        0.0000        0.0000        
     1800.0000     0.0000        0.0000        0.0000        0.0000        0.0000        0.0000        
     2000.0000     0.0000        0.0000        0.0000        0.0000        0.0000        0.0000        
     2200.0000     0.0000        0.0000        0.0000        0.0000        0.0000        0.0000        
     2400.0000     0.0000        0.0000        0.0000        0.0000        0.0000        0.0000        
     2600.0000     0.0000        0.0000        0.0000        0.0000        0.0000        0.0000        
 -----------------------------------------------------------------------------------------------------


 ====================================================================================================
   THERMO TABLE FOR MOLECULE R
 ====================================================================================================
   Elemental Composition:
     C 1.0000
     H 1.0000
     O 1.0000
   Formation Enthalpy at 298K =          0.0000 kcal/mol
   Formation Free Gibbs Energy at 298K = 0.0000 kcal/mol
   Molecular Weight =                    29.0180 kg/kmol
 -----------------------------------------------------------------------------------------------------
   Temperature       Cp             H             G            S             DH            DG         
       [K]       [cal/mol/K]    [kcal/mol]    [kcal/mol]  [cal/(mol-K)]  [kcal/mol]     [kcal/mol]    
 -----------------------------------------------------------------------------------------------------
     300.0000      0.0000        0.0000        0.0000        0.0000        0.0000        0.0000        
     600.0000      0.0000        0.0000        0.0000        0.0000        0.0000        0.0000        
     800.0000      0.0000        0.0000        0.0000        0.0000        0.0000        0.0000        
     1000.0000     0.0000        0.0000        0.0000        0.0000        0.0000        0.0000        
     1200.0000     0.0000        0.0000        0.0000        0.0000        0.0000        0.0000        
     1400.0000     0.0000        0.0000        0.0000        0.0000        0.0000        0.0000        
     1600.0000     0.0000        0.0000        0.0000        0.0000        0.0000        0.0000        
     1800.0000     0.0000        0.0000        0.0000        0.0000        0.0000        0.0000        
     2000.0000     0.0000        0.0000        0.0000        0.0000        0.0000        0.0000        
     2200.0000     0.0000        0.0000        0.0000        0.0000        0.0000        0.0000        
     2400.0000     0.0000        0.0000        0.0000        0.0000        0.0000        0.0000        
     2600.0000     0.0000        0.0000        0.0000        0.0000        0.0000        0.0000        
 -----------------------------------------------------------------------------------------------------


 ====================================================================================================
   THERMO TABLE FOR MOLECULE P1
 ====================================================================================================
   Elemental Composition:
     C 1.0000
     H 1.0000
     O 1.0000
   Formation Enthalpy at 298K =          0.0000 kcal/mol
   Formation Free Gibbs Energy at 298K = 0.0000 kcal/mol
   Molecular Weight =                    29.0180 kg/kmol
 -----------------------------------------------------------------------------------------------------
   Temperature       Cp             H             G            S             DH            DG         
       [K]       [cal/mol/K]    [kcal/mol]    [kcal/mol]  [cal/(mol-K)]  [kcal/mol]     [kcal/mol]    
 -----------------------------------------------------------------------------------------------------
     300.0000      0.0000        0.0000        0.0000        0.0000        0.0000        0.0000        
     600.0000      0.0000        0.0000        0.0000        0.0000        0.0000        0.0000        
     800.0000      0.0000        0.0000        0.0000        0.0000        0.0000        0.0000        
     1000.0000     0.0000        0.0000        0.0000        0.0000        0.0000        0.0000        
     1200.0000     0.0000        0.0000        0.0000        0.0000        0.0000        0.0000        
     1400.0000     0.0000        0.0000        0.0000        0.0000        0.0000        0.0000        
     1600.0000     0.0000        0.0000        0.0000        0.0000        0.0000        0.0000        
     1800.0000     0.0000        0.0000        0.0000        0.0000        0.0000        0.0000        
     2000.0000     0.0000        0.0000        0.0000        0.0000        0.0000        0.0000        
     2200.0000     0.0000        0.0000        0.0000        0.0000        0.0000        0.0000        
     2400.0000     0.0000        0.0000        0.0000        0.0000        0.0000        0.0000        
     2600.0000     0.0000        0.0000        0.0000        0.0000        0.0000        0.0000        
 -----------------------------------------------------------------------------------------------------


 ====================================================================================================
   THERMO TABLE FOR MOLECULE P2
 ====================================================================================================
   Elemental Composition:
     C 1.0000
     H 1.0000
     O 1.0000
   Formation Enthalpy at 298K =          0.0000 kcal/mol
   Formation Free Gibbs Energy at 298K = 0.0000 kcal/mol
   Molecular Weight =                    29.0180 kg/kmol
 -----------------------------------------------------------------------------------------------------
   Temperature       Cp             H             G            S             DH            DG         
       [K]       [cal/mol/K]    [kcal/mol]    [kcal/mol]  [cal/(mol-K)]  [kcal/mol]     [kcal/mol]    
 -----------------------------------------------------------------------------------------------------
     300.0000      0.0000        0.0000        0.0000        0.0000        0.0000        0.0000        
     600.0000      0.0000        0.0000        0.0000        0.0000        0.0000        0.0000        
     800.0000      0.0000        0.0000        0.0000        0.0000        0.0000        0.0000        
     1000.0000     0.0000        0.0000        0.0000        0.0000        0.0000        0.0000        
     1200.0000     0.0000        0.0000        0.0000        0.0000        0.0000        0.0000        
     1400.0000     0.0000        0.0000        0.0000        0.0000        0.0000        0.0000        
     1600.0000     0.0000        0.0000        0.0000        0.0000        0.0000        0.0000        
     1800.0000     0.0000        0.0000        0.0000        0.0000        0.0000        0.0000        
     2000.0000     0.0000        0.0000        0.0000        0.0000        0.0000        0.0000        
     2200.0000     0.0000        0.0000        0.0000        0.0000        0.0000        0.0000        
     2400.0000     0.0000        0.0000        0.0000        0.0000        0.0000        0.0000        
     2600.0000     0.0000        0.0000        0.0000        0.0000        0.0000        0.0000        
 -----------------------------------------------------------------------------------------------------


 ====================================================================================================
   THERMO TABLE FOR MOLECULE P3
 ====================================================================================================
   Elemental Composition:
     C 1.0000
     H 1.0000
     O 1.0000
   Formation Enthalpy at 298K =          0.0000 kcal/mol
   Formation Free Gibbs Energy at 298K = 0.0000 kcal/mol
   Molecular Weight =                    29.0180 kg/kmol
 -----------------------------------------------------------------------------------------------------
   Temperature       Cp             H             G            S             DH            DG         
       [K]       [cal/mol/K]    [kcal/mol]    [kcal/mol]  [cal/(mol-K)]  [kcal/mol]     [kcal/mol]    
 -----------------------------------------------------------------------------------------------------
     300.0000      0.0000        0.0000        0.0000        0.0000        0.0000        0.0000        
     600.0000      0.0000        0.0000        0.0000        0.0000        0.0000        0.0000        
     800.0000      0.0000        0.0000        0.0000        0.0000        0.0000        0.0000        
     1000.0000     0.0000        0.0000        0.0000        0.0000        0.0000        0.0000        
     1200.0000     0.0000        0.0000        0.0000        0.0000        0.0000        0.0000        
     1400.0000     0.0000        0.0000        0.0000        0.0000        0.0000        0.0000        
     1600.0000     0.0000        0.0000        0.0000        0.0000        0.0000        0.0000        
     1800.0000     0.0000        0.0000        0.0000        0.0000        0.0000        0.0000        
     2000.0000     0.0000        0.0000        0.0000        0.0000        0.0000        0.0000        
     2200.0000     0.0000        0.0000        0.0000        0.0000        0.0000        0.0000        
     2400.0000     0.0000        0.0000        0.0000        0.0000        0.0000        0.0000        
     2600.0000     0.0000        0.0000        0.0000        0.0000        0.0000        0.0000        
 -----------------------------------------------------------------------------------------------------


 ====================================================================================================
   THERMO TABLE FOR MOLECULE P4
 ====================================================================================================
   Elemental Composition:
     C 1.0000
     H 1.0000
     O 1.0000
   Formation Enthalpy at 298K =          0.0000 kcal/mol
   Formation Free Gibbs Energy at 298K = 0.0000 kcal/mol
   Molecular Weight =                    29.0180 kg/kmol
 -----------------------------------------------------------------------------------------------------
   Temperature       Cp             H             G            S             DH            DG         
       [K]       [cal/mol/K]    [kcal/mol]    [kcal/mol]  [cal/(mol-K)]  [kcal/mol]     [kcal/mol]    
 -----------------------------------------------------------------------------------------------------
     300.0000      0.0000        0.0000        0.0000        0.0000        0.0000        0.0000        
     600.0000      0.0000        0.0000        0.0000        0.0000        0.0000        0.0000        
     800.0000      0.0000        0.0000        0.0000        0.0000        0.0000        0.0000        
     1000.0000     0.0000        0.0000        0.0000        0.0000        0.0000        0.0000        
     1200.0000     0.0000        0.0000        0.0000        0.0000        0.0000        0.0000        
     1400.0000     0.0000        0.0000        0.0000        0.0000        0.0000        0.0000        
     1600.0000     0.0000        0.0000        0.0000        0.0000        0.0000        0.0000        
     1800.0000     0.0000        0.0000        0.0000        0.0000        0.0000        0.0000        
     2000.0000     0.0000        0.0000        0.0000        0.0000        0.0000        0.0000        
     2200.0000     0.0000        0.0000        0.0000        0.0000        0.0000        0.0000        
     2400.0000     0.0000        0.0000        0.0000        0.0000        0.0000        0.0000        
     2600.0000     0.0000        0.0000        0.0000        0.0000        0.0000        0.0000        
 -----------------------------------------------------------------------------------------------------


 ====================================================================================================
   THERMO TABLE FOR MOLECULE P5
 ====================================================================================================
   Elemental Composition:
     C 1.0000
     H 1.0000
     O 1.0000
   Formation Enthalpy at 298K =          0.0000 kcal/mol
   Formation Free Gibbs Energy at 298K = 0.0000 kcal/mol
   Molecular Weight =                    29.0180 kg/kmol
 -----------------------------------------------------------------------------------------------------
   Temperature       Cp             H             G            S             DH            DG         
       [K]       [cal/mol/K]    [kcal/mol]    [kcal/mol]  [cal/(mol-K)]  [kcal/mol]     [kcal/mol]    
 -----------------------------------------------------------------------------------------------------
     300.0000      0.0000        0.0000        0.0000        0.0000        0.0000        0.0000        
     600.0000      0.0000        0.0000        0.0000        0.0000        0.0000        0.0000        
     800.0000      0.0000        0.0000        0.0000        0.0000        0.0000        0.0000        
     1000.0000     0.0000        0.0000        0.0000        0.0000        0.0000        0.0000        
     1200.0000     0.0000        0.0000        0.0000        0.0000        0.0000        0.0000        
     1400.0000     0.0000        0.0000        0.0000        0.0000        0.0000        0.0000        
     1600.0000     0.0000        0.0000        0.0000        0.0000        0.0000        0.0000        
     1800.0000     0.0000        0.0000        0.0000        0.0000        0.0000        0.0000        
     2000.0000     0.0000        0.0000        0.0000        0.0000        0.0000        0.0000        
     2200.0000     0.0000        0.0000        0.0000        0.0000        0.0000        0.0000        
     2400.0000     0.0000        0.0000        0.0000        0.0000        0.0000        0.0000        
     2600.0000     0.0000        0.0000        0.0000        0.0000        0.0000        0.0000        
 -----------------------------------------------------------------------------------------------------


 ====================================================================================================
   THERMO TABLE FOR MOLECULE P6
 ====================================================================================================
   Elemental Composition:
     C 1.0000
     H 1.0000
     O 1.0000
   Formation Enthalpy at 298K =          0.0000 kcal/mol
   Formation Free Gibbs Energy at 298K = 0.0000 kcal/mol
   Molecular Weight =                    29.0180 kg/kmol
 -----------------------------------------------------------------------------------------------------
   Temperature       Cp             H             G            S             DH            DG         
       [K]       [cal/mol/K]    [kcal/mol]    [kcal/mol]  [cal/(mol-K)]  [kcal/mol]     [kcal/mol]    
 -----------------------------------------------------------------------------------------------------
     300.0000      0.0000        0.0000        0.0000        0.0000        0.0000        0.0000        
     600.0000      0.0000        0.0000        0.0000        0.0000        0.0000        0.0000        
     800.0000      0.0000        0.0000        0.0000        0.0000        0.0000        0.0000        
     1000.0000     0.0000        0.0000        0.0000        0.0000        0.0000        0.0000        
     1200.0000     0.0000        0.0000        0.0000        0.0000        0.0000        0.0000        
     1400.0000     0.0000        0.0000        0.0000        0.0000        0.0000        0.0000        
     1600.0000     0.0000        0.0000        0.0000        0.0000        0.0000        0.0000        
     1800.0000     0.0000        0.0000        0.0000        0.0000        0.0000        0.0000        
     2000.0000     0.0000        0.0000        0.0000        0.0000        0.0000        0.0000        
     2200.0000     0.0000        0.0000        0.0000        0.0000        0.0000        0.0000        
     2400.0000     0.0000        0.0000        0.0000        0.0000        0.0000        0.0000        
     2600.0000     0.0000        0.0000        0.0000        0.0000        0.0000        0.0000        
 -----------------------------------------------------------------------------------------------------


 ====================================================================================================
   THERMO TABLE FOR MOLECULE OH
 ====================================================================================================
   Elemental Composition:
     C 1.0000
     H 1.0000
     O 1.0000
   Formation Enthalpy at 298K =          0.0000 kcal/mol
   Formation Free Gibbs Energy at 298K = 0.0000 kcal/mol
   Molecular Weight =                    29.0180 kg/kmol
 -----------------------------------------------------------------------------------------------------
   Temperature       Cp             H             G            S             DH            DG         
       [K]       [cal/mol/K]    [kcal/mol]    [kcal/mol]  [cal/(mol-K)]  [kcal/mol]     [kcal/mol]    
 -----------------------------------------------------------------------------------------------------
     300.0000      0.0000        0.0000        0.0000        0.0000        0.0000        0.0000        
     600.0000      0.0000        0.0000        0.0000        0.0000        0.0000        0.0000        
     800.0000      0.0000        0.0000        0.0000        0.0000        0.0000        0.0000        
     1000.0000     0.0000        0.0000        0.0000        0.0000        0.0000        0.0000        
     1200.0000     0.0000        0.0000        0.0000        0.0000        0.0000        0.0000        
     1400.0000     0.0000        0.0000        0.0000        0.0000        0.0000        0.0000        
     1600.0000     0.0000        0.0000        0.0000        0.0000        0.0000        0.0000        
     1800.0000     0.0000        0.0000        0.0000        0.0000        0.0000        0.0000        
     2000.0000     0.0000        0.0000        0.0000        0.0000        0.0000        0.0000        
     2200.0000     0.0000        0.0000        0.0000        0.0000        0.0000        0.0000        
     2400.0000     0.0000        0.0000        0.0000        0.0000        0.0000        0.0000        
     2600.0000     0.0000        0.0000        0.0000        0.0000        0.0000        0.0000        
 -----------------------------------------------------------------------------------------------------


 ====================================================================================================
   THERMO TABLE FOR MOLECULE CO
 ====================================================================================================
   Elemental Composition:
     C 1.0000
     H 1.0000
     O 1.0000
   Formation Enthalpy at 298K =          0.0000 kcal/mol
   Formation Free Gibbs Energy at 298K = 0.0000 kcal/mol
   Molecular Weight =                    29.0180 kg/kmol
 -----------------------------------------------------------------------------------------------------
   Temperature       Cp             H             G            S             DH            DG         
       [K]       [cal/mol/K]    [kcal/mol]    [kcal/mol]  [cal/(mol-K)]  [kcal/mol]     [kcal/mol]    
 -----------------------------------------------------------------------------------------------------
     300.0000      0.0000        0.0000        0.0000        0.0000        0.0000        0.0000        
     600.0000      0.0000        0.0000        0.0000        0.0000        0.0000        0.0000        
     800.0000      0.0000        0.0000        0.0000        0.0000        0.0000        0.0000        
     1000.0000     0.0000        0.0000        0.0000        0.0000        0.0000        0.0000        
     1200.0000     0.0000        0.0000        0.0000        0.0000        0.0000        0.0000        
     1400.0000     0.0000        0.0000        0.0000        0.0000        0.0000        0.0000        
     1600.0000     0.0000        0.0000        0.0000        0.0000        0.0000        0.0000        
     1800.0000     0.0000        0.0000        0.0000        0.0000        0.0000        0.0000        
     2000.0000     0.0000        0.0000        0.0000        0.0000        0.0000        0.0000        
     2200.0000     0.0000        0.0000        0.0000        0.0000        0.0000        0.0000        
     2400.0000     0.0000        0.0000        0.0000        0.0000        0.0000        0.0000        
     2600.0000     0.0000        0.0000        0.0000        0.0000        0.0000        0.0000        
 -----------------------------------------------------------------------------------------------------


 ====================================================================================================
   THERMO TABLE FOR MOLECULE H
 ====================================================================================================
   Elemental Composition:
     C 1.0000
     H 1.0000
     O 1.0000
   Formation Enthalpy at 298K =          0.0000 kcal/mol
   Formation Free Gibbs Energy at 298K = 0.0000 kcal/mol
   Molecular Weight =                    29.0180 kg/kmol
 -----------------------------------------------------------------------------------------------------
   Temperature       Cp             H             G            S             DH            DG         
       [K]       [cal/mol/K]    [kcal/mol]    [kcal/mol]  [cal/(mol-K)]  [kcal/mol]     [kcal/mol]    
 -----------------------------------------------------------------------------------------------------
     300.0000      0.0000        0.0000        0.0000        0.0000        0.0000        0.0000        
     600.0000      0.0000        0.0000        0.0000        0.0000        0.0000        0.0000        
     800.0000      0.0000        0.0000        0.0000        0.0000        0.0000        0.0000        
     1000.0000     0.0000        0.0000        0.0000        0.0000        0.0000        0.0000        
     1200.0000     0.0000        0.0000        0.0000        0.0000        0.0000        0.0000        
     1400.0000     0.0000        0.0000        0.0000        0.0000        0.0000        0.0000        
     1600.0000     0.0000        0.0000        0.0000        0.0000        0.0000        0.0000        
     1800.0000     0.0000        0.0000        0.0000        0.0000        0.0000        0.0000        
     2000.0000     0.0000        0.0000        0.0000        0.0000        0.0000        0.0000        
     2200.0000     0.0000        0.0000        0.0000        0.0000        0.0000        0.0000        
     2400.0000     0.0000        0.0000        0.0000        0.0000        0.0000        0.0000        
     2600.0000     0.0000        0.0000        0.0000        0.0000        0.0000        0.0000        
 -----------------------------------------------------------------------------------------------------


 ====================================================================================================
   THERMO TABLE FOR MOLECULE HCO
 ====================================================================================================
   Elemental Composition:
     C 1.0000
     H 1.0000
     O 1.0000
   Formation Enthalpy at 298K =          0.0000 kcal/mol
   Formation Free Gibbs Energy at 298K = 0.0000 kcal/mol
   Molecular Weight =                    29.0180 kg/kmol
 -----------------------------------------------------------------------------------------------------
   Temperature       Cp             H             G            S             DH            DG         
       [K]       [cal/mol/K]    [kcal/mol]    [kcal/mol]  [cal/(mol-K)]  [kcal/mol]     [kcal/mol]    
 -----------------------------------------------------------------------------------------------------
     300.0000      0.0000        0.0000        0.0000        0.0000        0.0000        0.0000        
     600.0000      0.0000        0.0000        0.0000        0.0000        0.0000        0.0000        
     800.0000      0.0000        0.0000        0.0000        0.0000        0.0000        0.0000        
     1000.0000     0.0000        0.0000        0.0000        0.0000        0.0000        0.0000        
     1200.0000     0.0000        0.0000        0.0000        0.0000        0.0000        0.0000        
     1400.0000     0.0000        0.0000        0.0000        0.0000        0.0000        0.0000        
     1600.0000     0.0000        0.0000        0.0000        0.0000        0.0000        0.0000        
     1800.0000     0.0000        0.0000        0.0000        0.0000        0.0000        0.0000        
     2000.0000     0.0000        0.0000        0.0000        0.0000        0.0000        0.0000        
     2200.0000     0.0000        0.0000        0.0000        0.0000        0.0000        0.0000        
     2400.0000     0.0000        0.0000        0.0000        0.0000        0.0000        0.0000        
     2600.0000     0.0000        0.0000        0.0000        0.0000        0.0000        0.0000        
 -----------------------------------------------------------------------------------------------------


